mode: atomic
github.com/IBM/eventstreams-go-sdk/pkg/adminrestv1/adminrest_v1.go:56.105,57.31 1 0
github.com/IBM/eventstreams-go-sdk/pkg/adminrestv1/adminrest_v1.go:61.2,61.34 1 0
github.com/IBM/eventstreams-go-sdk/pkg/adminrestv1/adminrest_v1.go:68.2,69.16 2 0
github.com/IBM/eventstreams-go-sdk/pkg/adminrestv1/adminrest_v1.go:73.2,74.16 2 0
github.com/IBM/eventstreams-go-sdk/pkg/adminrestv1/adminrest_v1.go:78.2,78.23 1 0
github.com/IBM/eventstreams-go-sdk/pkg/adminrestv1/adminrest_v1.go:81.2,81.8 1 0
github.com/IBM/eventstreams-go-sdk/pkg/adminrestv1/adminrest_v1.go:57.31,59.3 1 0
github.com/IBM/eventstreams-go-sdk/pkg/adminrestv1/adminrest_v1.go:61.34,63.17 2 0
github.com/IBM/eventstreams-go-sdk/pkg/adminrestv1/adminrest_v1.go:63.17,65.4 1 0
github.com/IBM/eventstreams-go-sdk/pkg/adminrestv1/adminrest_v1.go:69.16,71.3 1 0
github.com/IBM/eventstreams-go-sdk/pkg/adminrestv1/adminrest_v1.go:74.16,76.3 1 0
github.com/IBM/eventstreams-go-sdk/pkg/adminrestv1/adminrest_v1.go:78.23,80.3 1 0
github.com/IBM/eventstreams-go-sdk/pkg/adminrestv1/adminrest_v1.go:85.84,92.16 3 0
github.com/IBM/eventstreams-go-sdk/pkg/adminrestv1/adminrest_v1.go:96.2,96.23 1 0
github.com/IBM/eventstreams-go-sdk/pkg/adminrestv1/adminrest_v1.go:103.2,107.8 2 0
github.com/IBM/eventstreams-go-sdk/pkg/adminrestv1/adminrest_v1.go:92.16,94.3 1 0
github.com/IBM/eventstreams-go-sdk/pkg/adminrestv1/adminrest_v1.go:96.23,98.17 2 0
github.com/IBM/eventstreams-go-sdk/pkg/adminrestv1/adminrest_v1.go:98.17,100.4 1 0
github.com/IBM/eventstreams-go-sdk/pkg/adminrestv1/adminrest_v1.go:111.60,113.2 1 0
github.com/IBM/eventstreams-go-sdk/pkg/adminrestv1/adminrest_v1.go:116.52,117.27 1 0
github.com/IBM/eventstreams-go-sdk/pkg/adminrestv1/adminrest_v1.go:120.2,122.15 3 0
github.com/IBM/eventstreams-go-sdk/pkg/adminrestv1/adminrest_v1.go:117.27,119.3 1 0
github.com/IBM/eventstreams-go-sdk/pkg/adminrestv1/adminrest_v1.go:126.63,128.2 1 0
github.com/IBM/eventstreams-go-sdk/pkg/adminrestv1/adminrest_v1.go:131.54,133.2 1 0
github.com/IBM/eventstreams-go-sdk/pkg/adminrestv1/adminrest_v1.go:136.70,138.2 1 0
github.com/IBM/eventstreams-go-sdk/pkg/adminrestv1/adminrest_v1.go:141.73,143.2 1 0
github.com/IBM/eventstreams-go-sdk/pkg/adminrestv1/adminrest_v1.go:146.63,148.2 1 0
github.com/IBM/eventstreams-go-sdk/pkg/adminrestv1/adminrest_v1.go:152.93,154.2 1 0
github.com/IBM/eventstreams-go-sdk/pkg/adminrestv1/adminrest_v1.go:157.48,159.2 1 0
github.com/IBM/eventstreams-go-sdk/pkg/adminrestv1/adminrest_v1.go:163.128,165.2 1 0
github.com/IBM/eventstreams-go-sdk/pkg/adminrestv1/adminrest_v1.go:168.160,170.16 2 0
github.com/IBM/eventstreams-go-sdk/pkg/adminrestv1/adminrest_v1.go:173.2,174.16 2 0
github.com/IBM/eventstreams-go-sdk/pkg/adminrestv1/adminrest_v1.go:178.2,182.16 5 0
github.com/IBM/eventstreams-go-sdk/pkg/adminrestv1/adminrest_v1.go:186.2,186.66 1 0
github.com/IBM/eventstreams-go-sdk/pkg/adminrestv1/adminrest_v1.go:190.2,191.50 2 0
github.com/IBM/eventstreams-go-sdk/pkg/adminrestv1/adminrest_v1.go:194.2,198.36 4 0
github.com/IBM/eventstreams-go-sdk/pkg/adminrestv1/adminrest_v1.go:201.2,201.42 1 0
github.com/IBM/eventstreams-go-sdk/pkg/adminrestv1/adminrest_v1.go:204.2,204.46 1 0
github.com/IBM/eventstreams-go-sdk/pkg/adminrestv1/adminrest_v1.go:207.2,207.39 1 0
github.com/IBM/eventstreams-go-sdk/pkg/adminrestv1/adminrest_v1.go:210.2,211.16 2 0
github.com/IBM/eventstreams-go-sdk/pkg/adminrestv1/adminrest_v1.go:215.2,216.16 2 0
github.com/IBM/eventstreams-go-sdk/pkg/adminrestv1/adminrest_v1.go:220.2,222.8 2 0
github.com/IBM/eventstreams-go-sdk/pkg/adminrestv1/adminrest_v1.go:170.16,172.3 1 0
github.com/IBM/eventstreams-go-sdk/pkg/adminrestv1/adminrest_v1.go:174.16,176.3 1 0
github.com/IBM/eventstreams-go-sdk/pkg/adminrestv1/adminrest_v1.go:182.16,184.3 1 0
github.com/IBM/eventstreams-go-sdk/pkg/adminrestv1/adminrest_v1.go:186.66,188.3 1 0
github.com/IBM/eventstreams-go-sdk/pkg/adminrestv1/adminrest_v1.go:191.50,193.3 1 0
github.com/IBM/eventstreams-go-sdk/pkg/adminrestv1/adminrest_v1.go:198.36,200.3 1 0
github.com/IBM/eventstreams-go-sdk/pkg/adminrestv1/adminrest_v1.go:201.42,203.3 1 0
github.com/IBM/eventstreams-go-sdk/pkg/adminrestv1/adminrest_v1.go:204.46,206.3 1 0
github.com/IBM/eventstreams-go-sdk/pkg/adminrestv1/adminrest_v1.go:207.39,209.3 1 0
github.com/IBM/eventstreams-go-sdk/pkg/adminrestv1/adminrest_v1.go:211.16,213.3 1 0
github.com/IBM/eventstreams-go-sdk/pkg/adminrestv1/adminrest_v1.go:216.16,218.3 1 0
github.com/IBM/eventstreams-go-sdk/pkg/adminrestv1/adminrest_v1.go:228.147,230.2 1 0
github.com/IBM/eventstreams-go-sdk/pkg/adminrestv1/adminrest_v1.go:233.179,235.16 2 0
github.com/IBM/eventstreams-go-sdk/pkg/adminrestv1/adminrest_v1.go:239.2,243.16 5 0
github.com/IBM/eventstreams-go-sdk/pkg/adminrestv1/adminrest_v1.go:247.2,247.65 1 0
github.com/IBM/eventstreams-go-sdk/pkg/adminrestv1/adminrest_v1.go:251.2,252.50 2 0
github.com/IBM/eventstreams-go-sdk/pkg/adminrestv1/adminrest_v1.go:255.2,257.42 2 0
github.com/IBM/eventstreams-go-sdk/pkg/adminrestv1/adminrest_v1.go:260.2,260.38 1 0
github.com/IBM/eventstreams-go-sdk/pkg/adminrestv1/adminrest_v1.go:263.2,263.35 1 0
github.com/IBM/eventstreams-go-sdk/pkg/adminrestv1/adminrest_v1.go:267.2,268.16 2 0
github.com/IBM/eventstreams-go-sdk/pkg/adminrestv1/adminrest_v1.go:272.2,274.16 3 0
github.com/IBM/eventstreams-go-sdk/pkg/adminrestv1/adminrest_v1.go:277.2,278.16 2 0
github.com/IBM/eventstreams-go-sdk/pkg/adminrestv1/adminrest_v1.go:281.2,283.8 2 0
github.com/IBM/eventstreams-go-sdk/pkg/adminrestv1/adminrest_v1.go:235.16,237.3 1 0
github.com/IBM/eventstreams-go-sdk/pkg/adminrestv1/adminrest_v1.go:243.16,245.3 1 0
github.com/IBM/eventstreams-go-sdk/pkg/adminrestv1/adminrest_v1.go:247.65,249.3 1 0
github.com/IBM/eventstreams-go-sdk/pkg/adminrestv1/adminrest_v1.go:252.50,254.3 1 0
github.com/IBM/eventstreams-go-sdk/pkg/adminrestv1/adminrest_v1.go:257.42,259.3 1 0
github.com/IBM/eventstreams-go-sdk/pkg/adminrestv1/adminrest_v1.go:260.38,262.3 1 0
github.com/IBM/eventstreams-go-sdk/pkg/adminrestv1/adminrest_v1.go:263.35,265.3 1 0
github.com/IBM/eventstreams-go-sdk/pkg/adminrestv1/adminrest_v1.go:268.16,270.3 1 0
github.com/IBM/eventstreams-go-sdk/pkg/adminrestv1/adminrest_v1.go:274.16,276.3 1 0
github.com/IBM/eventstreams-go-sdk/pkg/adminrestv1/adminrest_v1.go:278.16,280.3 1 0
github.com/IBM/eventstreams-go-sdk/pkg/adminrestv1/adminrest_v1.go:288.140,290.2 1 0
github.com/IBM/eventstreams-go-sdk/pkg/adminrestv1/adminrest_v1.go:293.172,295.16 2 0
github.com/IBM/eventstreams-go-sdk/pkg/adminrestv1/adminrest_v1.go:298.2,299.16 2 0
github.com/IBM/eventstreams-go-sdk/pkg/adminrestv1/adminrest_v1.go:303.2,311.16 6 0
github.com/IBM/eventstreams-go-sdk/pkg/adminrestv1/adminrest_v1.go:315.2,315.63 1 0
github.com/IBM/eventstreams-go-sdk/pkg/adminrestv1/adminrest_v1.go:319.2,320.50 2 0
github.com/IBM/eventstreams-go-sdk/pkg/adminrestv1/adminrest_v1.go:323.2,326.16 3 0
github.com/IBM/eventstreams-go-sdk/pkg/adminrestv1/adminrest_v1.go:330.2,332.16 3 0
github.com/IBM/eventstreams-go-sdk/pkg/adminrestv1/adminrest_v1.go:335.2,336.16 2 0
github.com/IBM/eventstreams-go-sdk/pkg/adminrestv1/adminrest_v1.go:339.2,341.8 2 0
github.com/IBM/eventstreams-go-sdk/pkg/adminrestv1/adminrest_v1.go:295.16,297.3 1 0
github.com/IBM/eventstreams-go-sdk/pkg/adminrestv1/adminrest_v1.go:299.16,301.3 1 0
github.com/IBM/eventstreams-go-sdk/pkg/adminrestv1/adminrest_v1.go:311.16,313.3 1 0
github.com/IBM/eventstreams-go-sdk/pkg/adminrestv1/adminrest_v1.go:315.63,317.3 1 0
github.com/IBM/eventstreams-go-sdk/pkg/adminrestv1/adminrest_v1.go:320.50,322.3 1 0
github.com/IBM/eventstreams-go-sdk/pkg/adminrestv1/adminrest_v1.go:326.16,328.3 1 0
github.com/IBM/eventstreams-go-sdk/pkg/adminrestv1/adminrest_v1.go:332.16,334.3 1 0
github.com/IBM/eventstreams-go-sdk/pkg/adminrestv1/adminrest_v1.go:336.16,338.3 1 0
github.com/IBM/eventstreams-go-sdk/pkg/adminrestv1/adminrest_v1.go:346.128,348.2 1 0
github.com/IBM/eventstreams-go-sdk/pkg/adminrestv1/adminrest_v1.go:351.160,353.16 2 0
github.com/IBM/eventstreams-go-sdk/pkg/adminrestv1/adminrest_v1.go:356.2,357.16 2 0
github.com/IBM/eventstreams-go-sdk/pkg/adminrestv1/adminrest_v1.go:361.2,369.16 6 0
github.com/IBM/eventstreams-go-sdk/pkg/adminrestv1/adminrest_v1.go:373.2,373.66 1 0
github.com/IBM/eventstreams-go-sdk/pkg/adminrestv1/adminrest_v1.go:377.2,378.50 2 0
github.com/IBM/eventstreams-go-sdk/pkg/adminrestv1/adminrest_v1.go:381.2,384.16 3 0
github.com/IBM/eventstreams-go-sdk/pkg/adminrestv1/adminrest_v1.go:388.2,390.8 2 0
github.com/IBM/eventstreams-go-sdk/pkg/adminrestv1/adminrest_v1.go:353.16,355.3 1 0
github.com/IBM/eventstreams-go-sdk/pkg/adminrestv1/adminrest_v1.go:357.16,359.3 1 0
github.com/IBM/eventstreams-go-sdk/pkg/adminrestv1/adminrest_v1.go:369.16,371.3 1 0
github.com/IBM/eventstreams-go-sdk/pkg/adminrestv1/adminrest_v1.go:373.66,375.3 1 0
github.com/IBM/eventstreams-go-sdk/pkg/adminrestv1/adminrest_v1.go:378.50,380.3 1 0
github.com/IBM/eventstreams-go-sdk/pkg/adminrestv1/adminrest_v1.go:384.16,386.3 1 0
github.com/IBM/eventstreams-go-sdk/pkg/adminrestv1/adminrest_v1.go:395.128,397.2 1 0
github.com/IBM/eventstreams-go-sdk/pkg/adminrestv1/adminrest_v1.go:400.160,402.16 2 0
github.com/IBM/eventstreams-go-sdk/pkg/adminrestv1/adminrest_v1.go:405.2,406.16 2 0
github.com/IBM/eventstreams-go-sdk/pkg/adminrestv1/adminrest_v1.go:410.2,418.16 6 0
github.com/IBM/eventstreams-go-sdk/pkg/adminrestv1/adminrest_v1.go:422.2,422.66 1 0
github.com/IBM/eventstreams-go-sdk/pkg/adminrestv1/adminrest_v1.go:426.2,427.50 2 0
github.com/IBM/eventstreams-go-sdk/pkg/adminrestv1/adminrest_v1.go:430.2,434.54 4 0
github.com/IBM/eventstreams-go-sdk/pkg/adminrestv1/adminrest_v1.go:437.2,437.39 1 0
github.com/IBM/eventstreams-go-sdk/pkg/adminrestv1/adminrest_v1.go:440.2,441.16 2 0
github.com/IBM/eventstreams-go-sdk/pkg/adminrestv1/adminrest_v1.go:445.2,446.16 2 0
github.com/IBM/eventstreams-go-sdk/pkg/adminrestv1/adminrest_v1.go:450.2,452.8 2 0
github.com/IBM/eventstreams-go-sdk/pkg/adminrestv1/adminrest_v1.go:402.16,404.3 1 0
github.com/IBM/eventstreams-go-sdk/pkg/adminrestv1/adminrest_v1.go:406.16,408.3 1 0
github.com/IBM/eventstreams-go-sdk/pkg/adminrestv1/adminrest_v1.go:418.16,420.3 1 0
github.com/IBM/eventstreams-go-sdk/pkg/adminrestv1/adminrest_v1.go:422.66,424.3 1 0
github.com/IBM/eventstreams-go-sdk/pkg/adminrestv1/adminrest_v1.go:427.50,429.3 1 0
github.com/IBM/eventstreams-go-sdk/pkg/adminrestv1/adminrest_v1.go:434.54,436.3 1 0
github.com/IBM/eventstreams-go-sdk/pkg/adminrestv1/adminrest_v1.go:437.39,439.3 1 0
github.com/IBM/eventstreams-go-sdk/pkg/adminrestv1/adminrest_v1.go:441.16,443.3 1 0
github.com/IBM/eventstreams-go-sdk/pkg/adminrestv1/adminrest_v1.go:446.16,448.3 1 0
github.com/IBM/eventstreams-go-sdk/pkg/adminrestv1/adminrest_v1.go:457.206,459.2 1 0
github.com/IBM/eventstreams-go-sdk/pkg/adminrestv1/adminrest_v1.go:462.238,464.16 2 0
github.com/IBM/eventstreams-go-sdk/pkg/adminrestv1/adminrest_v1.go:468.2,472.16 5 0
github.com/IBM/eventstreams-go-sdk/pkg/adminrestv1/adminrest_v1.go:476.2,476.81 1 0
github.com/IBM/eventstreams-go-sdk/pkg/adminrestv1/adminrest_v1.go:480.2,481.50 2 0
github.com/IBM/eventstreams-go-sdk/pkg/adminrestv1/adminrest_v1.go:484.2,487.16 3 0
github.com/IBM/eventstreams-go-sdk/pkg/adminrestv1/adminrest_v1.go:491.2,493.16 3 0
github.com/IBM/eventstreams-go-sdk/pkg/adminrestv1/adminrest_v1.go:496.2,497.16 2 0
github.com/IBM/eventstreams-go-sdk/pkg/adminrestv1/adminrest_v1.go:500.2,502.8 2 0
github.com/IBM/eventstreams-go-sdk/pkg/adminrestv1/adminrest_v1.go:464.16,466.3 1 0
github.com/IBM/eventstreams-go-sdk/pkg/adminrestv1/adminrest_v1.go:472.16,474.3 1 0
github.com/IBM/eventstreams-go-sdk/pkg/adminrestv1/adminrest_v1.go:476.81,478.3 1 0
github.com/IBM/eventstreams-go-sdk/pkg/adminrestv1/adminrest_v1.go:481.50,483.3 1 0
github.com/IBM/eventstreams-go-sdk/pkg/adminrestv1/adminrest_v1.go:487.16,489.3 1 0
github.com/IBM/eventstreams-go-sdk/pkg/adminrestv1/adminrest_v1.go:493.16,495.3 1 0
github.com/IBM/eventstreams-go-sdk/pkg/adminrestv1/adminrest_v1.go:497.16,499.3 1 0
github.com/IBM/eventstreams-go-sdk/pkg/adminrestv1/adminrest_v1.go:507.218,509.2 1 0
github.com/IBM/eventstreams-go-sdk/pkg/adminrestv1/adminrest_v1.go:512.250,514.16 2 0
github.com/IBM/eventstreams-go-sdk/pkg/adminrestv1/adminrest_v1.go:517.2,518.16 2 0
github.com/IBM/eventstreams-go-sdk/pkg/adminrestv1/adminrest_v1.go:522.2,526.16 5 0
github.com/IBM/eventstreams-go-sdk/pkg/adminrestv1/adminrest_v1.go:530.2,530.85 1 0
github.com/IBM/eventstreams-go-sdk/pkg/adminrestv1/adminrest_v1.go:534.2,535.50 2 0
github.com/IBM/eventstreams-go-sdk/pkg/adminrestv1/adminrest_v1.go:538.2,542.59 4 0
github.com/IBM/eventstreams-go-sdk/pkg/adminrestv1/adminrest_v1.go:545.2,546.16 2 0
github.com/IBM/eventstreams-go-sdk/pkg/adminrestv1/adminrest_v1.go:550.2,551.16 2 0
github.com/IBM/eventstreams-go-sdk/pkg/adminrestv1/adminrest_v1.go:555.2,557.16 3 0
github.com/IBM/eventstreams-go-sdk/pkg/adminrestv1/adminrest_v1.go:560.2,561.16 2 0
github.com/IBM/eventstreams-go-sdk/pkg/adminrestv1/adminrest_v1.go:564.2,566.8 2 0
github.com/IBM/eventstreams-go-sdk/pkg/adminrestv1/adminrest_v1.go:514.16,516.3 1 0
github.com/IBM/eventstreams-go-sdk/pkg/adminrestv1/adminrest_v1.go:518.16,520.3 1 0
github.com/IBM/eventstreams-go-sdk/pkg/adminrestv1/adminrest_v1.go:526.16,528.3 1 0
github.com/IBM/eventstreams-go-sdk/pkg/adminrestv1/adminrest_v1.go:530.85,532.3 1 0
github.com/IBM/eventstreams-go-sdk/pkg/adminrestv1/adminrest_v1.go:535.50,537.3 1 0
github.com/IBM/eventstreams-go-sdk/pkg/adminrestv1/adminrest_v1.go:542.59,544.3 1 0
github.com/IBM/eventstreams-go-sdk/pkg/adminrestv1/adminrest_v1.go:546.16,548.3 1 0
github.com/IBM/eventstreams-go-sdk/pkg/adminrestv1/adminrest_v1.go:551.16,553.3 1 0
github.com/IBM/eventstreams-go-sdk/pkg/adminrestv1/adminrest_v1.go:557.16,559.3 1 0
github.com/IBM/eventstreams-go-sdk/pkg/adminrestv1/adminrest_v1.go:561.16,563.3 1 0
github.com/IBM/eventstreams-go-sdk/pkg/adminrestv1/adminrest_v1.go:571.198,573.2 1 0
github.com/IBM/eventstreams-go-sdk/pkg/adminrestv1/adminrest_v1.go:576.230,578.16 2 0
github.com/IBM/eventstreams-go-sdk/pkg/adminrestv1/adminrest_v1.go:582.2,586.16 5 0
github.com/IBM/eventstreams-go-sdk/pkg/adminrestv1/adminrest_v1.go:590.2,590.79 1 0
github.com/IBM/eventstreams-go-sdk/pkg/adminrestv1/adminrest_v1.go:594.2,595.50 2 0
github.com/IBM/eventstreams-go-sdk/pkg/adminrestv1/adminrest_v1.go:598.2,601.16 3 0
github.com/IBM/eventstreams-go-sdk/pkg/adminrestv1/adminrest_v1.go:605.2,607.16 3 0
github.com/IBM/eventstreams-go-sdk/pkg/adminrestv1/adminrest_v1.go:610.2,611.16 2 0
github.com/IBM/eventstreams-go-sdk/pkg/adminrestv1/adminrest_v1.go:614.2,616.8 2 0
github.com/IBM/eventstreams-go-sdk/pkg/adminrestv1/adminrest_v1.go:578.16,580.3 1 0
github.com/IBM/eventstreams-go-sdk/pkg/adminrestv1/adminrest_v1.go:586.16,588.3 1 0
github.com/IBM/eventstreams-go-sdk/pkg/adminrestv1/adminrest_v1.go:590.79,592.3 1 0
github.com/IBM/eventstreams-go-sdk/pkg/adminrestv1/adminrest_v1.go:595.50,597.3 1 0
github.com/IBM/eventstreams-go-sdk/pkg/adminrestv1/adminrest_v1.go:601.16,603.3 1 0
github.com/IBM/eventstreams-go-sdk/pkg/adminrestv1/adminrest_v1.go:607.16,609.3 1 0
github.com/IBM/eventstreams-go-sdk/pkg/adminrestv1/adminrest_v1.go:611.16,613.3 1 0
github.com/IBM/eventstreams-go-sdk/pkg/adminrestv1/adminrest_v1.go:638.65,640.2 1 0
github.com/IBM/eventstreams-go-sdk/pkg/adminrestv1/adminrest_v1.go:643.77,646.2 2 0
github.com/IBM/eventstreams-go-sdk/pkg/adminrestv1/adminrest_v1.go:649.88,652.2 2 0
github.com/IBM/eventstreams-go-sdk/pkg/adminrestv1/adminrest_v1.go:655.96,658.2 2 0
github.com/IBM/eventstreams-go-sdk/pkg/adminrestv1/adminrest_v1.go:661.91,664.2 2 0
github.com/IBM/eventstreams-go-sdk/pkg/adminrestv1/adminrest_v1.go:667.92,670.2 2 0
github.com/IBM/eventstreams-go-sdk/pkg/adminrestv1/adminrest_v1.go:682.81,686.2 1 0
github.com/IBM/eventstreams-go-sdk/pkg/adminrestv1/adminrest_v1.go:689.87,692.2 2 0
github.com/IBM/eventstreams-go-sdk/pkg/adminrestv1/adminrest_v1.go:695.92,698.2 2 0
github.com/IBM/eventstreams-go-sdk/pkg/adminrestv1/adminrest_v1.go:708.91,710.2 1 0
github.com/IBM/eventstreams-go-sdk/pkg/adminrestv1/adminrest_v1.go:713.118,716.2 2 0
github.com/IBM/eventstreams-go-sdk/pkg/adminrestv1/adminrest_v1.go:726.95,728.2 1 0
github.com/IBM/eventstreams-go-sdk/pkg/adminrestv1/adminrest_v1.go:731.122,734.2 2 0
github.com/IBM/eventstreams-go-sdk/pkg/adminrestv1/adminrest_v1.go:746.75,750.2 1 0
github.com/IBM/eventstreams-go-sdk/pkg/adminrestv1/adminrest_v1.go:753.81,756.2 2 0
github.com/IBM/eventstreams-go-sdk/pkg/adminrestv1/adminrest_v1.go:759.86,762.2 2 0
github.com/IBM/eventstreams-go-sdk/pkg/adminrestv1/adminrest_v1.go:783.63,785.2 1 0
github.com/IBM/eventstreams-go-sdk/pkg/adminrestv1/adminrest_v1.go:788.89,791.2 2 0
github.com/IBM/eventstreams-go-sdk/pkg/adminrestv1/adminrest_v1.go:794.80,797.2 2 0
github.com/IBM/eventstreams-go-sdk/pkg/adminrestv1/adminrest_v1.go:800.74,803.2 2 0
github.com/IBM/eventstreams-go-sdk/pkg/adminrestv1/adminrest_v1.go:806.90,809.2 2 0
github.com/IBM/eventstreams-go-sdk/pkg/adminrestv1/adminrest_v1.go:820.103,822.2 1 0
github.com/IBM/eventstreams-go-sdk/pkg/adminrestv1/adminrest_v1.go:825.125,828.2 2 0
github.com/IBM/eventstreams-go-sdk/pkg/adminrestv1/adminrest_v1.go:831.130,834.2 2 0
github.com/IBM/eventstreams-go-sdk/pkg/adminrestv1/adminrest_v1.go:842.102,845.16 3 0
github.com/IBM/eventstreams-go-sdk/pkg/adminrestv1/adminrest_v1.go:848.2,849.8 2 0
github.com/IBM/eventstreams-go-sdk/pkg/adminrestv1/adminrest_v1.go:845.16,847.3 1 0
github.com/IBM/eventstreams-go-sdk/pkg/adminrestv1/adminrest_v1.go:869.81,873.2 1 0
github.com/IBM/eventstreams-go-sdk/pkg/adminrestv1/adminrest_v1.go:876.87,879.2 2 0
github.com/IBM/eventstreams-go-sdk/pkg/adminrestv1/adminrest_v1.go:882.112,885.2 2 0
github.com/IBM/eventstreams-go-sdk/pkg/adminrestv1/adminrest_v1.go:888.91,891.2 2 0
github.com/IBM/eventstreams-go-sdk/pkg/adminrestv1/adminrest_v1.go:894.92,897.2 2 0
github.com/IBM/eventstreams-go-sdk/pkg/adminrestv1/adminrest_v1.go:909.90,912.16 3 0
github.com/IBM/eventstreams-go-sdk/pkg/adminrestv1/adminrest_v1.go:915.2,916.16 2 0
github.com/IBM/eventstreams-go-sdk/pkg/adminrestv1/adminrest_v1.go:919.2,920.8 2 0
github.com/IBM/eventstreams-go-sdk/pkg/adminrestv1/adminrest_v1.go:912.16,914.3 1 0
github.com/IBM/eventstreams-go-sdk/pkg/adminrestv1/adminrest_v1.go:916.16,918.3 1 0
github.com/IBM/eventstreams-go-sdk/pkg/adminrestv1/adminrest_v1.go:936.90,939.16 3 0
github.com/IBM/eventstreams-go-sdk/pkg/adminrestv1/adminrest_v1.go:942.2,943.16 2 0
github.com/IBM/eventstreams-go-sdk/pkg/adminrestv1/adminrest_v1.go:946.2,947.16 2 0
github.com/IBM/eventstreams-go-sdk/pkg/adminrestv1/adminrest_v1.go:950.2,951.8 2 0
github.com/IBM/eventstreams-go-sdk/pkg/adminrestv1/adminrest_v1.go:939.16,941.3 1 0
github.com/IBM/eventstreams-go-sdk/pkg/adminrestv1/adminrest_v1.go:943.16,945.3 1 0
github.com/IBM/eventstreams-go-sdk/pkg/adminrestv1/adminrest_v1.go:947.16,949.3 1 0
github.com/IBM/eventstreams-go-sdk/pkg/adminrestv1/adminrest_v1.go:960.99,963.16 3 0
github.com/IBM/eventstreams-go-sdk/pkg/adminrestv1/adminrest_v1.go:966.2,967.8 2 0
github.com/IBM/eventstreams-go-sdk/pkg/adminrestv1/adminrest_v1.go:963.16,965.3 1 0
github.com/IBM/eventstreams-go-sdk/pkg/adminrestv1/adminrest_v1.go:976.101,979.16 3 0
github.com/IBM/eventstreams-go-sdk/pkg/adminrestv1/adminrest_v1.go:982.2,983.8 2 0
github.com/IBM/eventstreams-go-sdk/pkg/adminrestv1/adminrest_v1.go:979.16,981.3 1 0
github.com/IBM/eventstreams-go-sdk/pkg/adminrestv1/adminrest_v1.go:995.95,998.16 3 0
github.com/IBM/eventstreams-go-sdk/pkg/adminrestv1/adminrest_v1.go:1001.2,1002.16 2 0
github.com/IBM/eventstreams-go-sdk/pkg/adminrestv1/adminrest_v1.go:1005.2,1006.8 2 0
github.com/IBM/eventstreams-go-sdk/pkg/adminrestv1/adminrest_v1.go:998.16,1000.3 1 0
github.com/IBM/eventstreams-go-sdk/pkg/adminrestv1/adminrest_v1.go:1002.16,1004.3 1 0
github.com/IBM/eventstreams-go-sdk/pkg/adminrestv1/adminrest_v1.go:1034.90,1037.16 3 0
github.com/IBM/eventstreams-go-sdk/pkg/adminrestv1/adminrest_v1.go:1040.2,1041.16 2 0
github.com/IBM/eventstreams-go-sdk/pkg/adminrestv1/adminrest_v1.go:1044.2,1045.16 2 0
github.com/IBM/eventstreams-go-sdk/pkg/adminrestv1/adminrest_v1.go:1048.2,1049.16 2 0
github.com/IBM/eventstreams-go-sdk/pkg/adminrestv1/adminrest_v1.go:1052.2,1053.16 2 0
github.com/IBM/eventstreams-go-sdk/pkg/adminrestv1/adminrest_v1.go:1056.2,1057.16 2 0
github.com/IBM/eventstreams-go-sdk/pkg/adminrestv1/adminrest_v1.go:1060.2,1061.16 2 0
github.com/IBM/eventstreams-go-sdk/pkg/adminrestv1/adminrest_v1.go:1064.2,1065.8 2 0
github.com/IBM/eventstreams-go-sdk/pkg/adminrestv1/adminrest_v1.go:1037.16,1039.3 1 0
github.com/IBM/eventstreams-go-sdk/pkg/adminrestv1/adminrest_v1.go:1041.16,1043.3 1 0
github.com/IBM/eventstreams-go-sdk/pkg/adminrestv1/adminrest_v1.go:1045.16,1047.3 1 0
github.com/IBM/eventstreams-go-sdk/pkg/adminrestv1/adminrest_v1.go:1049.16,1051.3 1 0
github.com/IBM/eventstreams-go-sdk/pkg/adminrestv1/adminrest_v1.go:1053.16,1055.3 1 0
github.com/IBM/eventstreams-go-sdk/pkg/adminrestv1/adminrest_v1.go:1057.16,1059.3 1 0
github.com/IBM/eventstreams-go-sdk/pkg/adminrestv1/adminrest_v1.go:1061.16,1063.3 1 0
github.com/IBM/eventstreams-go-sdk/pkg/adminrestv1/adminrest_v1.go:1092.89,1095.16 3 0
github.com/IBM/eventstreams-go-sdk/pkg/adminrestv1/adminrest_v1.go:1098.2,1099.16 2 0
github.com/IBM/eventstreams-go-sdk/pkg/adminrestv1/adminrest_v1.go:1102.2,1103.16 2 0
github.com/IBM/eventstreams-go-sdk/pkg/adminrestv1/adminrest_v1.go:1106.2,1107.16 2 0
github.com/IBM/eventstreams-go-sdk/pkg/adminrestv1/adminrest_v1.go:1110.2,1111.16 2 0
github.com/IBM/eventstreams-go-sdk/pkg/adminrestv1/adminrest_v1.go:1114.2,1115.16 2 0
github.com/IBM/eventstreams-go-sdk/pkg/adminrestv1/adminrest_v1.go:1118.2,1119.16 2 0
github.com/IBM/eventstreams-go-sdk/pkg/adminrestv1/adminrest_v1.go:1122.2,1123.8 2 0
github.com/IBM/eventstreams-go-sdk/pkg/adminrestv1/adminrest_v1.go:1095.16,1097.3 1 0
github.com/IBM/eventstreams-go-sdk/pkg/adminrestv1/adminrest_v1.go:1099.16,1101.3 1 0
github.com/IBM/eventstreams-go-sdk/pkg/adminrestv1/adminrest_v1.go:1103.16,1105.3 1 0
github.com/IBM/eventstreams-go-sdk/pkg/adminrestv1/adminrest_v1.go:1107.16,1109.3 1 0
github.com/IBM/eventstreams-go-sdk/pkg/adminrestv1/adminrest_v1.go:1111.16,1113.3 1 0
github.com/IBM/eventstreams-go-sdk/pkg/adminrestv1/adminrest_v1.go:1115.16,1117.3 1 0
github.com/IBM/eventstreams-go-sdk/pkg/adminrestv1/adminrest_v1.go:1119.16,1121.3 1 0
github.com/IBM/eventstreams-go-sdk/example.go:28.13,33.15 4 0
github.com/IBM/eventstreams-go-sdk/example.go:38.2,38.39 1 0
github.com/IBM/eventstreams-go-sdk/example.go:43.2,43.39 1 0
github.com/IBM/eventstreams-go-sdk/example.go:48.2,50.18 2 0
github.com/IBM/eventstreams-go-sdk/example.go:70.2,76.23 2 0
github.com/IBM/eventstreams-go-sdk/example.go:82.2,87.16 5 0
github.com/IBM/eventstreams-go-sdk/example.go:92.2,94.16 3 0
github.com/IBM/eventstreams-go-sdk/example.go:99.2,101.16 3 0
github.com/IBM/eventstreams-go-sdk/example.go:106.2,108.16 3 0
github.com/IBM/eventstreams-go-sdk/example.go:113.2,115.16 3 0
github.com/IBM/eventstreams-go-sdk/example.go:120.2,122.16 3 0
github.com/IBM/eventstreams-go-sdk/example.go:149.2,151.16 3 0
github.com/IBM/eventstreams-go-sdk/example.go:156.2,158.16 3 0
github.com/IBM/eventstreams-go-sdk/example.go:33.15,36.3 2 0
github.com/IBM/eventstreams-go-sdk/example.go:38.39,41.3 2 0
github.com/IBM/eventstreams-go-sdk/example.go:43.39,46.3 2 0
github.com/IBM/eventstreams-go-sdk/example.go:50.18,54.17 3 0
github.com/IBM/eventstreams-go-sdk/example.go:54.17,57.4 2 0
github.com/IBM/eventstreams-go-sdk/example.go:58.8,62.17 3 0
github.com/IBM/eventstreams-go-sdk/example.go:62.17,65.4 2 0
github.com/IBM/eventstreams-go-sdk/example.go:76.23,79.3 2 0
github.com/IBM/eventstreams-go-sdk/example.go:87.16,90.3 2 0
github.com/IBM/eventstreams-go-sdk/example.go:94.16,97.3 2 0
github.com/IBM/eventstreams-go-sdk/example.go:101.16,104.3 2 0
github.com/IBM/eventstreams-go-sdk/example.go:108.16,111.3 2 0
github.com/IBM/eventstreams-go-sdk/example.go:115.16,118.3 2 0
github.com/IBM/eventstreams-go-sdk/example.go:122.16,125.3 2 0
github.com/IBM/eventstreams-go-sdk/example.go:151.16,154.3 2 0
github.com/IBM/eventstreams-go-sdk/example.go:158.16,161.3 2 0
github.com/IBM/eventstreams-go-sdk/example.go:164.60,170.25 3 0
github.com/IBM/eventstreams-go-sdk/example.go:175.2,175.42 1 0
github.com/IBM/eventstreams-go-sdk/example.go:180.2,180.37 1 0
github.com/IBM/eventstreams-go-sdk/example.go:183.2,183.12 1 0
github.com/IBM/eventstreams-go-sdk/example.go:170.25,172.3 1 0
github.com/IBM/eventstreams-go-sdk/example.go:175.42,177.3 1 0
github.com/IBM/eventstreams-go-sdk/example.go:180.37,182.3 1 0
github.com/IBM/eventstreams-go-sdk/example.go:186.62,193.25 4 0
github.com/IBM/eventstreams-go-sdk/example.go:198.2,198.42 1 0
github.com/IBM/eventstreams-go-sdk/example.go:203.2,222.55 7 0
github.com/IBM/eventstreams-go-sdk/example.go:226.2,226.12 1 0
github.com/IBM/eventstreams-go-sdk/example.go:193.25,195.3 1 0
github.com/IBM/eventstreams-go-sdk/example.go:198.42,200.3 1 0
github.com/IBM/eventstreams-go-sdk/example.go:222.55,224.3 1 0
github.com/IBM/eventstreams-go-sdk/example.go:230.61,238.25 5 0
github.com/IBM/eventstreams-go-sdk/example.go:243.2,243.48 1 0
github.com/IBM/eventstreams-go-sdk/example.go:247.2,249.12 2 0
github.com/IBM/eventstreams-go-sdk/example.go:238.25,240.3 1 0
github.com/IBM/eventstreams-go-sdk/example.go:243.48,245.3 1 0
github.com/IBM/eventstreams-go-sdk/example.go:252.61,259.25 4 0
github.com/IBM/eventstreams-go-sdk/example.go:264.2,264.48 1 0
github.com/IBM/eventstreams-go-sdk/example.go:268.2,269.12 2 0
github.com/IBM/eventstreams-go-sdk/example.go:259.25,261.3 1 0
github.com/IBM/eventstreams-go-sdk/example.go:264.48,266.3 1 0
github.com/IBM/eventstreams-go-sdk/example.go:272.68,280.25 5 0
github.com/IBM/eventstreams-go-sdk/example.go:285.2,285.48 1 0
github.com/IBM/eventstreams-go-sdk/example.go:289.2,291.12 2 0
github.com/IBM/eventstreams-go-sdk/example.go:280.25,282.3 1 0
github.com/IBM/eventstreams-go-sdk/example.go:285.48,287.3 1 0
github.com/IBM/eventstreams-go-sdk/example.go:295.80,302.25 4 0
github.com/IBM/eventstreams-go-sdk/example.go:307.2,307.48 1 0
github.com/IBM/eventstreams-go-sdk/example.go:312.2,312.44 1 0
github.com/IBM/eventstreams-go-sdk/example.go:316.2,316.12 1 0
github.com/IBM/eventstreams-go-sdk/example.go:302.25,304.3 1 0
github.com/IBM/eventstreams-go-sdk/example.go:307.48,309.3 1 0
github.com/IBM/eventstreams-go-sdk/example.go:312.44,314.3 1 0
github.com/IBM/eventstreams-go-sdk/example.go:320.77,326.25 3 0
github.com/IBM/eventstreams-go-sdk/example.go:331.2,331.48 1 0
github.com/IBM/eventstreams-go-sdk/example.go:336.2,336.44 1 0
github.com/IBM/eventstreams-go-sdk/example.go:340.2,340.12 1 0
github.com/IBM/eventstreams-go-sdk/example.go:326.25,328.3 1 0
github.com/IBM/eventstreams-go-sdk/example.go:331.48,333.3 1 0
github.com/IBM/eventstreams-go-sdk/example.go:336.44,338.3 1 0
github.com/IBM/eventstreams-go-sdk/example.go:344.74,350.25 3 0
github.com/IBM/eventstreams-go-sdk/example.go:355.2,355.48 1 0
github.com/IBM/eventstreams-go-sdk/example.go:360.2,360.48 1 0
github.com/IBM/eventstreams-go-sdk/example.go:364.2,364.12 1 0
github.com/IBM/eventstreams-go-sdk/example.go:350.25,352.3 1 0
github.com/IBM/eventstreams-go-sdk/example.go:355.48,357.3 1 0
github.com/IBM/eventstreams-go-sdk/example.go:360.48,362.3 1 0
github.com/IBM/eventstreams-go-sdk/pkg/schemaregistryv1/schemaregistry_v1.go:54.125,55.31 1 0
github.com/IBM/eventstreams-go-sdk/pkg/schemaregistryv1/schemaregistry_v1.go:59.2,59.34 1 0
github.com/IBM/eventstreams-go-sdk/pkg/schemaregistryv1/schemaregistry_v1.go:66.2,67.16 2 0
github.com/IBM/eventstreams-go-sdk/pkg/schemaregistryv1/schemaregistry_v1.go:71.2,72.16 2 0
github.com/IBM/eventstreams-go-sdk/pkg/schemaregistryv1/schemaregistry_v1.go:76.2,76.23 1 0
github.com/IBM/eventstreams-go-sdk/pkg/schemaregistryv1/schemaregistry_v1.go:79.2,79.8 1 0
github.com/IBM/eventstreams-go-sdk/pkg/schemaregistryv1/schemaregistry_v1.go:55.31,57.3 1 0
github.com/IBM/eventstreams-go-sdk/pkg/schemaregistryv1/schemaregistry_v1.go:59.34,61.17 2 0
github.com/IBM/eventstreams-go-sdk/pkg/schemaregistryv1/schemaregistry_v1.go:61.17,63.4 1 0
github.com/IBM/eventstreams-go-sdk/pkg/schemaregistryv1/schemaregistry_v1.go:67.16,69.3 1 0
github.com/IBM/eventstreams-go-sdk/pkg/schemaregistryv1/schemaregistry_v1.go:72.16,74.3 1 0
github.com/IBM/eventstreams-go-sdk/pkg/schemaregistryv1/schemaregistry_v1.go:76.23,78.3 1 0
github.com/IBM/eventstreams-go-sdk/pkg/schemaregistryv1/schemaregistry_v1.go:83.99,89.16 3 0
github.com/IBM/eventstreams-go-sdk/pkg/schemaregistryv1/schemaregistry_v1.go:93.2,93.23 1 0
github.com/IBM/eventstreams-go-sdk/pkg/schemaregistryv1/schemaregistry_v1.go:100.2,104.8 2 0
github.com/IBM/eventstreams-go-sdk/pkg/schemaregistryv1/schemaregistry_v1.go:89.16,91.3 1 0
github.com/IBM/eventstreams-go-sdk/pkg/schemaregistryv1/schemaregistry_v1.go:93.23,95.17 2 0
github.com/IBM/eventstreams-go-sdk/pkg/schemaregistryv1/schemaregistry_v1.go:95.17,97.4 1 0
github.com/IBM/eventstreams-go-sdk/pkg/schemaregistryv1/schemaregistry_v1.go:108.60,110.2 1 0
github.com/IBM/eventstreams-go-sdk/pkg/schemaregistryv1/schemaregistry_v1.go:113.67,114.32 1 0
github.com/IBM/eventstreams-go-sdk/pkg/schemaregistryv1/schemaregistry_v1.go:117.2,119.15 3 0
github.com/IBM/eventstreams-go-sdk/pkg/schemaregistryv1/schemaregistry_v1.go:114.32,116.3 1 0
github.com/IBM/eventstreams-go-sdk/pkg/schemaregistryv1/schemaregistry_v1.go:123.73,125.2 1 0
github.com/IBM/eventstreams-go-sdk/pkg/schemaregistryv1/schemaregistry_v1.go:128.64,130.2 1 0
github.com/IBM/eventstreams-go-sdk/pkg/schemaregistryv1/schemaregistry_v1.go:133.80,135.2 1 0
github.com/IBM/eventstreams-go-sdk/pkg/schemaregistryv1/schemaregistry_v1.go:138.83,140.2 1 0
github.com/IBM/eventstreams-go-sdk/pkg/schemaregistryv1/schemaregistry_v1.go:143.73,145.2 1 0
github.com/IBM/eventstreams-go-sdk/pkg/schemaregistryv1/schemaregistry_v1.go:149.103,151.2 1 0
github.com/IBM/eventstreams-go-sdk/pkg/schemaregistryv1/schemaregistry_v1.go:154.58,156.2 1 0
github.com/IBM/eventstreams-go-sdk/pkg/schemaregistryv1/schemaregistry_v1.go:161.158,163.2 1 0
github.com/IBM/eventstreams-go-sdk/pkg/schemaregistryv1/schemaregistry_v1.go:166.190,168.16 2 0
github.com/IBM/eventstreams-go-sdk/pkg/schemaregistryv1/schemaregistry_v1.go:171.2,172.16 2 0
github.com/IBM/eventstreams-go-sdk/pkg/schemaregistryv1/schemaregistry_v1.go:176.2,184.16 6 0
github.com/IBM/eventstreams-go-sdk/pkg/schemaregistryv1/schemaregistry_v1.go:188.2,188.68 1 0
github.com/IBM/eventstreams-go-sdk/pkg/schemaregistryv1/schemaregistry_v1.go:192.2,193.50 2 0
github.com/IBM/eventstreams-go-sdk/pkg/schemaregistryv1/schemaregistry_v1.go:196.2,199.16 3 0
github.com/IBM/eventstreams-go-sdk/pkg/schemaregistryv1/schemaregistry_v1.go:203.2,205.16 3 0
github.com/IBM/eventstreams-go-sdk/pkg/schemaregistryv1/schemaregistry_v1.go:208.2,208.24 1 0
github.com/IBM/eventstreams-go-sdk/pkg/schemaregistryv1/schemaregistry_v1.go:216.2,216.8 1 0
github.com/IBM/eventstreams-go-sdk/pkg/schemaregistryv1/schemaregistry_v1.go:168.16,170.3 1 0
github.com/IBM/eventstreams-go-sdk/pkg/schemaregistryv1/schemaregistry_v1.go:172.16,174.3 1 0
github.com/IBM/eventstreams-go-sdk/pkg/schemaregistryv1/schemaregistry_v1.go:184.16,186.3 1 0
github.com/IBM/eventstreams-go-sdk/pkg/schemaregistryv1/schemaregistry_v1.go:188.68,190.3 1 0
github.com/IBM/eventstreams-go-sdk/pkg/schemaregistryv1/schemaregistry_v1.go:193.50,195.3 1 0
github.com/IBM/eventstreams-go-sdk/pkg/schemaregistryv1/schemaregistry_v1.go:199.16,201.3 1 0
github.com/IBM/eventstreams-go-sdk/pkg/schemaregistryv1/schemaregistry_v1.go:205.16,207.3 1 0
github.com/IBM/eventstreams-go-sdk/pkg/schemaregistryv1/schemaregistry_v1.go:208.24,210.17 2 0
github.com/IBM/eventstreams-go-sdk/pkg/schemaregistryv1/schemaregistry_v1.go:213.3,213.27 1 0
github.com/IBM/eventstreams-go-sdk/pkg/schemaregistryv1/schemaregistry_v1.go:210.17,212.4 1 0
github.com/IBM/eventstreams-go-sdk/pkg/schemaregistryv1/schemaregistry_v1.go:222.167,224.2 1 0
github.com/IBM/eventstreams-go-sdk/pkg/schemaregistryv1/schemaregistry_v1.go:227.199,229.16 2 0
github.com/IBM/eventstreams-go-sdk/pkg/schemaregistryv1/schemaregistry_v1.go:232.2,233.16 2 0
github.com/IBM/eventstreams-go-sdk/pkg/schemaregistryv1/schemaregistry_v1.go:237.2,245.16 6 0
github.com/IBM/eventstreams-go-sdk/pkg/schemaregistryv1/schemaregistry_v1.go:249.2,249.71 1 0
github.com/IBM/eventstreams-go-sdk/pkg/schemaregistryv1/schemaregistry_v1.go:253.2,254.50 2 0
github.com/IBM/eventstreams-go-sdk/pkg/schemaregistryv1/schemaregistry_v1.go:257.2,261.41 4 0
github.com/IBM/eventstreams-go-sdk/pkg/schemaregistryv1/schemaregistry_v1.go:264.2,264.43 1 0
github.com/IBM/eventstreams-go-sdk/pkg/schemaregistryv1/schemaregistry_v1.go:267.2,267.39 1 0
github.com/IBM/eventstreams-go-sdk/pkg/schemaregistryv1/schemaregistry_v1.go:270.2,271.16 2 0
github.com/IBM/eventstreams-go-sdk/pkg/schemaregistryv1/schemaregistry_v1.go:275.2,276.16 2 0
github.com/IBM/eventstreams-go-sdk/pkg/schemaregistryv1/schemaregistry_v1.go:280.2,282.16 3 0
github.com/IBM/eventstreams-go-sdk/pkg/schemaregistryv1/schemaregistry_v1.go:285.2,285.24 1 0
github.com/IBM/eventstreams-go-sdk/pkg/schemaregistryv1/schemaregistry_v1.go:293.2,293.8 1 0
github.com/IBM/eventstreams-go-sdk/pkg/schemaregistryv1/schemaregistry_v1.go:229.16,231.3 1 0
github.com/IBM/eventstreams-go-sdk/pkg/schemaregistryv1/schemaregistry_v1.go:233.16,235.3 1 0
github.com/IBM/eventstreams-go-sdk/pkg/schemaregistryv1/schemaregistry_v1.go:245.16,247.3 1 0
github.com/IBM/eventstreams-go-sdk/pkg/schemaregistryv1/schemaregistry_v1.go:249.71,251.3 1 0
github.com/IBM/eventstreams-go-sdk/pkg/schemaregistryv1/schemaregistry_v1.go:254.50,256.3 1 0
github.com/IBM/eventstreams-go-sdk/pkg/schemaregistryv1/schemaregistry_v1.go:261.41,263.3 1 0
github.com/IBM/eventstreams-go-sdk/pkg/schemaregistryv1/schemaregistry_v1.go:264.43,266.3 1 0
github.com/IBM/eventstreams-go-sdk/pkg/schemaregistryv1/schemaregistry_v1.go:267.39,269.3 1 0
github.com/IBM/eventstreams-go-sdk/pkg/schemaregistryv1/schemaregistry_v1.go:271.16,273.3 1 0
github.com/IBM/eventstreams-go-sdk/pkg/schemaregistryv1/schemaregistry_v1.go:276.16,278.3 1 0
github.com/IBM/eventstreams-go-sdk/pkg/schemaregistryv1/schemaregistry_v1.go:282.16,284.3 1 0
github.com/IBM/eventstreams-go-sdk/pkg/schemaregistryv1/schemaregistry_v1.go:285.24,287.17 2 0
github.com/IBM/eventstreams-go-sdk/pkg/schemaregistryv1/schemaregistry_v1.go:290.3,290.27 1 0
github.com/IBM/eventstreams-go-sdk/pkg/schemaregistryv1/schemaregistry_v1.go:287.17,289.4 1 0
github.com/IBM/eventstreams-go-sdk/pkg/schemaregistryv1/schemaregistry_v1.go:299.167,301.2 1 0
github.com/IBM/eventstreams-go-sdk/pkg/schemaregistryv1/schemaregistry_v1.go:304.199,306.16 2 0
github.com/IBM/eventstreams-go-sdk/pkg/schemaregistryv1/schemaregistry_v1.go:309.2,310.16 2 0
github.com/IBM/eventstreams-go-sdk/pkg/schemaregistryv1/schemaregistry_v1.go:314.2,322.16 6 0
github.com/IBM/eventstreams-go-sdk/pkg/schemaregistryv1/schemaregistry_v1.go:326.2,326.71 1 0
github.com/IBM/eventstreams-go-sdk/pkg/schemaregistryv1/schemaregistry_v1.go:330.2,331.50 2 0
github.com/IBM/eventstreams-go-sdk/pkg/schemaregistryv1/schemaregistry_v1.go:334.2,338.44 4 0
github.com/IBM/eventstreams-go-sdk/pkg/schemaregistryv1/schemaregistry_v1.go:341.2,341.46 1 0
github.com/IBM/eventstreams-go-sdk/pkg/schemaregistryv1/schemaregistry_v1.go:344.2,344.42 1 0
github.com/IBM/eventstreams-go-sdk/pkg/schemaregistryv1/schemaregistry_v1.go:347.2,348.16 2 0
github.com/IBM/eventstreams-go-sdk/pkg/schemaregistryv1/schemaregistry_v1.go:352.2,353.16 2 0
github.com/IBM/eventstreams-go-sdk/pkg/schemaregistryv1/schemaregistry_v1.go:357.2,359.16 3 0
github.com/IBM/eventstreams-go-sdk/pkg/schemaregistryv1/schemaregistry_v1.go:362.2,362.24 1 0
github.com/IBM/eventstreams-go-sdk/pkg/schemaregistryv1/schemaregistry_v1.go:370.2,370.8 1 0
github.com/IBM/eventstreams-go-sdk/pkg/schemaregistryv1/schemaregistry_v1.go:306.16,308.3 1 0
github.com/IBM/eventstreams-go-sdk/pkg/schemaregistryv1/schemaregistry_v1.go:310.16,312.3 1 0
github.com/IBM/eventstreams-go-sdk/pkg/schemaregistryv1/schemaregistry_v1.go:322.16,324.3 1 0
github.com/IBM/eventstreams-go-sdk/pkg/schemaregistryv1/schemaregistry_v1.go:326.71,328.3 1 0
github.com/IBM/eventstreams-go-sdk/pkg/schemaregistryv1/schemaregistry_v1.go:331.50,333.3 1 0
github.com/IBM/eventstreams-go-sdk/pkg/schemaregistryv1/schemaregistry_v1.go:338.44,340.3 1 0
github.com/IBM/eventstreams-go-sdk/pkg/schemaregistryv1/schemaregistry_v1.go:341.46,343.3 1 0
github.com/IBM/eventstreams-go-sdk/pkg/schemaregistryv1/schemaregistry_v1.go:344.42,346.3 1 0
github.com/IBM/eventstreams-go-sdk/pkg/schemaregistryv1/schemaregistry_v1.go:348.16,350.3 1 0
github.com/IBM/eventstreams-go-sdk/pkg/schemaregistryv1/schemaregistry_v1.go:353.16,355.3 1 0
github.com/IBM/eventstreams-go-sdk/pkg/schemaregistryv1/schemaregistry_v1.go:359.16,361.3 1 0
github.com/IBM/eventstreams-go-sdk/pkg/schemaregistryv1/schemaregistry_v1.go:362.24,364.17 2 0
github.com/IBM/eventstreams-go-sdk/pkg/schemaregistryv1/schemaregistry_v1.go:367.3,367.27 1 0
github.com/IBM/eventstreams-go-sdk/pkg/schemaregistryv1/schemaregistry_v1.go:364.17,366.4 1 0
github.com/IBM/eventstreams-go-sdk/pkg/schemaregistryv1/schemaregistry_v1.go:376.158,378.2 1 0
github.com/IBM/eventstreams-go-sdk/pkg/schemaregistryv1/schemaregistry_v1.go:381.190,383.16 2 0
github.com/IBM/eventstreams-go-sdk/pkg/schemaregistryv1/schemaregistry_v1.go:386.2,387.16 2 0
github.com/IBM/eventstreams-go-sdk/pkg/schemaregistryv1/schemaregistry_v1.go:391.2,400.16 6 0
github.com/IBM/eventstreams-go-sdk/pkg/schemaregistryv1/schemaregistry_v1.go:404.2,404.68 1 0
github.com/IBM/eventstreams-go-sdk/pkg/schemaregistryv1/schemaregistry_v1.go:408.2,409.50 2 0
github.com/IBM/eventstreams-go-sdk/pkg/schemaregistryv1/schemaregistry_v1.go:412.2,415.16 3 0
github.com/IBM/eventstreams-go-sdk/pkg/schemaregistryv1/schemaregistry_v1.go:419.2,421.16 3 0
github.com/IBM/eventstreams-go-sdk/pkg/schemaregistryv1/schemaregistry_v1.go:424.2,424.24 1 0
github.com/IBM/eventstreams-go-sdk/pkg/schemaregistryv1/schemaregistry_v1.go:432.2,432.8 1 0
github.com/IBM/eventstreams-go-sdk/pkg/schemaregistryv1/schemaregistry_v1.go:383.16,385.3 1 0
github.com/IBM/eventstreams-go-sdk/pkg/schemaregistryv1/schemaregistry_v1.go:387.16,389.3 1 0
github.com/IBM/eventstreams-go-sdk/pkg/schemaregistryv1/schemaregistry_v1.go:400.16,402.3 1 0
github.com/IBM/eventstreams-go-sdk/pkg/schemaregistryv1/schemaregistry_v1.go:404.68,406.3 1 0
github.com/IBM/eventstreams-go-sdk/pkg/schemaregistryv1/schemaregistry_v1.go:409.50,411.3 1 0
github.com/IBM/eventstreams-go-sdk/pkg/schemaregistryv1/schemaregistry_v1.go:415.16,417.3 1 0
github.com/IBM/eventstreams-go-sdk/pkg/schemaregistryv1/schemaregistry_v1.go:421.16,423.3 1 0
github.com/IBM/eventstreams-go-sdk/pkg/schemaregistryv1/schemaregistry_v1.go:424.24,426.17 2 0
github.com/IBM/eventstreams-go-sdk/pkg/schemaregistryv1/schemaregistry_v1.go:429.3,429.27 1 0
github.com/IBM/eventstreams-go-sdk/pkg/schemaregistryv1/schemaregistry_v1.go:426.17,428.4 1 0
github.com/IBM/eventstreams-go-sdk/pkg/schemaregistryv1/schemaregistry_v1.go:438.167,440.2 1 0
github.com/IBM/eventstreams-go-sdk/pkg/schemaregistryv1/schemaregistry_v1.go:443.199,445.16 2 0
github.com/IBM/eventstreams-go-sdk/pkg/schemaregistryv1/schemaregistry_v1.go:448.2,449.16 2 0
github.com/IBM/eventstreams-go-sdk/pkg/schemaregistryv1/schemaregistry_v1.go:453.2,462.16 6 0
github.com/IBM/eventstreams-go-sdk/pkg/schemaregistryv1/schemaregistry_v1.go:466.2,466.71 1 0
github.com/IBM/eventstreams-go-sdk/pkg/schemaregistryv1/schemaregistry_v1.go:470.2,471.50 2 0
github.com/IBM/eventstreams-go-sdk/pkg/schemaregistryv1/schemaregistry_v1.go:474.2,478.44 4 0
github.com/IBM/eventstreams-go-sdk/pkg/schemaregistryv1/schemaregistry_v1.go:481.2,481.46 1 0
github.com/IBM/eventstreams-go-sdk/pkg/schemaregistryv1/schemaregistry_v1.go:484.2,484.42 1 0
github.com/IBM/eventstreams-go-sdk/pkg/schemaregistryv1/schemaregistry_v1.go:487.2,488.16 2 0
github.com/IBM/eventstreams-go-sdk/pkg/schemaregistryv1/schemaregistry_v1.go:492.2,493.16 2 0
github.com/IBM/eventstreams-go-sdk/pkg/schemaregistryv1/schemaregistry_v1.go:497.2,499.16 3 0
github.com/IBM/eventstreams-go-sdk/pkg/schemaregistryv1/schemaregistry_v1.go:502.2,502.24 1 0
github.com/IBM/eventstreams-go-sdk/pkg/schemaregistryv1/schemaregistry_v1.go:510.2,510.8 1 0
github.com/IBM/eventstreams-go-sdk/pkg/schemaregistryv1/schemaregistry_v1.go:445.16,447.3 1 0
github.com/IBM/eventstreams-go-sdk/pkg/schemaregistryv1/schemaregistry_v1.go:449.16,451.3 1 0
github.com/IBM/eventstreams-go-sdk/pkg/schemaregistryv1/schemaregistry_v1.go:462.16,464.3 1 0
github.com/IBM/eventstreams-go-sdk/pkg/schemaregistryv1/schemaregistry_v1.go:466.71,468.3 1 0
github.com/IBM/eventstreams-go-sdk/pkg/schemaregistryv1/schemaregistry_v1.go:471.50,473.3 1 0
github.com/IBM/eventstreams-go-sdk/pkg/schemaregistryv1/schemaregistry_v1.go:478.44,480.3 1 0
github.com/IBM/eventstreams-go-sdk/pkg/schemaregistryv1/schemaregistry_v1.go:481.46,483.3 1 0
github.com/IBM/eventstreams-go-sdk/pkg/schemaregistryv1/schemaregistry_v1.go:484.42,486.3 1 0
github.com/IBM/eventstreams-go-sdk/pkg/schemaregistryv1/schemaregistry_v1.go:488.16,490.3 1 0
github.com/IBM/eventstreams-go-sdk/pkg/schemaregistryv1/schemaregistry_v1.go:493.16,495.3 1 0
github.com/IBM/eventstreams-go-sdk/pkg/schemaregistryv1/schemaregistry_v1.go:499.16,501.3 1 0
github.com/IBM/eventstreams-go-sdk/pkg/schemaregistryv1/schemaregistry_v1.go:502.24,504.17 2 0
github.com/IBM/eventstreams-go-sdk/pkg/schemaregistryv1/schemaregistry_v1.go:507.3,507.27 1 0
github.com/IBM/eventstreams-go-sdk/pkg/schemaregistryv1/schemaregistry_v1.go:504.17,506.4 1 0
github.com/IBM/eventstreams-go-sdk/pkg/schemaregistryv1/schemaregistry_v1.go:516.153,518.2 1 0
github.com/IBM/eventstreams-go-sdk/pkg/schemaregistryv1/schemaregistry_v1.go:521.185,523.16 2 0
github.com/IBM/eventstreams-go-sdk/pkg/schemaregistryv1/schemaregistry_v1.go:526.2,527.16 2 0
github.com/IBM/eventstreams-go-sdk/pkg/schemaregistryv1/schemaregistry_v1.go:531.2,540.16 6 0
github.com/IBM/eventstreams-go-sdk/pkg/schemaregistryv1/schemaregistry_v1.go:544.2,544.71 1 0
github.com/IBM/eventstreams-go-sdk/pkg/schemaregistryv1/schemaregistry_v1.go:548.2,549.50 2 0
github.com/IBM/eventstreams-go-sdk/pkg/schemaregistryv1/schemaregistry_v1.go:553.2,554.16 2 0
github.com/IBM/eventstreams-go-sdk/pkg/schemaregistryv1/schemaregistry_v1.go:558.2,560.8 2 0
github.com/IBM/eventstreams-go-sdk/pkg/schemaregistryv1/schemaregistry_v1.go:523.16,525.3 1 0
github.com/IBM/eventstreams-go-sdk/pkg/schemaregistryv1/schemaregistry_v1.go:527.16,529.3 1 0
github.com/IBM/eventstreams-go-sdk/pkg/schemaregistryv1/schemaregistry_v1.go:540.16,542.3 1 0
github.com/IBM/eventstreams-go-sdk/pkg/schemaregistryv1/schemaregistry_v1.go:544.71,546.3 1 0
github.com/IBM/eventstreams-go-sdk/pkg/schemaregistryv1/schemaregistry_v1.go:549.50,551.3 1 0
github.com/IBM/eventstreams-go-sdk/pkg/schemaregistryv1/schemaregistry_v1.go:554.16,556.3 1 0
github.com/IBM/eventstreams-go-sdk/pkg/schemaregistryv1/schemaregistry_v1.go:565.157,567.2 1 0
github.com/IBM/eventstreams-go-sdk/pkg/schemaregistryv1/schemaregistry_v1.go:570.189,572.16 2 0
github.com/IBM/eventstreams-go-sdk/pkg/schemaregistryv1/schemaregistry_v1.go:575.2,576.16 2 0
github.com/IBM/eventstreams-go-sdk/pkg/schemaregistryv1/schemaregistry_v1.go:580.2,588.16 6 0
github.com/IBM/eventstreams-go-sdk/pkg/schemaregistryv1/schemaregistry_v1.go:592.2,592.67 1 0
github.com/IBM/eventstreams-go-sdk/pkg/schemaregistryv1/schemaregistry_v1.go:596.2,597.50 2 0
github.com/IBM/eventstreams-go-sdk/pkg/schemaregistryv1/schemaregistry_v1.go:600.2,603.16 3 0
github.com/IBM/eventstreams-go-sdk/pkg/schemaregistryv1/schemaregistry_v1.go:607.2,609.8 2 0
github.com/IBM/eventstreams-go-sdk/pkg/schemaregistryv1/schemaregistry_v1.go:572.16,574.3 1 0
github.com/IBM/eventstreams-go-sdk/pkg/schemaregistryv1/schemaregistry_v1.go:576.16,578.3 1 0
github.com/IBM/eventstreams-go-sdk/pkg/schemaregistryv1/schemaregistry_v1.go:588.16,590.3 1 0
github.com/IBM/eventstreams-go-sdk/pkg/schemaregistryv1/schemaregistry_v1.go:592.67,594.3 1 0
github.com/IBM/eventstreams-go-sdk/pkg/schemaregistryv1/schemaregistry_v1.go:597.50,599.3 1 0
github.com/IBM/eventstreams-go-sdk/pkg/schemaregistryv1/schemaregistry_v1.go:603.16,605.3 1 0
github.com/IBM/eventstreams-go-sdk/pkg/schemaregistryv1/schemaregistry_v1.go:614.168,616.2 1 0
github.com/IBM/eventstreams-go-sdk/pkg/schemaregistryv1/schemaregistry_v1.go:619.200,621.16 2 0
github.com/IBM/eventstreams-go-sdk/pkg/schemaregistryv1/schemaregistry_v1.go:624.2,625.16 2 0
github.com/IBM/eventstreams-go-sdk/pkg/schemaregistryv1/schemaregistry_v1.go:629.2,637.16 6 0
github.com/IBM/eventstreams-go-sdk/pkg/schemaregistryv1/schemaregistry_v1.go:641.2,641.68 1 0
github.com/IBM/eventstreams-go-sdk/pkg/schemaregistryv1/schemaregistry_v1.go:645.2,646.50 2 0
github.com/IBM/eventstreams-go-sdk/pkg/schemaregistryv1/schemaregistry_v1.go:649.2,653.40 4 0
github.com/IBM/eventstreams-go-sdk/pkg/schemaregistryv1/schemaregistry_v1.go:656.2,657.16 2 0
github.com/IBM/eventstreams-go-sdk/pkg/schemaregistryv1/schemaregistry_v1.go:661.2,662.16 2 0
github.com/IBM/eventstreams-go-sdk/pkg/schemaregistryv1/schemaregistry_v1.go:666.2,668.16 3 0
github.com/IBM/eventstreams-go-sdk/pkg/schemaregistryv1/schemaregistry_v1.go:671.2,671.24 1 0
github.com/IBM/eventstreams-go-sdk/pkg/schemaregistryv1/schemaregistry_v1.go:679.2,679.8 1 0
github.com/IBM/eventstreams-go-sdk/pkg/schemaregistryv1/schemaregistry_v1.go:621.16,623.3 1 0
github.com/IBM/eventstreams-go-sdk/pkg/schemaregistryv1/schemaregistry_v1.go:625.16,627.3 1 0
github.com/IBM/eventstreams-go-sdk/pkg/schemaregistryv1/schemaregistry_v1.go:637.16,639.3 1 0
github.com/IBM/eventstreams-go-sdk/pkg/schemaregistryv1/schemaregistry_v1.go:641.68,643.3 1 0
github.com/IBM/eventstreams-go-sdk/pkg/schemaregistryv1/schemaregistry_v1.go:646.50,648.3 1 0
github.com/IBM/eventstreams-go-sdk/pkg/schemaregistryv1/schemaregistry_v1.go:653.40,655.3 1 0
github.com/IBM/eventstreams-go-sdk/pkg/schemaregistryv1/schemaregistry_v1.go:657.16,659.3 1 0
github.com/IBM/eventstreams-go-sdk/pkg/schemaregistryv1/schemaregistry_v1.go:662.16,664.3 1 0
github.com/IBM/eventstreams-go-sdk/pkg/schemaregistryv1/schemaregistry_v1.go:668.16,670.3 1 0
github.com/IBM/eventstreams-go-sdk/pkg/schemaregistryv1/schemaregistry_v1.go:671.24,673.17 2 0
github.com/IBM/eventstreams-go-sdk/pkg/schemaregistryv1/schemaregistry_v1.go:676.3,676.27 1 0
github.com/IBM/eventstreams-go-sdk/pkg/schemaregistryv1/schemaregistry_v1.go:673.17,675.4 1 0
github.com/IBM/eventstreams-go-sdk/pkg/schemaregistryv1/schemaregistry_v1.go:684.166,686.2 1 0
github.com/IBM/eventstreams-go-sdk/pkg/schemaregistryv1/schemaregistry_v1.go:689.198,691.16 2 0
github.com/IBM/eventstreams-go-sdk/pkg/schemaregistryv1/schemaregistry_v1.go:694.2,695.16 2 0
github.com/IBM/eventstreams-go-sdk/pkg/schemaregistryv1/schemaregistry_v1.go:699.2,708.16 6 0
github.com/IBM/eventstreams-go-sdk/pkg/schemaregistryv1/schemaregistry_v1.go:712.2,712.65 1 0
github.com/IBM/eventstreams-go-sdk/pkg/schemaregistryv1/schemaregistry_v1.go:716.2,717.50 2 0
github.com/IBM/eventstreams-go-sdk/pkg/schemaregistryv1/schemaregistry_v1.go:720.2,723.16 3 0
github.com/IBM/eventstreams-go-sdk/pkg/schemaregistryv1/schemaregistry_v1.go:727.2,729.8 2 0
github.com/IBM/eventstreams-go-sdk/pkg/schemaregistryv1/schemaregistry_v1.go:691.16,693.3 1 0
github.com/IBM/eventstreams-go-sdk/pkg/schemaregistryv1/schemaregistry_v1.go:695.16,697.3 1 0
github.com/IBM/eventstreams-go-sdk/pkg/schemaregistryv1/schemaregistry_v1.go:708.16,710.3 1 0
github.com/IBM/eventstreams-go-sdk/pkg/schemaregistryv1/schemaregistry_v1.go:712.65,714.3 1 0
github.com/IBM/eventstreams-go-sdk/pkg/schemaregistryv1/schemaregistry_v1.go:717.50,719.3 1 0
github.com/IBM/eventstreams-go-sdk/pkg/schemaregistryv1/schemaregistry_v1.go:723.16,725.3 1 0
github.com/IBM/eventstreams-go-sdk/pkg/schemaregistryv1/schemaregistry_v1.go:734.144,736.2 1 0
github.com/IBM/eventstreams-go-sdk/pkg/schemaregistryv1/schemaregistry_v1.go:739.176,741.16 2 0
github.com/IBM/eventstreams-go-sdk/pkg/schemaregistryv1/schemaregistry_v1.go:744.2,745.16 2 0
github.com/IBM/eventstreams-go-sdk/pkg/schemaregistryv1/schemaregistry_v1.go:749.2,758.16 6 0
github.com/IBM/eventstreams-go-sdk/pkg/schemaregistryv1/schemaregistry_v1.go:762.2,762.68 1 0
github.com/IBM/eventstreams-go-sdk/pkg/schemaregistryv1/schemaregistry_v1.go:766.2,767.50 2 0
github.com/IBM/eventstreams-go-sdk/pkg/schemaregistryv1/schemaregistry_v1.go:771.2,772.16 2 0
github.com/IBM/eventstreams-go-sdk/pkg/schemaregistryv1/schemaregistry_v1.go:776.2,778.8 2 0
github.com/IBM/eventstreams-go-sdk/pkg/schemaregistryv1/schemaregistry_v1.go:741.16,743.3 1 0
github.com/IBM/eventstreams-go-sdk/pkg/schemaregistryv1/schemaregistry_v1.go:745.16,747.3 1 0
github.com/IBM/eventstreams-go-sdk/pkg/schemaregistryv1/schemaregistry_v1.go:758.16,760.3 1 0
github.com/IBM/eventstreams-go-sdk/pkg/schemaregistryv1/schemaregistry_v1.go:762.68,764.3 1 0
github.com/IBM/eventstreams-go-sdk/pkg/schemaregistryv1/schemaregistry_v1.go:767.50,769.3 1 0
github.com/IBM/eventstreams-go-sdk/pkg/schemaregistryv1/schemaregistry_v1.go:772.16,774.3 1 0
github.com/IBM/eventstreams-go-sdk/pkg/schemaregistryv1/schemaregistry_v1.go:783.155,785.2 1 0
github.com/IBM/eventstreams-go-sdk/pkg/schemaregistryv1/schemaregistry_v1.go:788.187,790.16 2 0
github.com/IBM/eventstreams-go-sdk/pkg/schemaregistryv1/schemaregistry_v1.go:794.2,798.16 5 0
github.com/IBM/eventstreams-go-sdk/pkg/schemaregistryv1/schemaregistry_v1.go:802.2,802.66 1 0
github.com/IBM/eventstreams-go-sdk/pkg/schemaregistryv1/schemaregistry_v1.go:806.2,807.50 2 0
github.com/IBM/eventstreams-go-sdk/pkg/schemaregistryv1/schemaregistry_v1.go:810.2,813.16 3 0
github.com/IBM/eventstreams-go-sdk/pkg/schemaregistryv1/schemaregistry_v1.go:817.2,819.8 2 0
github.com/IBM/eventstreams-go-sdk/pkg/schemaregistryv1/schemaregistry_v1.go:790.16,792.3 1 0
github.com/IBM/eventstreams-go-sdk/pkg/schemaregistryv1/schemaregistry_v1.go:798.16,800.3 1 0
github.com/IBM/eventstreams-go-sdk/pkg/schemaregistryv1/schemaregistry_v1.go:802.66,804.3 1 0
github.com/IBM/eventstreams-go-sdk/pkg/schemaregistryv1/schemaregistry_v1.go:807.50,809.3 1 0
github.com/IBM/eventstreams-go-sdk/pkg/schemaregistryv1/schemaregistry_v1.go:813.16,815.3 1 0
github.com/IBM/eventstreams-go-sdk/pkg/schemaregistryv1/schemaregistry_v1.go:824.165,826.2 1 0
github.com/IBM/eventstreams-go-sdk/pkg/schemaregistryv1/schemaregistry_v1.go:829.197,831.16 2 0
github.com/IBM/eventstreams-go-sdk/pkg/schemaregistryv1/schemaregistry_v1.go:834.2,835.16 2 0
github.com/IBM/eventstreams-go-sdk/pkg/schemaregistryv1/schemaregistry_v1.go:839.2,843.16 5 0
github.com/IBM/eventstreams-go-sdk/pkg/schemaregistryv1/schemaregistry_v1.go:847.2,847.67 1 0
github.com/IBM/eventstreams-go-sdk/pkg/schemaregistryv1/schemaregistry_v1.go:851.2,852.50 2 0
github.com/IBM/eventstreams-go-sdk/pkg/schemaregistryv1/schemaregistry_v1.go:855.2,857.52 3 0
github.com/IBM/eventstreams-go-sdk/pkg/schemaregistryv1/schemaregistry_v1.go:861.2,862.39 2 0
github.com/IBM/eventstreams-go-sdk/pkg/schemaregistryv1/schemaregistry_v1.go:865.2,866.16 2 0
github.com/IBM/eventstreams-go-sdk/pkg/schemaregistryv1/schemaregistry_v1.go:870.2,871.16 2 0
github.com/IBM/eventstreams-go-sdk/pkg/schemaregistryv1/schemaregistry_v1.go:875.2,877.16 3 0
github.com/IBM/eventstreams-go-sdk/pkg/schemaregistryv1/schemaregistry_v1.go:880.2,880.24 1 0
github.com/IBM/eventstreams-go-sdk/pkg/schemaregistryv1/schemaregistry_v1.go:888.2,888.8 1 0
github.com/IBM/eventstreams-go-sdk/pkg/schemaregistryv1/schemaregistry_v1.go:831.16,833.3 1 0
github.com/IBM/eventstreams-go-sdk/pkg/schemaregistryv1/schemaregistry_v1.go:835.16,837.3 1 0
github.com/IBM/eventstreams-go-sdk/pkg/schemaregistryv1/schemaregistry_v1.go:843.16,845.3 1 0
github.com/IBM/eventstreams-go-sdk/pkg/schemaregistryv1/schemaregistry_v1.go:847.67,849.3 1 0
github.com/IBM/eventstreams-go-sdk/pkg/schemaregistryv1/schemaregistry_v1.go:852.50,854.3 1 0
github.com/IBM/eventstreams-go-sdk/pkg/schemaregistryv1/schemaregistry_v1.go:857.52,859.3 1 0
github.com/IBM/eventstreams-go-sdk/pkg/schemaregistryv1/schemaregistry_v1.go:862.39,864.3 1 0
github.com/IBM/eventstreams-go-sdk/pkg/schemaregistryv1/schemaregistry_v1.go:866.16,868.3 1 0
github.com/IBM/eventstreams-go-sdk/pkg/schemaregistryv1/schemaregistry_v1.go:871.16,873.3 1 0
github.com/IBM/eventstreams-go-sdk/pkg/schemaregistryv1/schemaregistry_v1.go:877.16,879.3 1 0
github.com/IBM/eventstreams-go-sdk/pkg/schemaregistryv1/schemaregistry_v1.go:880.24,882.17 2 0
github.com/IBM/eventstreams-go-sdk/pkg/schemaregistryv1/schemaregistry_v1.go:885.3,885.27 1 0
github.com/IBM/eventstreams-go-sdk/pkg/schemaregistryv1/schemaregistry_v1.go:882.17,884.4 1 0
github.com/IBM/eventstreams-go-sdk/pkg/schemaregistryv1/schemaregistry_v1.go:893.181,895.2 1 0
github.com/IBM/eventstreams-go-sdk/pkg/schemaregistryv1/schemaregistry_v1.go:898.213,900.16 2 0
github.com/IBM/eventstreams-go-sdk/pkg/schemaregistryv1/schemaregistry_v1.go:903.2,904.16 2 0
github.com/IBM/eventstreams-go-sdk/pkg/schemaregistryv1/schemaregistry_v1.go:908.2,916.16 6 0
github.com/IBM/eventstreams-go-sdk/pkg/schemaregistryv1/schemaregistry_v1.go:920.2,920.70 1 0
github.com/IBM/eventstreams-go-sdk/pkg/schemaregistryv1/schemaregistry_v1.go:924.2,925.50 2 0
github.com/IBM/eventstreams-go-sdk/pkg/schemaregistryv1/schemaregistry_v1.go:928.2,931.16 3 0
github.com/IBM/eventstreams-go-sdk/pkg/schemaregistryv1/schemaregistry_v1.go:935.2,936.8 2 0
github.com/IBM/eventstreams-go-sdk/pkg/schemaregistryv1/schemaregistry_v1.go:900.16,902.3 1 0
github.com/IBM/eventstreams-go-sdk/pkg/schemaregistryv1/schemaregistry_v1.go:904.16,906.3 1 0
github.com/IBM/eventstreams-go-sdk/pkg/schemaregistryv1/schemaregistry_v1.go:916.16,918.3 1 0
github.com/IBM/eventstreams-go-sdk/pkg/schemaregistryv1/schemaregistry_v1.go:920.70,922.3 1 0
github.com/IBM/eventstreams-go-sdk/pkg/schemaregistryv1/schemaregistry_v1.go:925.50,927.3 1 0
github.com/IBM/eventstreams-go-sdk/pkg/schemaregistryv1/schemaregistry_v1.go:931.16,933.3 1 0
github.com/IBM/eventstreams-go-sdk/pkg/schemaregistryv1/schemaregistry_v1.go:941.141,943.2 1 0
github.com/IBM/eventstreams-go-sdk/pkg/schemaregistryv1/schemaregistry_v1.go:946.173,948.16 2 0
github.com/IBM/eventstreams-go-sdk/pkg/schemaregistryv1/schemaregistry_v1.go:951.2,952.16 2 0
github.com/IBM/eventstreams-go-sdk/pkg/schemaregistryv1/schemaregistry_v1.go:956.2,964.16 6 0
github.com/IBM/eventstreams-go-sdk/pkg/schemaregistryv1/schemaregistry_v1.go:968.2,968.67 1 0
github.com/IBM/eventstreams-go-sdk/pkg/schemaregistryv1/schemaregistry_v1.go:972.2,973.50 2 0
github.com/IBM/eventstreams-go-sdk/pkg/schemaregistryv1/schemaregistry_v1.go:977.2,978.16 2 0
github.com/IBM/eventstreams-go-sdk/pkg/schemaregistryv1/schemaregistry_v1.go:982.2,984.8 2 0
github.com/IBM/eventstreams-go-sdk/pkg/schemaregistryv1/schemaregistry_v1.go:948.16,950.3 1 0
github.com/IBM/eventstreams-go-sdk/pkg/schemaregistryv1/schemaregistry_v1.go:952.16,954.3 1 0
github.com/IBM/eventstreams-go-sdk/pkg/schemaregistryv1/schemaregistry_v1.go:964.16,966.3 1 0
github.com/IBM/eventstreams-go-sdk/pkg/schemaregistryv1/schemaregistry_v1.go:968.67,970.3 1 0
github.com/IBM/eventstreams-go-sdk/pkg/schemaregistryv1/schemaregistry_v1.go:973.50,975.3 1 0
github.com/IBM/eventstreams-go-sdk/pkg/schemaregistryv1/schemaregistry_v1.go:978.16,980.3 1 0
github.com/IBM/eventstreams-go-sdk/pkg/schemaregistryv1/schemaregistry_v1.go:989.165,991.2 1 0
github.com/IBM/eventstreams-go-sdk/pkg/schemaregistryv1/schemaregistry_v1.go:994.197,996.16 2 0
github.com/IBM/eventstreams-go-sdk/pkg/schemaregistryv1/schemaregistry_v1.go:999.2,1000.16 2 0
github.com/IBM/eventstreams-go-sdk/pkg/schemaregistryv1/schemaregistry_v1.go:1004.2,1012.16 6 0
github.com/IBM/eventstreams-go-sdk/pkg/schemaregistryv1/schemaregistry_v1.go:1016.2,1016.67 1 0
github.com/IBM/eventstreams-go-sdk/pkg/schemaregistryv1/schemaregistry_v1.go:1020.2,1021.50 2 0
github.com/IBM/eventstreams-go-sdk/pkg/schemaregistryv1/schemaregistry_v1.go:1024.2,1028.39 4 0
github.com/IBM/eventstreams-go-sdk/pkg/schemaregistryv1/schemaregistry_v1.go:1031.2,1032.16 2 0
github.com/IBM/eventstreams-go-sdk/pkg/schemaregistryv1/schemaregistry_v1.go:1036.2,1037.16 2 0
github.com/IBM/eventstreams-go-sdk/pkg/schemaregistryv1/schemaregistry_v1.go:1041.2,1043.16 3 0
github.com/IBM/eventstreams-go-sdk/pkg/schemaregistryv1/schemaregistry_v1.go:1046.2,1046.24 1 0
github.com/IBM/eventstreams-go-sdk/pkg/schemaregistryv1/schemaregistry_v1.go:1054.2,1054.8 1 0
github.com/IBM/eventstreams-go-sdk/pkg/schemaregistryv1/schemaregistry_v1.go:996.16,998.3 1 0
github.com/IBM/eventstreams-go-sdk/pkg/schemaregistryv1/schemaregistry_v1.go:1000.16,1002.3 1 0
github.com/IBM/eventstreams-go-sdk/pkg/schemaregistryv1/schemaregistry_v1.go:1012.16,1014.3 1 0
github.com/IBM/eventstreams-go-sdk/pkg/schemaregistryv1/schemaregistry_v1.go:1016.67,1018.3 1 0
github.com/IBM/eventstreams-go-sdk/pkg/schemaregistryv1/schemaregistry_v1.go:1021.50,1023.3 1 0
github.com/IBM/eventstreams-go-sdk/pkg/schemaregistryv1/schemaregistry_v1.go:1028.39,1030.3 1 0
github.com/IBM/eventstreams-go-sdk/pkg/schemaregistryv1/schemaregistry_v1.go:1032.16,1034.3 1 0
github.com/IBM/eventstreams-go-sdk/pkg/schemaregistryv1/schemaregistry_v1.go:1037.16,1039.3 1 0
github.com/IBM/eventstreams-go-sdk/pkg/schemaregistryv1/schemaregistry_v1.go:1043.16,1045.3 1 0
github.com/IBM/eventstreams-go-sdk/pkg/schemaregistryv1/schemaregistry_v1.go:1046.24,1048.17 2 0
github.com/IBM/eventstreams-go-sdk/pkg/schemaregistryv1/schemaregistry_v1.go:1051.3,1051.27 1 0
github.com/IBM/eventstreams-go-sdk/pkg/schemaregistryv1/schemaregistry_v1.go:1048.17,1050.4 1 0
github.com/IBM/eventstreams-go-sdk/pkg/schemaregistryv1/schemaregistry_v1.go:1070.72,1072.2 1 0
github.com/IBM/eventstreams-go-sdk/pkg/schemaregistryv1/schemaregistry_v1.go:1075.100,1078.2 2 0
github.com/IBM/eventstreams-go-sdk/pkg/schemaregistryv1/schemaregistry_v1.go:1081.110,1084.2 2 0
github.com/IBM/eventstreams-go-sdk/pkg/schemaregistryv1/schemaregistry_v1.go:1087.94,1090.2 2 0
github.com/IBM/eventstreams-go-sdk/pkg/schemaregistryv1/schemaregistry_v1.go:1130.123,1136.2 1 0
github.com/IBM/eventstreams-go-sdk/pkg/schemaregistryv1/schemaregistry_v1.go:1139.84,1142.2 2 0
github.com/IBM/eventstreams-go-sdk/pkg/schemaregistryv1/schemaregistry_v1.go:1145.94,1148.2 2 0
github.com/IBM/eventstreams-go-sdk/pkg/schemaregistryv1/schemaregistry_v1.go:1151.98,1154.2 2 0
github.com/IBM/eventstreams-go-sdk/pkg/schemaregistryv1/schemaregistry_v1.go:1157.90,1160.2 2 0
github.com/IBM/eventstreams-go-sdk/pkg/schemaregistryv1/schemaregistry_v1.go:1163.102,1166.2 2 0
github.com/IBM/eventstreams-go-sdk/pkg/schemaregistryv1/schemaregistry_v1.go:1181.83,1185.2 1 0
github.com/IBM/eventstreams-go-sdk/pkg/schemaregistryv1/schemaregistry_v1.go:1188.78,1191.2 2 0
github.com/IBM/eventstreams-go-sdk/pkg/schemaregistryv1/schemaregistry_v1.go:1194.102,1197.2 2 0
github.com/IBM/eventstreams-go-sdk/pkg/schemaregistryv1/schemaregistry_v1.go:1200.96,1203.2 2 0
github.com/IBM/eventstreams-go-sdk/pkg/schemaregistryv1/schemaregistry_v1.go:1215.81,1219.2 1 0
github.com/IBM/eventstreams-go-sdk/pkg/schemaregistryv1/schemaregistry_v1.go:1222.76,1225.2 2 0
github.com/IBM/eventstreams-go-sdk/pkg/schemaregistryv1/schemaregistry_v1.go:1228.94,1231.2 2 0
github.com/IBM/eventstreams-go-sdk/pkg/schemaregistryv1/schemaregistry_v1.go:1252.102,1257.2 1 0
github.com/IBM/eventstreams-go-sdk/pkg/schemaregistryv1/schemaregistry_v1.go:1260.84,1263.2 2 0
github.com/IBM/eventstreams-go-sdk/pkg/schemaregistryv1/schemaregistry_v1.go:1266.88,1269.2 2 0
github.com/IBM/eventstreams-go-sdk/pkg/schemaregistryv1/schemaregistry_v1.go:1272.102,1275.2 2 0
github.com/IBM/eventstreams-go-sdk/pkg/schemaregistryv1/schemaregistry_v1.go:1290.98,1295.2 1 0
github.com/IBM/eventstreams-go-sdk/pkg/schemaregistryv1/schemaregistry_v1.go:1298.78,1301.2 2 0
github.com/IBM/eventstreams-go-sdk/pkg/schemaregistryv1/schemaregistry_v1.go:1304.87,1307.2 2 0
github.com/IBM/eventstreams-go-sdk/pkg/schemaregistryv1/schemaregistry_v1.go:1310.96,1313.2 2 0
github.com/IBM/eventstreams-go-sdk/pkg/schemaregistryv1/schemaregistry_v1.go:1331.85,1335.2 1 0
github.com/IBM/eventstreams-go-sdk/pkg/schemaregistryv1/schemaregistry_v1.go:1338.82,1341.2 2 0
github.com/IBM/eventstreams-go-sdk/pkg/schemaregistryv1/schemaregistry_v1.go:1344.96,1347.2 2 0
github.com/IBM/eventstreams-go-sdk/pkg/schemaregistryv1/schemaregistry_v1.go:1359.87,1363.2 1 0
github.com/IBM/eventstreams-go-sdk/pkg/schemaregistryv1/schemaregistry_v1.go:1366.82,1369.2 2 0
github.com/IBM/eventstreams-go-sdk/pkg/schemaregistryv1/schemaregistry_v1.go:1372.100,1375.2 2 0
github.com/IBM/eventstreams-go-sdk/pkg/schemaregistryv1/schemaregistry_v1.go:1396.96,1401.2 1 0
github.com/IBM/eventstreams-go-sdk/pkg/schemaregistryv1/schemaregistry_v1.go:1404.78,1407.2 2 0
github.com/IBM/eventstreams-go-sdk/pkg/schemaregistryv1/schemaregistry_v1.go:1410.82,1413.2 2 0
github.com/IBM/eventstreams-go-sdk/pkg/schemaregistryv1/schemaregistry_v1.go:1416.96,1419.2 2 0
github.com/IBM/eventstreams-go-sdk/pkg/schemaregistryv1/schemaregistry_v1.go:1434.92,1439.2 1 0
github.com/IBM/eventstreams-go-sdk/pkg/schemaregistryv1/schemaregistry_v1.go:1442.72,1445.2 2 0
github.com/IBM/eventstreams-go-sdk/pkg/schemaregistryv1/schemaregistry_v1.go:1448.81,1451.2 2 0
github.com/IBM/eventstreams-go-sdk/pkg/schemaregistryv1/schemaregistry_v1.go:1454.90,1457.2 2 0
github.com/IBM/eventstreams-go-sdk/pkg/schemaregistryv1/schemaregistry_v1.go:1467.70,1469.2 1 0
github.com/IBM/eventstreams-go-sdk/pkg/schemaregistryv1/schemaregistry_v1.go:1472.92,1475.2 2 0
github.com/IBM/eventstreams-go-sdk/pkg/schemaregistryv1/schemaregistry_v1.go:1487.81,1491.2 1 0
github.com/IBM/eventstreams-go-sdk/pkg/schemaregistryv1/schemaregistry_v1.go:1494.76,1497.2 2 0
github.com/IBM/eventstreams-go-sdk/pkg/schemaregistryv1/schemaregistry_v1.go:1500.94,1503.2 2 0
github.com/IBM/eventstreams-go-sdk/pkg/schemaregistryv1/schemaregistry_v1.go:1549.122,1555.2 1 0
github.com/IBM/eventstreams-go-sdk/pkg/schemaregistryv1/schemaregistry_v1.go:1558.88,1561.2 2 0
github.com/IBM/eventstreams-go-sdk/pkg/schemaregistryv1/schemaregistry_v1.go:1564.91,1567.2 2 0
github.com/IBM/eventstreams-go-sdk/pkg/schemaregistryv1/schemaregistry_v1.go:1570.92,1573.2 2 0
github.com/IBM/eventstreams-go-sdk/pkg/schemaregistryv1/schemaregistry_v1.go:1576.84,1579.2 2 0
github.com/IBM/eventstreams-go-sdk/pkg/schemaregistryv1/schemaregistry_v1.go:1582.102,1585.2 2 0
github.com/IBM/eventstreams-go-sdk/pkg/schemaregistryv1/schemaregistry_v1.go:1600.81,1604.2 1 0
github.com/IBM/eventstreams-go-sdk/pkg/schemaregistryv1/schemaregistry_v1.go:1607.76,1610.2 2 0
github.com/IBM/eventstreams-go-sdk/pkg/schemaregistryv1/schemaregistry_v1.go:1613.100,1616.2 2 0
github.com/IBM/eventstreams-go-sdk/pkg/schemaregistryv1/schemaregistry_v1.go:1619.94,1622.2 2 0
github.com/IBM/eventstreams-go-sdk/pkg/schemaregistryv1/schemaregistry_v1.go:1671.136,1678.2 1 0
github.com/IBM/eventstreams-go-sdk/pkg/schemaregistryv1/schemaregistry_v1.go:1681.84,1684.2 2 0
github.com/IBM/eventstreams-go-sdk/pkg/schemaregistryv1/schemaregistry_v1.go:1687.88,1690.2 2 0
github.com/IBM/eventstreams-go-sdk/pkg/schemaregistryv1/schemaregistry_v1.go:1693.94,1696.2 2 0
github.com/IBM/eventstreams-go-sdk/pkg/schemaregistryv1/schemaregistry_v1.go:1699.98,1702.2 2 0
github.com/IBM/eventstreams-go-sdk/pkg/schemaregistryv1/schemaregistry_v1.go:1705.90,1708.2 2 0
github.com/IBM/eventstreams-go-sdk/pkg/schemaregistryv1/schemaregistry_v1.go:1711.102,1714.2 2 0
github.com/IBM/eventstreams-go-sdk/pkg/schemaregistryv1/schemaregistry_v1.go:1721.101,1725.2 3 0
github.com/IBM/eventstreams-go-sdk/pkg/schemaregistryv1/schemaregistry_v1.go:1740.83,1743.16 3 0
github.com/IBM/eventstreams-go-sdk/pkg/schemaregistryv1/schemaregistry_v1.go:1746.2,1747.16 2 0
github.com/IBM/eventstreams-go-sdk/pkg/schemaregistryv1/schemaregistry_v1.go:1750.2,1751.16 2 0
github.com/IBM/eventstreams-go-sdk/pkg/schemaregistryv1/schemaregistry_v1.go:1754.2,1755.8 2 0
github.com/IBM/eventstreams-go-sdk/pkg/schemaregistryv1/schemaregistry_v1.go:1743.16,1745.3 1 0
github.com/IBM/eventstreams-go-sdk/pkg/schemaregistryv1/schemaregistry_v1.go:1747.16,1749.3 1 0
github.com/IBM/eventstreams-go-sdk/pkg/schemaregistryv1/schemaregistry_v1.go:1751.16,1753.3 1 0
github.com/IBM/eventstreams-go-sdk/pkg/schemaregistryv1/schemaregistry_v1.go:1790.91,1797.2 3 0
github.com/IBM/eventstreams-go-sdk/pkg/schemaregistryv1/schemaregistry_v1.go:1800.82,1803.16 3 0
github.com/IBM/eventstreams-go-sdk/pkg/schemaregistryv1/schemaregistry_v1.go:1806.2,1807.16 2 0
github.com/IBM/eventstreams-go-sdk/pkg/schemaregistryv1/schemaregistry_v1.go:1810.2,1811.16 2 0
github.com/IBM/eventstreams-go-sdk/pkg/schemaregistryv1/schemaregistry_v1.go:1814.2,1815.8 2 0
github.com/IBM/eventstreams-go-sdk/pkg/schemaregistryv1/schemaregistry_v1.go:1803.16,1805.3 1 0
github.com/IBM/eventstreams-go-sdk/pkg/schemaregistryv1/schemaregistry_v1.go:1807.16,1809.3 1 0
github.com/IBM/eventstreams-go-sdk/pkg/schemaregistryv1/schemaregistry_v1.go:1811.16,1813.3 1 0
github.com/IBM/eventstreams-go-sdk/pkg/schemaregistryv1/schemaregistry_v1.go:1841.92,1844.16 3 0
github.com/IBM/eventstreams-go-sdk/pkg/schemaregistryv1/schemaregistry_v1.go:1847.2,1848.16 2 0
github.com/IBM/eventstreams-go-sdk/pkg/schemaregistryv1/schemaregistry_v1.go:1851.2,1852.16 2 0
github.com/IBM/eventstreams-go-sdk/pkg/schemaregistryv1/schemaregistry_v1.go:1855.2,1856.16 2 0
github.com/IBM/eventstreams-go-sdk/pkg/schemaregistryv1/schemaregistry_v1.go:1859.2,1860.16 2 0
github.com/IBM/eventstreams-go-sdk/pkg/schemaregistryv1/schemaregistry_v1.go:1863.2,1864.16 2 0
github.com/IBM/eventstreams-go-sdk/pkg/schemaregistryv1/schemaregistry_v1.go:1867.2,1868.8 2 0
github.com/IBM/eventstreams-go-sdk/pkg/schemaregistryv1/schemaregistry_v1.go:1844.16,1846.3 1 0
github.com/IBM/eventstreams-go-sdk/pkg/schemaregistryv1/schemaregistry_v1.go:1848.16,1850.3 1 0
github.com/IBM/eventstreams-go-sdk/pkg/schemaregistryv1/schemaregistry_v1.go:1852.16,1854.3 1 0
github.com/IBM/eventstreams-go-sdk/pkg/schemaregistryv1/schemaregistry_v1.go:1856.16,1858.3 1 0
github.com/IBM/eventstreams-go-sdk/pkg/schemaregistryv1/schemaregistry_v1.go:1860.16,1862.3 1 0
github.com/IBM/eventstreams-go-sdk/pkg/schemaregistryv1/schemaregistry_v1.go:1864.16,1866.3 1 0
github.com/IBM/eventstreams-go-sdk/pkg/common/headers.go:64.101,70.2 3 1
github.com/IBM/eventstreams-go-sdk/pkg/common/headers.go:74.32,76.2 1 1
github.com/IBM/eventstreams-go-sdk/pkg/common/headers.go:80.29,82.2 1 2
github.com/IBM/eventstreams-go-sdk/pkg/common/headers.go:64.101,70.2 3 33
github.com/IBM/eventstreams-go-sdk/pkg/common/headers.go:74.32,76.2 1 33
github.com/IBM/eventstreams-go-sdk/pkg/common/headers.go:80.29,82.2 1 1
github.com/IBM/eventstreams-go-sdk/example.go:28.13,33.15 4 0
github.com/IBM/eventstreams-go-sdk/example.go:38.2,38.39 1 0
github.com/IBM/eventstreams-go-sdk/example.go:43.2,43.39 1 0
github.com/IBM/eventstreams-go-sdk/example.go:48.2,50.18 2 0
github.com/IBM/eventstreams-go-sdk/example.go:70.2,76.23 2 0
github.com/IBM/eventstreams-go-sdk/example.go:82.2,87.16 5 0
github.com/IBM/eventstreams-go-sdk/example.go:92.2,94.16 3 0
github.com/IBM/eventstreams-go-sdk/example.go:99.2,101.16 3 0
github.com/IBM/eventstreams-go-sdk/example.go:106.2,108.16 3 0
github.com/IBM/eventstreams-go-sdk/example.go:113.2,115.16 3 0
github.com/IBM/eventstreams-go-sdk/example.go:120.2,122.16 3 0
github.com/IBM/eventstreams-go-sdk/example.go:149.2,151.16 3 0
github.com/IBM/eventstreams-go-sdk/example.go:156.2,158.16 3 0
github.com/IBM/eventstreams-go-sdk/example.go:33.15,36.3 2 0
github.com/IBM/eventstreams-go-sdk/example.go:38.39,41.3 2 0
github.com/IBM/eventstreams-go-sdk/example.go:43.39,46.3 2 0
github.com/IBM/eventstreams-go-sdk/example.go:50.18,54.17 3 0
github.com/IBM/eventstreams-go-sdk/example.go:54.17,57.4 2 0
github.com/IBM/eventstreams-go-sdk/example.go:58.8,62.17 3 0
github.com/IBM/eventstreams-go-sdk/example.go:62.17,65.4 2 0
github.com/IBM/eventstreams-go-sdk/example.go:76.23,79.3 2 0
github.com/IBM/eventstreams-go-sdk/example.go:87.16,90.3 2 0
github.com/IBM/eventstreams-go-sdk/example.go:94.16,97.3 2 0
github.com/IBM/eventstreams-go-sdk/example.go:101.16,104.3 2 0
github.com/IBM/eventstreams-go-sdk/example.go:108.16,111.3 2 0
github.com/IBM/eventstreams-go-sdk/example.go:115.16,118.3 2 0
github.com/IBM/eventstreams-go-sdk/example.go:122.16,125.3 2 0
github.com/IBM/eventstreams-go-sdk/example.go:151.16,154.3 2 0
github.com/IBM/eventstreams-go-sdk/example.go:158.16,161.3 2 0
github.com/IBM/eventstreams-go-sdk/example.go:164.60,170.25 3 0
github.com/IBM/eventstreams-go-sdk/example.go:175.2,175.42 1 0
github.com/IBM/eventstreams-go-sdk/example.go:180.2,180.37 1 0
github.com/IBM/eventstreams-go-sdk/example.go:183.2,183.12 1 0
github.com/IBM/eventstreams-go-sdk/example.go:170.25,172.3 1 0
github.com/IBM/eventstreams-go-sdk/example.go:175.42,177.3 1 0
github.com/IBM/eventstreams-go-sdk/example.go:180.37,182.3 1 0
github.com/IBM/eventstreams-go-sdk/example.go:186.62,193.25 4 0
github.com/IBM/eventstreams-go-sdk/example.go:198.2,198.42 1 0
github.com/IBM/eventstreams-go-sdk/example.go:203.2,222.55 7 0
github.com/IBM/eventstreams-go-sdk/example.go:226.2,226.12 1 0
github.com/IBM/eventstreams-go-sdk/example.go:193.25,195.3 1 0
github.com/IBM/eventstreams-go-sdk/example.go:198.42,200.3 1 0
github.com/IBM/eventstreams-go-sdk/example.go:222.55,224.3 1 0
github.com/IBM/eventstreams-go-sdk/example.go:230.61,238.25 5 0
github.com/IBM/eventstreams-go-sdk/example.go:243.2,243.48 1 0
github.com/IBM/eventstreams-go-sdk/example.go:247.2,249.12 2 0
github.com/IBM/eventstreams-go-sdk/example.go:238.25,240.3 1 0
github.com/IBM/eventstreams-go-sdk/example.go:243.48,245.3 1 0
github.com/IBM/eventstreams-go-sdk/example.go:252.61,259.25 4 0
github.com/IBM/eventstreams-go-sdk/example.go:264.2,264.48 1 0
github.com/IBM/eventstreams-go-sdk/example.go:268.2,269.12 2 0
github.com/IBM/eventstreams-go-sdk/example.go:259.25,261.3 1 0
github.com/IBM/eventstreams-go-sdk/example.go:264.48,266.3 1 0
github.com/IBM/eventstreams-go-sdk/example.go:272.68,280.25 5 0
github.com/IBM/eventstreams-go-sdk/example.go:285.2,285.48 1 0
github.com/IBM/eventstreams-go-sdk/example.go:289.2,291.12 2 0
github.com/IBM/eventstreams-go-sdk/example.go:280.25,282.3 1 0
github.com/IBM/eventstreams-go-sdk/example.go:285.48,287.3 1 0
github.com/IBM/eventstreams-go-sdk/example.go:295.80,302.25 4 0
github.com/IBM/eventstreams-go-sdk/example.go:307.2,307.48 1 0
github.com/IBM/eventstreams-go-sdk/example.go:312.2,312.44 1 0
github.com/IBM/eventstreams-go-sdk/example.go:316.2,316.12 1 0
github.com/IBM/eventstreams-go-sdk/example.go:302.25,304.3 1 0
github.com/IBM/eventstreams-go-sdk/example.go:307.48,309.3 1 0
github.com/IBM/eventstreams-go-sdk/example.go:312.44,314.3 1 0
github.com/IBM/eventstreams-go-sdk/example.go:320.77,326.25 3 0
github.com/IBM/eventstreams-go-sdk/example.go:331.2,331.48 1 0
github.com/IBM/eventstreams-go-sdk/example.go:336.2,336.44 1 0
github.com/IBM/eventstreams-go-sdk/example.go:340.2,340.12 1 0
github.com/IBM/eventstreams-go-sdk/example.go:326.25,328.3 1 0
github.com/IBM/eventstreams-go-sdk/example.go:331.48,333.3 1 0
github.com/IBM/eventstreams-go-sdk/example.go:336.44,338.3 1 0
github.com/IBM/eventstreams-go-sdk/example.go:344.74,350.25 3 0
github.com/IBM/eventstreams-go-sdk/example.go:355.2,355.48 1 0
github.com/IBM/eventstreams-go-sdk/example.go:360.2,360.48 1 0
github.com/IBM/eventstreams-go-sdk/example.go:364.2,364.12 1 0
github.com/IBM/eventstreams-go-sdk/example.go:350.25,352.3 1 0
github.com/IBM/eventstreams-go-sdk/example.go:355.48,357.3 1 0
github.com/IBM/eventstreams-go-sdk/example.go:360.48,362.3 1 0
github.com/IBM/eventstreams-go-sdk/pkg/schemaregistryv1/schemaregistry_v1.go:54.125,55.31 1 0
github.com/IBM/eventstreams-go-sdk/pkg/schemaregistryv1/schemaregistry_v1.go:59.2,59.34 1 0
github.com/IBM/eventstreams-go-sdk/pkg/schemaregistryv1/schemaregistry_v1.go:66.2,67.16 2 0
github.com/IBM/eventstreams-go-sdk/pkg/schemaregistryv1/schemaregistry_v1.go:71.2,72.16 2 0
github.com/IBM/eventstreams-go-sdk/pkg/schemaregistryv1/schemaregistry_v1.go:76.2,76.23 1 0
github.com/IBM/eventstreams-go-sdk/pkg/schemaregistryv1/schemaregistry_v1.go:79.2,79.8 1 0
github.com/IBM/eventstreams-go-sdk/pkg/schemaregistryv1/schemaregistry_v1.go:55.31,57.3 1 0
github.com/IBM/eventstreams-go-sdk/pkg/schemaregistryv1/schemaregistry_v1.go:59.34,61.17 2 0
github.com/IBM/eventstreams-go-sdk/pkg/schemaregistryv1/schemaregistry_v1.go:61.17,63.4 1 0
github.com/IBM/eventstreams-go-sdk/pkg/schemaregistryv1/schemaregistry_v1.go:67.16,69.3 1 0
github.com/IBM/eventstreams-go-sdk/pkg/schemaregistryv1/schemaregistry_v1.go:72.16,74.3 1 0
github.com/IBM/eventstreams-go-sdk/pkg/schemaregistryv1/schemaregistry_v1.go:76.23,78.3 1 0
github.com/IBM/eventstreams-go-sdk/pkg/schemaregistryv1/schemaregistry_v1.go:83.99,89.16 3 0
github.com/IBM/eventstreams-go-sdk/pkg/schemaregistryv1/schemaregistry_v1.go:93.2,93.23 1 0
github.com/IBM/eventstreams-go-sdk/pkg/schemaregistryv1/schemaregistry_v1.go:100.2,104.8 2 0
github.com/IBM/eventstreams-go-sdk/pkg/schemaregistryv1/schemaregistry_v1.go:89.16,91.3 1 0
github.com/IBM/eventstreams-go-sdk/pkg/schemaregistryv1/schemaregistry_v1.go:93.23,95.17 2 0
github.com/IBM/eventstreams-go-sdk/pkg/schemaregistryv1/schemaregistry_v1.go:95.17,97.4 1 0
github.com/IBM/eventstreams-go-sdk/pkg/schemaregistryv1/schemaregistry_v1.go:108.60,110.2 1 0
github.com/IBM/eventstreams-go-sdk/pkg/schemaregistryv1/schemaregistry_v1.go:113.67,114.32 1 0
github.com/IBM/eventstreams-go-sdk/pkg/schemaregistryv1/schemaregistry_v1.go:117.2,119.15 3 0
github.com/IBM/eventstreams-go-sdk/pkg/schemaregistryv1/schemaregistry_v1.go:114.32,116.3 1 0
github.com/IBM/eventstreams-go-sdk/pkg/schemaregistryv1/schemaregistry_v1.go:123.73,125.2 1 0
github.com/IBM/eventstreams-go-sdk/pkg/schemaregistryv1/schemaregistry_v1.go:128.64,130.2 1 0
github.com/IBM/eventstreams-go-sdk/pkg/schemaregistryv1/schemaregistry_v1.go:133.80,135.2 1 0
github.com/IBM/eventstreams-go-sdk/pkg/schemaregistryv1/schemaregistry_v1.go:138.83,140.2 1 0
github.com/IBM/eventstreams-go-sdk/pkg/schemaregistryv1/schemaregistry_v1.go:143.73,145.2 1 0
github.com/IBM/eventstreams-go-sdk/pkg/schemaregistryv1/schemaregistry_v1.go:149.103,151.2 1 0
github.com/IBM/eventstreams-go-sdk/pkg/schemaregistryv1/schemaregistry_v1.go:154.58,156.2 1 0
github.com/IBM/eventstreams-go-sdk/pkg/schemaregistryv1/schemaregistry_v1.go:161.158,163.2 1 0
github.com/IBM/eventstreams-go-sdk/pkg/schemaregistryv1/schemaregistry_v1.go:166.190,168.16 2 0
github.com/IBM/eventstreams-go-sdk/pkg/schemaregistryv1/schemaregistry_v1.go:171.2,172.16 2 0
github.com/IBM/eventstreams-go-sdk/pkg/schemaregistryv1/schemaregistry_v1.go:176.2,184.16 6 0
github.com/IBM/eventstreams-go-sdk/pkg/schemaregistryv1/schemaregistry_v1.go:188.2,188.68 1 0
github.com/IBM/eventstreams-go-sdk/pkg/schemaregistryv1/schemaregistry_v1.go:192.2,193.50 2 0
github.com/IBM/eventstreams-go-sdk/pkg/schemaregistryv1/schemaregistry_v1.go:196.2,199.16 3 0
github.com/IBM/eventstreams-go-sdk/pkg/schemaregistryv1/schemaregistry_v1.go:203.2,205.16 3 0
github.com/IBM/eventstreams-go-sdk/pkg/schemaregistryv1/schemaregistry_v1.go:208.2,208.24 1 0
github.com/IBM/eventstreams-go-sdk/pkg/schemaregistryv1/schemaregistry_v1.go:216.2,216.8 1 0
github.com/IBM/eventstreams-go-sdk/pkg/schemaregistryv1/schemaregistry_v1.go:168.16,170.3 1 0
github.com/IBM/eventstreams-go-sdk/pkg/schemaregistryv1/schemaregistry_v1.go:172.16,174.3 1 0
github.com/IBM/eventstreams-go-sdk/pkg/schemaregistryv1/schemaregistry_v1.go:184.16,186.3 1 0
github.com/IBM/eventstreams-go-sdk/pkg/schemaregistryv1/schemaregistry_v1.go:188.68,190.3 1 0
github.com/IBM/eventstreams-go-sdk/pkg/schemaregistryv1/schemaregistry_v1.go:193.50,195.3 1 0
github.com/IBM/eventstreams-go-sdk/pkg/schemaregistryv1/schemaregistry_v1.go:199.16,201.3 1 0
github.com/IBM/eventstreams-go-sdk/pkg/schemaregistryv1/schemaregistry_v1.go:205.16,207.3 1 0
github.com/IBM/eventstreams-go-sdk/pkg/schemaregistryv1/schemaregistry_v1.go:208.24,210.17 2 0
github.com/IBM/eventstreams-go-sdk/pkg/schemaregistryv1/schemaregistry_v1.go:213.3,213.27 1 0
github.com/IBM/eventstreams-go-sdk/pkg/schemaregistryv1/schemaregistry_v1.go:210.17,212.4 1 0
github.com/IBM/eventstreams-go-sdk/pkg/schemaregistryv1/schemaregistry_v1.go:222.167,224.2 1 0
github.com/IBM/eventstreams-go-sdk/pkg/schemaregistryv1/schemaregistry_v1.go:227.199,229.16 2 0
github.com/IBM/eventstreams-go-sdk/pkg/schemaregistryv1/schemaregistry_v1.go:232.2,233.16 2 0
github.com/IBM/eventstreams-go-sdk/pkg/schemaregistryv1/schemaregistry_v1.go:237.2,245.16 6 0
github.com/IBM/eventstreams-go-sdk/pkg/schemaregistryv1/schemaregistry_v1.go:249.2,249.71 1 0
github.com/IBM/eventstreams-go-sdk/pkg/schemaregistryv1/schemaregistry_v1.go:253.2,254.50 2 0
github.com/IBM/eventstreams-go-sdk/pkg/schemaregistryv1/schemaregistry_v1.go:257.2,261.41 4 0
github.com/IBM/eventstreams-go-sdk/pkg/schemaregistryv1/schemaregistry_v1.go:264.2,264.43 1 0
github.com/IBM/eventstreams-go-sdk/pkg/schemaregistryv1/schemaregistry_v1.go:267.2,267.39 1 0
github.com/IBM/eventstreams-go-sdk/pkg/schemaregistryv1/schemaregistry_v1.go:270.2,271.16 2 0
github.com/IBM/eventstreams-go-sdk/pkg/schemaregistryv1/schemaregistry_v1.go:275.2,276.16 2 0
github.com/IBM/eventstreams-go-sdk/pkg/schemaregistryv1/schemaregistry_v1.go:280.2,282.16 3 0
github.com/IBM/eventstreams-go-sdk/pkg/schemaregistryv1/schemaregistry_v1.go:285.2,285.24 1 0
github.com/IBM/eventstreams-go-sdk/pkg/schemaregistryv1/schemaregistry_v1.go:293.2,293.8 1 0
github.com/IBM/eventstreams-go-sdk/pkg/schemaregistryv1/schemaregistry_v1.go:229.16,231.3 1 0
github.com/IBM/eventstreams-go-sdk/pkg/schemaregistryv1/schemaregistry_v1.go:233.16,235.3 1 0
github.com/IBM/eventstreams-go-sdk/pkg/schemaregistryv1/schemaregistry_v1.go:245.16,247.3 1 0
github.com/IBM/eventstreams-go-sdk/pkg/schemaregistryv1/schemaregistry_v1.go:249.71,251.3 1 0
github.com/IBM/eventstreams-go-sdk/pkg/schemaregistryv1/schemaregistry_v1.go:254.50,256.3 1 0
github.com/IBM/eventstreams-go-sdk/pkg/schemaregistryv1/schemaregistry_v1.go:261.41,263.3 1 0
github.com/IBM/eventstreams-go-sdk/pkg/schemaregistryv1/schemaregistry_v1.go:264.43,266.3 1 0
github.com/IBM/eventstreams-go-sdk/pkg/schemaregistryv1/schemaregistry_v1.go:267.39,269.3 1 0
github.com/IBM/eventstreams-go-sdk/pkg/schemaregistryv1/schemaregistry_v1.go:271.16,273.3 1 0
github.com/IBM/eventstreams-go-sdk/pkg/schemaregistryv1/schemaregistry_v1.go:276.16,278.3 1 0
github.com/IBM/eventstreams-go-sdk/pkg/schemaregistryv1/schemaregistry_v1.go:282.16,284.3 1 0
github.com/IBM/eventstreams-go-sdk/pkg/schemaregistryv1/schemaregistry_v1.go:285.24,287.17 2 0
github.com/IBM/eventstreams-go-sdk/pkg/schemaregistryv1/schemaregistry_v1.go:290.3,290.27 1 0
github.com/IBM/eventstreams-go-sdk/pkg/schemaregistryv1/schemaregistry_v1.go:287.17,289.4 1 0
github.com/IBM/eventstreams-go-sdk/pkg/schemaregistryv1/schemaregistry_v1.go:299.167,301.2 1 0
github.com/IBM/eventstreams-go-sdk/pkg/schemaregistryv1/schemaregistry_v1.go:304.199,306.16 2 0
github.com/IBM/eventstreams-go-sdk/pkg/schemaregistryv1/schemaregistry_v1.go:309.2,310.16 2 0
github.com/IBM/eventstreams-go-sdk/pkg/schemaregistryv1/schemaregistry_v1.go:314.2,322.16 6 0
github.com/IBM/eventstreams-go-sdk/pkg/schemaregistryv1/schemaregistry_v1.go:326.2,326.71 1 0
github.com/IBM/eventstreams-go-sdk/pkg/schemaregistryv1/schemaregistry_v1.go:330.2,331.50 2 0
github.com/IBM/eventstreams-go-sdk/pkg/schemaregistryv1/schemaregistry_v1.go:334.2,338.44 4 0
github.com/IBM/eventstreams-go-sdk/pkg/schemaregistryv1/schemaregistry_v1.go:341.2,341.46 1 0
github.com/IBM/eventstreams-go-sdk/pkg/schemaregistryv1/schemaregistry_v1.go:344.2,344.42 1 0
github.com/IBM/eventstreams-go-sdk/pkg/schemaregistryv1/schemaregistry_v1.go:347.2,348.16 2 0
[...]
github.com/IBM/eventstreams-go-sdk/pkg/schemaregistryv1/schemaregistry_v1.go:689.198,691.16 2 10
github.com/IBM/eventstreams-go-sdk/pkg/schemaregistryv1/schemaregistry_v1.go:694.2,695.16 2 9
github.com/IBM/eventstreams-go-sdk/pkg/schemaregistryv1/schemaregistry_v1.go:699.2,708.16 6 8
github.com/IBM/eventstreams-go-sdk/pkg/schemaregistryv1/schemaregistry_v1.go:712.2,712.65 1 7
github.com/IBM/eventstreams-go-sdk/pkg/schemaregistryv1/schemaregistry_v1.go:716.2,717.50 2 7
github.com/IBM/eventstreams-go-sdk/pkg/schemaregistryv1/schemaregistry_v1.go:720.2,723.16 3 7
github.com/IBM/eventstreams-go-sdk/pkg/schemaregistryv1/schemaregistry_v1.go:727.2,729.8 2 7
github.com/IBM/eventstreams-go-sdk/pkg/schemaregistryv1/schemaregistry_v1.go:691.16,693.3 1 1
github.com/IBM/eventstreams-go-sdk/pkg/schemaregistryv1/schemaregistry_v1.go:695.16,697.3 1 1
github.com/IBM/eventstreams-go-sdk/pkg/schemaregistryv1/schemaregistry_v1.go:708.16,710.3 1 1
github.com/IBM/eventstreams-go-sdk/pkg/schemaregistryv1/schemaregistry_v1.go:712.65,714.3 1 7
github.com/IBM/eventstreams-go-sdk/pkg/schemaregistryv1/schemaregistry_v1.go:717.50,719.3 1 7
github.com/IBM/eventstreams-go-sdk/pkg/schemaregistryv1/schemaregistry_v1.go:723.16,725.3 1 0
github.com/IBM/eventstreams-go-sdk/pkg/schemaregistryv1/schemaregistry_v1.go:734.144,736.2 1 4
github.com/IBM/eventstreams-go-sdk/pkg/schemaregistryv1/schemaregistry_v1.go:739.176,741.16 2 4
github.com/IBM/eventstreams-go-sdk/pkg/schemaregistryv1/schemaregistry_v1.go:744.2,745.16 2 3
github.com/IBM/eventstreams-go-sdk/pkg/schemaregistryv1/schemaregistry_v1.go:749.2,758.16 6 2
github.com/IBM/eventstreams-go-sdk/pkg/schemaregistryv1/schemaregistry_v1.go:762.2,762.68 1 1
github.com/IBM/eventstreams-go-sdk/pkg/schemaregistryv1/schemaregistry_v1.go:766.2,767.50 2 1
github.com/IBM/eventstreams-go-sdk/pkg/schemaregistryv1/schemaregistry_v1.go:771.2,772.16 2 1
github.com/IBM/eventstreams-go-sdk/pkg/schemaregistryv1/schemaregistry_v1.go:776.2,778.8 2 1
github.com/IBM/eventstreams-go-sdk/pkg/schemaregistryv1/schemaregistry_v1.go:741.16,743.3 1 1
github.com/IBM/eventstreams-go-sdk/pkg/schemaregistryv1/schemaregistry_v1.go:745.16,747.3 1 1
github.com/IBM/eventstreams-go-sdk/pkg/schemaregistryv1/schemaregistry_v1.go:758.16,760.3 1 1
github.com/IBM/eventstreams-go-sdk/pkg/schemaregistryv1/schemaregistry_v1.go:762.68,764.3 1 1
github.com/IBM/eventstreams-go-sdk/pkg/schemaregistryv1/schemaregistry_v1.go:767.50,769.3 1 1
github.com/IBM/eventstreams-go-sdk/pkg/schemaregistryv1/schemaregistry_v1.go:772.16,774.3 1 0
github.com/IBM/eventstreams-go-sdk/pkg/schemaregistryv1/schemaregistry_v1.go:783.155,785.2 1 5
github.com/IBM/eventstreams-go-sdk/pkg/schemaregistryv1/schemaregistry_v1.go:788.187,790.16 2 7
github.com/IBM/eventstreams-go-sdk/pkg/schemaregistryv1/schemaregistry_v1.go:794.2,798.16 5 6
github.com/IBM/eventstreams-go-sdk/pkg/schemaregistryv1/schemaregistry_v1.go:802.2,802.66 1 5
github.com/IBM/eventstreams-go-sdk/pkg/schemaregistryv1/schemaregistry_v1.go:806.2,807.50 2 5
github.com/IBM/eventstreams-go-sdk/pkg/schemaregistryv1/schemaregistry_v1.go:810.2,813.16 3 5
github.com/IBM/eventstreams-go-sdk/pkg/schemaregistryv1/schemaregistry_v1.go:817.2,819.8 2 5
github.com/IBM/eventstreams-go-sdk/pkg/schemaregistryv1/schemaregistry_v1.go:790.16,792.3 1 1
github.com/IBM/eventstreams-go-sdk/pkg/schemaregistryv1/schemaregistry_v1.go:798.16,800.3 1 1
github.com/IBM/eventstreams-go-sdk/pkg/schemaregistryv1/schemaregistry_v1.go:802.66,804.3 1 5
github.com/IBM/eventstreams-go-sdk/pkg/schemaregistryv1/schemaregistry_v1.go:807.50,809.3 1 5
github.com/IBM/eventstreams-go-sdk/pkg/schemaregistryv1/schemaregistry_v1.go:813.16,815.3 1 0
github.com/IBM/eventstreams-go-sdk/pkg/schemaregistryv1/schemaregistry_v1.go:824.165,826.2 1 7
github.com/IBM/eventstreams-go-sdk/pkg/schemaregistryv1/schemaregistry_v1.go:829.197,831.16 2 9
github.com/IBM/eventstreams-go-sdk/pkg/schemaregistryv1/schemaregistry_v1.go:834.2,835.16 2 8
github.com/IBM/eventstreams-go-sdk/pkg/schemaregistryv1/schemaregistry_v1.go:839.2,843.16 5 8
github.com/IBM/eventstreams-go-sdk/pkg/schemaregistryv1/schemaregistry_v1.go:847.2,847.67 1 7
github.com/IBM/eventstreams-go-sdk/pkg/schemaregistryv1/schemaregistry_v1.go:851.2,852.50 2 7
github.com/IBM/eventstreams-go-sdk/pkg/schemaregistryv1/schemaregistry_v1.go:855.2,857.52 3 7
github.com/IBM/eventstreams-go-sdk/pkg/schemaregistryv1/schemaregistry_v1.go:861.2,862.39 2 7
github.com/IBM/eventstreams-go-sdk/pkg/schemaregistryv1/schemaregistry_v1.go:865.2,866.16 2 7
github.com/IBM/eventstreams-go-sdk/pkg/schemaregistryv1/schemaregistry_v1.go:870.2,871.16 2 7
github.com/IBM/eventstreams-go-sdk/pkg/schemaregistryv1/schemaregistry_v1.go:875.2,877.16 3 7
github.com/IBM/eventstreams-go-sdk/pkg/schemaregistryv1/schemaregistry_v1.go:880.2,880.24 1 3
github.com/IBM/eventstreams-go-sdk/pkg/schemaregistryv1/schemaregistry_v1.go:888.2,888.8 1 3
github.com/IBM/eventstreams-go-sdk/pkg/schemaregistryv1/schemaregistry_v1.go:831.16,833.3 1 1
github.com/IBM/eventstreams-go-sdk/pkg/schemaregistryv1/schemaregistry_v1.go:835.16,837.3 1 0
github.com/IBM/eventstreams-go-sdk/pkg/schemaregistryv1/schemaregistry_v1.go:843.16,845.3 1 1
github.com/IBM/eventstreams-go-sdk/pkg/schemaregistryv1/schemaregistry_v1.go:847.67,849.3 1 7
github.com/IBM/eventstreams-go-sdk/pkg/schemaregistryv1/schemaregistry_v1.go:852.50,854.3 1 7
github.com/IBM/eventstreams-go-sdk/pkg/schemaregistryv1/schemaregistry_v1.go:857.52,859.3 1 7
github.com/IBM/eventstreams-go-sdk/pkg/schemaregistryv1/schemaregistry_v1.go:862.39,864.3 1 7
github.com/IBM/eventstreams-go-sdk/pkg/schemaregistryv1/schemaregistry_v1.go:866.16,868.3 1 0
github.com/IBM/eventstreams-go-sdk/pkg/schemaregistryv1/schemaregistry_v1.go:871.16,873.3 1 0
github.com/IBM/eventstreams-go-sdk/pkg/schemaregistryv1/schemaregistry_v1.go:877.16,879.3 1 4
github.com/IBM/eventstreams-go-sdk/pkg/schemaregistryv1/schemaregistry_v1.go:880.24,882.17 2 2
github.com/IBM/eventstreams-go-sdk/pkg/schemaregistryv1/schemaregistry_v1.go:885.3,885.27 1 2
github.com/IBM/eventstreams-go-sdk/pkg/schemaregistryv1/schemaregistry_v1.go:882.17,884.4 1 0
github.com/IBM/eventstreams-go-sdk/pkg/schemaregistryv1/schemaregistry_v1.go:893.181,895.2 1 8
github.com/IBM/eventstreams-go-sdk/pkg/schemaregistryv1/schemaregistry_v1.go:898.213,900.16 2 10
github.com/IBM/eventstreams-go-sdk/pkg/schemaregistryv1/schemaregistry_v1.go:903.2,904.16 2 9
github.com/IBM/eventstreams-go-sdk/pkg/schemaregistryv1/schemaregistry_v1.go:908.2,916.16 6 8
github.com/IBM/eventstreams-go-sdk/pkg/schemaregistryv1/schemaregistry_v1.go:920.2,920.70 1 7
github.com/IBM/eventstreams-go-sdk/pkg/schemaregistryv1/schemaregistry_v1.go:924.2,925.50 2 7
github.com/IBM/eventstreams-go-sdk/pkg/schemaregistryv1/schemaregistry_v1.go:928.2,931.16 3 7
github.com/IBM/eventstreams-go-sdk/pkg/schemaregistryv1/schemaregistry_v1.go:935.2,936.8 2 7
github.com/IBM/eventstreams-go-sdk/pkg/schemaregistryv1/schemaregistry_v1.go:900.16,902.3 1 1
github.com/IBM/eventstreams-go-sdk/pkg/schemaregistryv1/schemaregistry_v1.go:904.16,906.3 1 1
github.com/IBM/eventstreams-go-sdk/pkg/schemaregistryv1/schemaregistry_v1.go:916.16,918.3 1 1
github.com/IBM/eventstreams-go-sdk/pkg/schemaregistryv1/schemaregistry_v1.go:920.70,922.3 1 7
github.com/IBM/eventstreams-go-sdk/pkg/schemaregistryv1/schemaregistry_v1.go:925.50,927.3 1 7
github.com/IBM/eventstreams-go-sdk/pkg/schemaregistryv1/schemaregistry_v1.go:931.16,933.3 1 0
github.com/IBM/eventstreams-go-sdk/pkg/schemaregistryv1/schemaregistry_v1.go:941.141,943.2 1 4
github.com/IBM/eventstreams-go-sdk/pkg/schemaregistryv1/schemaregistry_v1.go:946.173,948.16 2 4
github.com/IBM/eventstreams-go-sdk/pkg/schemaregistryv1/schemaregistry_v1.go:951.2,952.16 2 3
github.com/IBM/eventstreams-go-sdk/pkg/schemaregistryv1/schemaregistry_v1.go:956.2,964.16 6 2
github.com/IBM/eventstreams-go-sdk/pkg/schemaregistryv1/schemaregistry_v1.go:968.2,968.67 1 1
github.com/IBM/eventstreams-go-sdk/pkg/schemaregistryv1/schemaregistry_v1.go:972.2,973.50 2 1
github.com/IBM/eventstreams-go-sdk/pkg/schemaregistryv1/schemaregistry_v1.go:977.2,978.16 2 1
github.com/IBM/eventstreams-go-sdk/pkg/schemaregistryv1/schemaregistry_v1.go:982.2,984.8 2 1
github.com/IBM/eventstreams-go-sdk/pkg/schemaregistryv1/schemaregistry_v1.go:948.16,950.3 1 1
github.com/IBM/eventstreams-go-sdk/pkg/schemaregistryv1/schemaregistry_v1.go:952.16,954.3 1 1
github.com/IBM/eventstreams-go-sdk/pkg/schemaregistryv1/schemaregistry_v1.go:964.16,966.3 1 1
github.com/IBM/eventstreams-go-sdk/pkg/schemaregistryv1/schemaregistry_v1.go:968.67,970.3 1 1
github.com/IBM/eventstreams-go-sdk/pkg/schemaregistryv1/schemaregistry_v1.go:973.50,975.3 1 1
github.com/IBM/eventstreams-go-sdk/pkg/schemaregistryv1/schemaregistry_v1.go:978.16,980.3 1 0
github.com/IBM/eventstreams-go-sdk/pkg/schemaregistryv1/schemaregistry_v1.go:989.165,991.2 1 8
github.com/IBM/eventstreams-go-sdk/pkg/schemaregistryv1/schemaregistry_v1.go:994.197,996.16 2 10
github.com/IBM/eventstreams-go-sdk/pkg/schemaregistryv1/schemaregistry_v1.go:999.2,1000.16 2 9
github.com/IBM/eventstreams-go-sdk/pkg/schemaregistryv1/schemaregistry_v1.go:1004.2,1012.16 6 8
github.com/IBM/eventstreams-go-sdk/pkg/schemaregistryv1/schemaregistry_v1.go:1016.2,1016.67 1 7
github.com/IBM/eventstreams-go-sdk/pkg/schemaregistryv1/schemaregistry_v1.go:1020.2,1021.50 2 7
github.com/IBM/eventstreams-go-sdk/pkg/schemaregistryv1/schemaregistry_v1.go:1024.2,1028.39 4 7
github.com/IBM/eventstreams-go-sdk/pkg/schemaregistryv1/schemaregistry_v1.go:1031.2,1032.16 2 7
github.com/IBM/eventstreams-go-sdk/pkg/schemaregistryv1/schemaregistry_v1.go:1036.2,1037.16 2 7
github.com/IBM/eventstreams-go-sdk/pkg/schemaregistryv1/schemaregistry_v1.go:1041.2,1043.16 3 7
github.com/IBM/eventstreams-go-sdk/pkg/schemaregistryv1/schemaregistry_v1.go:1046.2,1046.24 1 3
github.com/IBM/eventstreams-go-sdk/pkg/schemaregistryv1/schemaregistry_v1.go:1054.2,1054.8 1 3
github.com/IBM/eventstreams-go-sdk/pkg/schemaregistryv1/schemaregistry_v1.go:996.16,998.3 1 1
github.com/IBM/eventstreams-go-sdk/pkg/schemaregistryv1/schemaregistry_v1.go:1000.16,1002.3 1 1
github.com/IBM/eventstreams-go-sdk/pkg/schemaregistryv1/schemaregistry_v1.go:1012.16,1014.3 1 1
github.com/IBM/eventstreams-go-sdk/pkg/schemaregistryv1/schemaregistry_v1.go:1016.67,1018.3 1 7
github.com/IBM/eventstreams-go-sdk/pkg/schemaregistryv1/schemaregistry_v1.go:1021.50,1023.3 1 7
github.com/IBM/eventstreams-go-sdk/pkg/schemaregistryv1/schemaregistry_v1.go:1028.39,1030.3 1 7
github.com/IBM/eventstreams-go-sdk/pkg/schemaregistryv1/schemaregistry_v1.go:1032.16,1034.3 1 0
github.com/IBM/eventstreams-go-sdk/pkg/schemaregistryv1/schemaregistry_v1.go:1037.16,1039.3 1 0
github.com/IBM/eventstreams-go-sdk/pkg/schemaregistryv1/schemaregistry_v1.go:1043.16,1045.3 1 4
github.com/IBM/eventstreams-go-sdk/pkg/schemaregistryv1/schemaregistry_v1.go:1046.24,1048.17 2 2
github.com/IBM/eventstreams-go-sdk/pkg/schemaregistryv1/schemaregistry_v1.go:1051.3,1051.27 1 2
github.com/IBM/eventstreams-go-sdk/pkg/schemaregistryv1/schemaregistry_v1.go:1048.17,1050.4 1 0
github.com/IBM/eventstreams-go-sdk/pkg/schemaregistryv1/schemaregistry_v1.go:1070.72,1072.2 1 1
github.com/IBM/eventstreams-go-sdk/pkg/schemaregistryv1/schemaregistry_v1.go:1075.100,1078.2 2 1
github.com/IBM/eventstreams-go-sdk/pkg/schemaregistryv1/schemaregistry_v1.go:1081.110,1084.2 2 1
github.com/IBM/eventstreams-go-sdk/pkg/schemaregistryv1/schemaregistry_v1.go:1087.94,1090.2 2 1
github.com/IBM/eventstreams-go-sdk/pkg/schemaregistryv1/schemaregistry_v1.go:1130.123,1136.2 1 1
github.com/IBM/eventstreams-go-sdk/pkg/schemaregistryv1/schemaregistry_v1.go:1139.84,1142.2 2 1
github.com/IBM/eventstreams-go-sdk/pkg/schemaregistryv1/schemaregistry_v1.go:1145.94,1148.2 2 1
github.com/IBM/eventstreams-go-sdk/pkg/schemaregistryv1/schemaregistry_v1.go:1151.98,1154.2 2 1
github.com/IBM/eventstreams-go-sdk/pkg/schemaregistryv1/schemaregistry_v1.go:1157.90,1160.2 2 1
github.com/IBM/eventstreams-go-sdk/pkg/schemaregistryv1/schemaregistry_v1.go:1163.102,1166.2 2 1
github.com/IBM/eventstreams-go-sdk/pkg/schemaregistryv1/schemaregistry_v1.go:1181.83,1185.2 1 1
github.com/IBM/eventstreams-go-sdk/pkg/schemaregistryv1/schemaregistry_v1.go:1188.78,1191.2 2 1
github.com/IBM/eventstreams-go-sdk/pkg/schemaregistryv1/schemaregistry_v1.go:1194.102,1197.2 2 1
github.com/IBM/eventstreams-go-sdk/pkg/schemaregistryv1/schemaregistry_v1.go:1200.96,1203.2 2 1
github.com/IBM/eventstreams-go-sdk/pkg/schemaregistryv1/schemaregistry_v1.go:1215.81,1219.2 1 1
github.com/IBM/eventstreams-go-sdk/pkg/schemaregistryv1/schemaregistry_v1.go:1222.76,1225.2 2 1
github.com/IBM/eventstreams-go-sdk/pkg/schemaregistryv1/schemaregistry_v1.go:1228.94,1231.2 2 1
github.com/IBM/eventstreams-go-sdk/pkg/schemaregistryv1/schemaregistry_v1.go:1252.102,1257.2 1 1
github.com/IBM/eventstreams-go-sdk/pkg/schemaregistryv1/schemaregistry_v1.go:1260.84,1263.2 2 1
github.com/IBM/eventstreams-go-sdk/pkg/schemaregistryv1/schemaregistry_v1.go:1266.88,1269.2 2 1
github.com/IBM/eventstreams-go-sdk/pkg/schemaregistryv1/schemaregistry_v1.go:1272.102,1275.2 2 1
github.com/IBM/eventstreams-go-sdk/pkg/schemaregistryv1/schemaregistry_v1.go:1290.98,1295.2 1 1
github.com/IBM/eventstreams-go-sdk/pkg/schemaregistryv1/schemaregistry_v1.go:1298.78,1301.2 2 1
github.com/IBM/eventstreams-go-sdk/pkg/schemaregistryv1/schemaregistry_v1.go:1304.87,1307.2 2 1
github.com/IBM/eventstreams-go-sdk/pkg/schemaregistryv1/schemaregistry_v1.go:1310.96,1313.2 2 1
github.com/IBM/eventstreams-go-sdk/pkg/schemaregistryv1/schemaregistry_v1.go:1331.85,1335.2 1 1
github.com/IBM/eventstreams-go-sdk/pkg/schemaregistryv1/schemaregistry_v1.go:1338.82,1341.2 2 1
github.com/IBM/eventstreams-go-sdk/pkg/schemaregistryv1/schemaregistry_v1.go:1344.96,1347.2 2 1
github.com/IBM/eventstreams-go-sdk/pkg/schemaregistryv1/schemaregistry_v1.go:1359.87,1363.2 1 1
github.com/IBM/eventstreams-go-sdk/pkg/schemaregistryv1/schemaregistry_v1.go:1366.82,1369.2 2 1
github.com/IBM/eventstreams-go-sdk/pkg/schemaregistryv1/schemaregistry_v1.go:1372.100,1375.2 2 1
github.com/IBM/eventstreams-go-sdk/pkg/schemaregistryv1/schemaregistry_v1.go:1396.96,1401.2 1 1
github.com/IBM/eventstreams-go-sdk/pkg/schemaregistryv1/schemaregistry_v1.go:1404.78,1407.2 2 1
github.com/IBM/eventstreams-go-sdk/pkg/schemaregistryv1/schemaregistry_v1.go:1410.82,1413.2 2 1
github.com/IBM/eventstreams-go-sdk/pkg/schemaregistryv1/schemaregistry_v1.go:1416.96,1419.2 2 1
github.com/IBM/eventstreams-go-sdk/pkg/schemaregistryv1/schemaregistry_v1.go:1434.92,1439.2 1 1
github.com/IBM/eventstreams-go-sdk/pkg/schemaregistryv1/schemaregistry_v1.go:1442.72,1445.2 2 1
github.com/IBM/eventstreams-go-sdk/pkg/schemaregistryv1/schemaregistry_v1.go:1448.81,1451.2 2 1
github.com/IBM/eventstreams-go-sdk/pkg/schemaregistryv1/schemaregistry_v1.go:1454.90,1457.2 2 1
github.com/IBM/eventstreams-go-sdk/pkg/schemaregistryv1/schemaregistry_v1.go:1467.70,1469.2 1 1
github.com/IBM/eventstreams-go-sdk/pkg/schemaregistryv1/schemaregistry_v1.go:1472.92,1475.2 2 1
github.com/IBM/eventstreams-go-sdk/pkg/schemaregistryv1/schemaregistry_v1.go:1487.81,1491.2 1 1
github.com/IBM/eventstreams-go-sdk/pkg/schemaregistryv1/schemaregistry_v1.go:1494.76,1497.2 2 1
github.com/IBM/eventstreams-go-sdk/pkg/schemaregistryv1/schemaregistry_v1.go:1500.94,1503.2 2 1
github.com/IBM/eventstreams-go-sdk/pkg/schemaregistryv1/schemaregistry_v1.go:1549.122,1555.2 1 1
github.com/IBM/eventstreams-go-sdk/pkg/schemaregistryv1/schemaregistry_v1.go:1558.88,1561.2 2 1
github.com/IBM/eventstreams-go-sdk/pkg/schemaregistryv1/schemaregistry_v1.go:1564.91,1567.2 2 1
github.com/IBM/eventstreams-go-sdk/pkg/schemaregistryv1/schemaregistry_v1.go:1570.92,1573.2 2 1
github.com/IBM/eventstreams-go-sdk/pkg/schemaregistryv1/schemaregistry_v1.go:1576.84,1579.2 2 1
github.com/IBM/eventstreams-go-sdk/pkg/schemaregistryv1/schemaregistry_v1.go:1582.102,1585.2 2 1
github.com/IBM/eventstreams-go-sdk/pkg/schemaregistryv1/schemaregistry_v1.go:1600.81,1604.2 1 1
github.com/IBM/eventstreams-go-sdk/pkg/schemaregistryv1/schemaregistry_v1.go:1607.76,1610.2 2 1
github.com/IBM/eventstreams-go-sdk/pkg/schemaregistryv1/schemaregistry_v1.go:1613.100,1616.2 2 1
github.com/IBM/eventstreams-go-sdk/pkg/schemaregistryv1/schemaregistry_v1.go:1619.94,1622.2 2 1
github.com/IBM/eventstreams-go-sdk/pkg/schemaregistryv1/schemaregistry_v1.go:1671.136,1678.2 1 1
github.com/IBM/eventstreams-go-sdk/pkg/schemaregistryv1/schemaregistry_v1.go:1681.84,1684.2 2 1
github.com/IBM/eventstreams-go-sdk/pkg/schemaregistryv1/schemaregistry_v1.go:1687.88,1690.2 2 1
github.com/IBM/eventstreams-go-sdk/pkg/schemaregistryv1/schemaregistry_v1.go:1693.94,1696.2 2 1
github.com/IBM/eventstreams-go-sdk/pkg/schemaregistryv1/schemaregistry_v1.go:1699.98,1702.2 2 1
github.com/IBM/eventstreams-go-sdk/pkg/schemaregistryv1/schemaregistry_v1.go:1705.90,1708.2 2 1
github.com/IBM/eventstreams-go-sdk/pkg/schemaregistryv1/schemaregistry_v1.go:1711.102,1714.2 2 1
github.com/IBM/eventstreams-go-sdk/pkg/schemaregistryv1/schemaregistry_v1.go:1721.101,1725.2 3 0
github.com/IBM/eventstreams-go-sdk/pkg/schemaregistryv1/schemaregistry_v1.go:1740.83,1743.16 3 0
github.com/IBM/eventstreams-go-sdk/pkg/schemaregistryv1/schemaregistry_v1.go:1746.2,1747.16 2 0
github.com/IBM/eventstreams-go-sdk/pkg/schemaregistryv1/schemaregistry_v1.go:1750.2,1751.16 2 0
github.com/IBM/eventstreams-go-sdk/pkg/schemaregistryv1/schemaregistry_v1.go:1754.2,1755.8 2 0
github.com/IBM/eventstreams-go-sdk/pkg/schemaregistryv1/schemaregistry_v1.go:1743.16,1745.3 1 0
github.com/IBM/eventstreams-go-sdk/pkg/schemaregistryv1/schemaregistry_v1.go:1747.16,1749.3 1 0
github.com/IBM/eventstreams-go-sdk/pkg/schemaregistryv1/schemaregistry_v1.go:1751.16,1753.3 1 0
github.com/IBM/eventstreams-go-sdk/pkg/schemaregistryv1/schemaregistry_v1.go:1790.91,1797.2 3 1
github.com/IBM/eventstreams-go-sdk/pkg/schemaregistryv1/schemaregistry_v1.go:1800.82,1803.16 3 10
github.com/IBM/eventstreams-go-sdk/pkg/schemaregistryv1/schemaregistry_v1.go:1806.2,1807.16 2 10
github.com/IBM/eventstreams-go-sdk/pkg/schemaregistryv1/schemaregistry_v1.go:1810.2,1811.16 2 10
github.com/IBM/eventstreams-go-sdk/pkg/schemaregistryv1/schemaregistry_v1.go:1814.2,1815.8 2 10
github.com/IBM/eventstreams-go-sdk/pkg/schemaregistryv1/schemaregistry_v1.go:1803.16,1805.3 1 0
github.com/IBM/eventstreams-go-sdk/pkg/schemaregistryv1/schemaregistry_v1.go:1807.16,1809.3 1 0
github.com/IBM/eventstreams-go-sdk/pkg/schemaregistryv1/schemaregistry_v1.go:1811.16,1813.3 1 0
github.com/IBM/eventstreams-go-sdk/pkg/schemaregistryv1/schemaregistry_v1.go:1841.92,1844.16 3 6
github.com/IBM/eventstreams-go-sdk/pkg/schemaregistryv1/schemaregistry_v1.go:1847.2,1848.16 2 6
github.com/IBM/eventstreams-go-sdk/pkg/schemaregistryv1/schemaregistry_v1.go:1851.2,1852.16 2 6
github.com/IBM/eventstreams-go-sdk/pkg/schemaregistryv1/schemaregistry_v1.go:1855.2,1856.16 2 6
github.com/IBM/eventstreams-go-sdk/pkg/schemaregistryv1/schemaregistry_v1.go:1859.2,1860.16 2 6
github.com/IBM/eventstreams-go-sdk/pkg/schemaregistryv1/schemaregistry_v1.go:1863.2,1864.16 2 6
github.com/IBM/eventstreams-go-sdk/pkg/schemaregistryv1/schemaregistry_v1.go:1867.2,1868.8 2 6
github.com/IBM/eventstreams-go-sdk/pkg/schemaregistryv1/schemaregistry_v1.go:1844.16,1846.3 1 0
github.com/IBM/eventstreams-go-sdk/pkg/schemaregistryv1/schemaregistry_v1.go:1848.16,1850.3 1 0
github.com/IBM/eventstreams-go-sdk/pkg/schemaregistryv1/schemaregistry_v1.go:1852.16,1854.3 1 0
github.com/IBM/eventstreams-go-sdk/pkg/schemaregistryv1/schemaregistry_v1.go:1856.16,1858.3 1 0
github.com/IBM/eventstreams-go-sdk/pkg/schemaregistryv1/schemaregistry_v1.go:1860.16,1862.3 1 0
github.com/IBM/eventstreams-go-sdk/pkg/schemaregistryv1/schemaregistry_v1.go:1864.16,1866.3 1 0
github.com/IBM/eventstreams-go-sdk/pkg/common/headers.go:64.101,70.2 3 83
github.com/IBM/eventstreams-go-sdk/pkg/common/headers.go:74.32,76.2 1 83
github.com/IBM/eventstreams-go-sdk/pkg/common/headers.go:80.29,82.2 1 1
