mode: atomic
github.com/IBM/eventstreams-go-sdk/pkg/adminrestv1/adminrest_v1.go:57.105,58.31 1 0
github.com/IBM/eventstreams-go-sdk/pkg/adminrestv1/adminrest_v1.go:62.2,62.34 1 0
github.com/IBM/eventstreams-go-sdk/pkg/adminrestv1/adminrest_v1.go:69.2,70.16 2 0
github.com/IBM/eventstreams-go-sdk/pkg/adminrestv1/adminrest_v1.go:74.2,75.16 2 0
github.com/IBM/eventstreams-go-sdk/pkg/adminrestv1/adminrest_v1.go:79.2,79.23 1 0
github.com/IBM/eventstreams-go-sdk/pkg/adminrestv1/adminrest_v1.go:82.2,82.8 1 0
github.com/IBM/eventstreams-go-sdk/pkg/adminrestv1/adminrest_v1.go:58.31,60.3 1 0
github.com/IBM/eventstreams-go-sdk/pkg/adminrestv1/adminrest_v1.go:62.34,64.17 2 0
github.com/IBM/eventstreams-go-sdk/pkg/adminrestv1/adminrest_v1.go:64.17,66.4 1 0
github.com/IBM/eventstreams-go-sdk/pkg/adminrestv1/adminrest_v1.go:70.16,72.3 1 0
github.com/IBM/eventstreams-go-sdk/pkg/adminrestv1/adminrest_v1.go:75.16,77.3 1 0
github.com/IBM/eventstreams-go-sdk/pkg/adminrestv1/adminrest_v1.go:79.23,81.3 1 0
github.com/IBM/eventstreams-go-sdk/pkg/adminrestv1/adminrest_v1.go:86.84,93.16 3 0
github.com/IBM/eventstreams-go-sdk/pkg/adminrestv1/adminrest_v1.go:97.2,97.23 1 0
github.com/IBM/eventstreams-go-sdk/pkg/adminrestv1/adminrest_v1.go:104.2,108.8 2 0
github.com/IBM/eventstreams-go-sdk/pkg/adminrestv1/adminrest_v1.go:93.16,95.3 1 0
github.com/IBM/eventstreams-go-sdk/pkg/adminrestv1/adminrest_v1.go:97.23,99.17 2 0
github.com/IBM/eventstreams-go-sdk/pkg/adminrestv1/adminrest_v1.go:99.17,101.4 1 0
github.com/IBM/eventstreams-go-sdk/pkg/adminrestv1/adminrest_v1.go:112.60,114.2 1 0
github.com/IBM/eventstreams-go-sdk/pkg/adminrestv1/adminrest_v1.go:117.52,118.27 1 0
github.com/IBM/eventstreams-go-sdk/pkg/adminrestv1/adminrest_v1.go:121.2,123.15 3 0
github.com/IBM/eventstreams-go-sdk/pkg/adminrestv1/adminrest_v1.go:118.27,120.3 1 0
github.com/IBM/eventstreams-go-sdk/pkg/adminrestv1/adminrest_v1.go:127.63,129.2 1 0
github.com/IBM/eventstreams-go-sdk/pkg/adminrestv1/adminrest_v1.go:132.54,134.2 1 0
github.com/IBM/eventstreams-go-sdk/pkg/adminrestv1/adminrest_v1.go:137.70,139.2 1 0
github.com/IBM/eventstreams-go-sdk/pkg/adminrestv1/adminrest_v1.go:142.73,144.2 1 0
github.com/IBM/eventstreams-go-sdk/pkg/adminrestv1/adminrest_v1.go:147.63,149.2 1 0
github.com/IBM/eventstreams-go-sdk/pkg/adminrestv1/adminrest_v1.go:153.93,155.2 1 0
github.com/IBM/eventstreams-go-sdk/pkg/adminrestv1/adminrest_v1.go:158.48,160.2 1 0
github.com/IBM/eventstreams-go-sdk/pkg/adminrestv1/adminrest_v1.go:164.128,166.2 1 0
github.com/IBM/eventstreams-go-sdk/pkg/adminrestv1/adminrest_v1.go:169.160,171.16 2 0
github.com/IBM/eventstreams-go-sdk/pkg/adminrestv1/adminrest_v1.go:174.2,175.16 2 0
github.com/IBM/eventstreams-go-sdk/pkg/adminrestv1/adminrest_v1.go:179.2,183.16 5 0
github.com/IBM/eventstreams-go-sdk/pkg/adminrestv1/adminrest_v1.go:187.2,187.66 1 0
github.com/IBM/eventstreams-go-sdk/pkg/adminrestv1/adminrest_v1.go:191.2,192.50 2 0
github.com/IBM/eventstreams-go-sdk/pkg/adminrestv1/adminrest_v1.go:195.2,199.36 4 0
github.com/IBM/eventstreams-go-sdk/pkg/adminrestv1/adminrest_v1.go:202.2,202.42 1 0
github.com/IBM/eventstreams-go-sdk/pkg/adminrestv1/adminrest_v1.go:205.2,205.46 1 0
github.com/IBM/eventstreams-go-sdk/pkg/adminrestv1/adminrest_v1.go:208.2,208.39 1 0
github.com/IBM/eventstreams-go-sdk/pkg/adminrestv1/adminrest_v1.go:211.2,212.16 2 0
github.com/IBM/eventstreams-go-sdk/pkg/adminrestv1/adminrest_v1.go:216.2,217.16 2 0
github.com/IBM/eventstreams-go-sdk/pkg/adminrestv1/adminrest_v1.go:221.2,223.8 2 0
github.com/IBM/eventstreams-go-sdk/pkg/adminrestv1/adminrest_v1.go:171.16,173.3 1 0
github.com/IBM/eventstreams-go-sdk/pkg/adminrestv1/adminrest_v1.go:175.16,177.3 1 0
github.com/IBM/eventstreams-go-sdk/pkg/adminrestv1/adminrest_v1.go:183.16,185.3 1 0
github.com/IBM/eventstreams-go-sdk/pkg/adminrestv1/adminrest_v1.go:187.66,189.3 1 0
github.com/IBM/eventstreams-go-sdk/pkg/adminrestv1/adminrest_v1.go:192.50,194.3 1 0
github.com/IBM/eventstreams-go-sdk/pkg/adminrestv1/adminrest_v1.go:199.36,201.3 1 0
github.com/IBM/eventstreams-go-sdk/pkg/adminrestv1/adminrest_v1.go:202.42,204.3 1 0
github.com/IBM/eventstreams-go-sdk/pkg/adminrestv1/adminrest_v1.go:205.46,207.3 1 0
github.com/IBM/eventstreams-go-sdk/pkg/adminrestv1/adminrest_v1.go:208.39,210.3 1 0
github.com/IBM/eventstreams-go-sdk/pkg/adminrestv1/adminrest_v1.go:212.16,214.3 1 0
github.com/IBM/eventstreams-go-sdk/pkg/adminrestv1/adminrest_v1.go:217.16,219.3 1 0
github.com/IBM/eventstreams-go-sdk/pkg/adminrestv1/adminrest_v1.go:229.147,231.2 1 0
github.com/IBM/eventstreams-go-sdk/pkg/adminrestv1/adminrest_v1.go:234.179,236.16 2 0
github.com/IBM/eventstreams-go-sdk/pkg/adminrestv1/adminrest_v1.go:240.2,244.16 5 0
github.com/IBM/eventstreams-go-sdk/pkg/adminrestv1/adminrest_v1.go:248.2,248.65 1 0
github.com/IBM/eventstreams-go-sdk/pkg/adminrestv1/adminrest_v1.go:252.2,253.50 2 0
github.com/IBM/eventstreams-go-sdk/pkg/adminrestv1/adminrest_v1.go:256.2,258.42 2 0
github.com/IBM/eventstreams-go-sdk/pkg/adminrestv1/adminrest_v1.go:261.2,261.38 1 0
github.com/IBM/eventstreams-go-sdk/pkg/adminrestv1/adminrest_v1.go:264.2,264.35 1 0
github.com/IBM/eventstreams-go-sdk/pkg/adminrestv1/adminrest_v1.go:268.2,269.16 2 0
github.com/IBM/eventstreams-go-sdk/pkg/adminrestv1/adminrest_v1.go:273.2,275.16 3 0
github.com/IBM/eventstreams-go-sdk/pkg/adminrestv1/adminrest_v1.go:278.2,279.16 2 0
github.com/IBM/eventstreams-go-sdk/pkg/adminrestv1/adminrest_v1.go:282.2,284.8 2 0
github.com/IBM/eventstreams-go-sdk/pkg/adminrestv1/adminrest_v1.go:236.16,238.3 1 0
github.com/IBM/eventstreams-go-sdk/pkg/adminrestv1/adminrest_v1.go:244.16,246.3 1 0
github.com/IBM/eventstreams-go-sdk/pkg/adminrestv1/adminrest_v1.go:248.65,250.3 1 0
github.com/IBM/eventstreams-go-sdk/pkg/adminrestv1/adminrest_v1.go:253.50,255.3 1 0
github.com/IBM/eventstreams-go-sdk/pkg/adminrestv1/adminrest_v1.go:258.42,260.3 1 0
github.com/IBM/eventstreams-go-sdk/pkg/adminrestv1/adminrest_v1.go:261.38,263.3 1 0
github.com/IBM/eventstreams-go-sdk/pkg/adminrestv1/adminrest_v1.go:264.35,266.3 1 0
github.com/IBM/eventstreams-go-sdk/pkg/adminrestv1/adminrest_v1.go:269.16,271.3 1 0
github.com/IBM/eventstreams-go-sdk/pkg/adminrestv1/adminrest_v1.go:275.16,277.3 1 0
github.com/IBM/eventstreams-go-sdk/pkg/adminrestv1/adminrest_v1.go:279.16,281.3 1 0
github.com/IBM/eventstreams-go-sdk/pkg/adminrestv1/adminrest_v1.go:289.140,291.2 1 0
github.com/IBM/eventstreams-go-sdk/pkg/adminrestv1/adminrest_v1.go:294.172,296.16 2 0
github.com/IBM/eventstreams-go-sdk/pkg/adminrestv1/adminrest_v1.go:299.2,300.16 2 0
github.com/IBM/eventstreams-go-sdk/pkg/adminrestv1/adminrest_v1.go:304.2,312.16 6 0
github.com/IBM/eventstreams-go-sdk/pkg/adminrestv1/adminrest_v1.go:316.2,316.63 1 0
github.com/IBM/eventstreams-go-sdk/pkg/adminrestv1/adminrest_v1.go:320.2,321.50 2 0
github.com/IBM/eventstreams-go-sdk/pkg/adminrestv1/adminrest_v1.go:324.2,327.16 3 0
github.com/IBM/eventstreams-go-sdk/pkg/adminrestv1/adminrest_v1.go:331.2,333.16 3 0
github.com/IBM/eventstreams-go-sdk/pkg/adminrestv1/adminrest_v1.go:336.2,337.16 2 0
github.com/IBM/eventstreams-go-sdk/pkg/adminrestv1/adminrest_v1.go:340.2,342.8 2 0
github.com/IBM/eventstreams-go-sdk/pkg/adminrestv1/adminrest_v1.go:296.16,298.3 1 0
github.com/IBM/eventstreams-go-sdk/pkg/adminrestv1/adminrest_v1.go:300.16,302.3 1 0
github.com/IBM/eventstreams-go-sdk/pkg/adminrestv1/adminrest_v1.go:312.16,314.3 1 0
github.com/IBM/eventstreams-go-sdk/pkg/adminrestv1/adminrest_v1.go:316.63,318.3 1 0
github.com/IBM/eventstreams-go-sdk/pkg/adminrestv1/adminrest_v1.go:321.50,323.3 1 0
github.com/IBM/eventstreams-go-sdk/pkg/adminrestv1/adminrest_v1.go:327.16,329.3 1 0
github.com/IBM/eventstreams-go-sdk/pkg/adminrestv1/adminrest_v1.go:333.16,335.3 1 0
github.com/IBM/eventstreams-go-sdk/pkg/adminrestv1/adminrest_v1.go:337.16,339.3 1 0
github.com/IBM/eventstreams-go-sdk/pkg/adminrestv1/adminrest_v1.go:347.128,349.2 1 0
github.com/IBM/eventstreams-go-sdk/pkg/adminrestv1/adminrest_v1.go:352.160,354.16 2 0
github.com/IBM/eventstreams-go-sdk/pkg/adminrestv1/adminrest_v1.go:357.2,358.16 2 0
github.com/IBM/eventstreams-go-sdk/pkg/adminrestv1/adminrest_v1.go:362.2,370.16 6 0
github.com/IBM/eventstreams-go-sdk/pkg/adminrestv1/adminrest_v1.go:374.2,374.66 1 0
github.com/IBM/eventstreams-go-sdk/pkg/adminrestv1/adminrest_v1.go:378.2,379.50 2 0
github.com/IBM/eventstreams-go-sdk/pkg/adminrestv1/adminrest_v1.go:382.2,385.16 3 0
github.com/IBM/eventstreams-go-sdk/pkg/adminrestv1/adminrest_v1.go:389.2,391.8 2 0
github.com/IBM/eventstreams-go-sdk/pkg/adminrestv1/adminrest_v1.go:354.16,356.3 1 0
github.com/IBM/eventstreams-go-sdk/pkg/adminrestv1/adminrest_v1.go:358.16,360.3 1 0
github.com/IBM/eventstreams-go-sdk/pkg/adminrestv1/adminrest_v1.go:370.16,372.3 1 0
github.com/IBM/eventstreams-go-sdk/pkg/adminrestv1/adminrest_v1.go:374.66,376.3 1 0
github.com/IBM/eventstreams-go-sdk/pkg/adminrestv1/adminrest_v1.go:379.50,381.3 1 0
github.com/IBM/eventstreams-go-sdk/pkg/adminrestv1/adminrest_v1.go:385.16,387.3 1 0
github.com/IBM/eventstreams-go-sdk/pkg/adminrestv1/adminrest_v1.go:396.128,398.2 1 0
github.com/IBM/eventstreams-go-sdk/pkg/adminrestv1/adminrest_v1.go:401.160,403.16 2 0
github.com/IBM/eventstreams-go-sdk/pkg/adminrestv1/adminrest_v1.go:406.2,407.16 2 0
github.com/IBM/eventstreams-go-sdk/pkg/adminrestv1/adminrest_v1.go:411.2,419.16 6 0
github.com/IBM/eventstreams-go-sdk/pkg/adminrestv1/adminrest_v1.go:423.2,423.66 1 0
github.com/IBM/eventstreams-go-sdk/pkg/adminrestv1/adminrest_v1.go:427.2,428.50 2 0
github.com/IBM/eventstreams-go-sdk/pkg/adminrestv1/adminrest_v1.go:431.2,435.54 4 0
github.com/IBM/eventstreams-go-sdk/pkg/adminrestv1/adminrest_v1.go:438.2,438.39 1 0
github.com/IBM/eventstreams-go-sdk/pkg/adminrestv1/adminrest_v1.go:441.2,442.16 2 0
github.com/IBM/eventstreams-go-sdk/pkg/adminrestv1/adminrest_v1.go:446.2,447.16 2 0
github.com/IBM/eventstreams-go-sdk/pkg/adminrestv1/adminrest_v1.go:451.2,453.8 2 0
github.com/IBM/eventstreams-go-sdk/pkg/adminrestv1/adminrest_v1.go:403.16,405.3 1 0
github.com/IBM/eventstreams-go-sdk/pkg/adminrestv1/adminrest_v1.go:407.16,409.3 1 0
github.com/IBM/eventstreams-go-sdk/pkg/adminrestv1/adminrest_v1.go:419.16,421.3 1 0
github.com/IBM/eventstreams-go-sdk/pkg/adminrestv1/adminrest_v1.go:423.66,425.3 1 0
github.com/IBM/eventstreams-go-sdk/pkg/adminrestv1/adminrest_v1.go:428.50,430.3 1 0
github.com/IBM/eventstreams-go-sdk/pkg/adminrestv1/adminrest_v1.go:435.54,437.3 1 0
github.com/IBM/eventstreams-go-sdk/pkg/adminrestv1/adminrest_v1.go:438.39,440.3 1 0
github.com/IBM/eventstreams-go-sdk/pkg/adminrestv1/adminrest_v1.go:442.16,444.3 1 0
github.com/IBM/eventstreams-go-sdk/pkg/adminrestv1/adminrest_v1.go:447.16,449.3 1 0
github.com/IBM/eventstreams-go-sdk/pkg/adminrestv1/adminrest_v1.go:458.206,460.2 1 0
github.com/IBM/eventstreams-go-sdk/pkg/adminrestv1/adminrest_v1.go:463.238,465.16 2 0
github.com/IBM/eventstreams-go-sdk/pkg/adminrestv1/adminrest_v1.go:469.2,473.16 5 0
github.com/IBM/eventstreams-go-sdk/pkg/adminrestv1/adminrest_v1.go:477.2,477.81 1 0
github.com/IBM/eventstreams-go-sdk/pkg/adminrestv1/adminrest_v1.go:481.2,482.50 2 0
github.com/IBM/eventstreams-go-sdk/pkg/adminrestv1/adminrest_v1.go:485.2,488.16 3 0
github.com/IBM/eventstreams-go-sdk/pkg/adminrestv1/adminrest_v1.go:492.2,494.16 3 0
github.com/IBM/eventstreams-go-sdk/pkg/adminrestv1/adminrest_v1.go:497.2,498.16 2 0
github.com/IBM/eventstreams-go-sdk/pkg/adminrestv1/adminrest_v1.go:501.2,503.8 2 0
github.com/IBM/eventstreams-go-sdk/pkg/adminrestv1/adminrest_v1.go:465.16,467.3 1 0
github.com/IBM/eventstreams-go-sdk/pkg/adminrestv1/adminrest_v1.go:473.16,475.3 1 0
github.com/IBM/eventstreams-go-sdk/pkg/adminrestv1/adminrest_v1.go:477.81,479.3 1 0
github.com/IBM/eventstreams-go-sdk/pkg/adminrestv1/adminrest_v1.go:482.50,484.3 1 0
github.com/IBM/eventstreams-go-sdk/pkg/adminrestv1/adminrest_v1.go:488.16,490.3 1 0
github.com/IBM/eventstreams-go-sdk/pkg/adminrestv1/adminrest_v1.go:494.16,496.3 1 0
github.com/IBM/eventstreams-go-sdk/pkg/adminrestv1/adminrest_v1.go:498.16,500.3 1 0
github.com/IBM/eventstreams-go-sdk/pkg/adminrestv1/adminrest_v1.go:508.218,510.2 1 0
github.com/IBM/eventstreams-go-sdk/pkg/adminrestv1/adminrest_v1.go:513.250,515.16 2 0
github.com/IBM/eventstreams-go-sdk/pkg/adminrestv1/adminrest_v1.go:518.2,519.16 2 0
github.com/IBM/eventstreams-go-sdk/pkg/adminrestv1/adminrest_v1.go:523.2,527.16 5 0
github.com/IBM/eventstreams-go-sdk/pkg/adminrestv1/adminrest_v1.go:531.2,531.85 1 0
github.com/IBM/eventstreams-go-sdk/pkg/adminrestv1/adminrest_v1.go:535.2,536.50 2 0
github.com/IBM/eventstreams-go-sdk/pkg/adminrestv1/adminrest_v1.go:539.2,543.59 4 0
github.com/IBM/eventstreams-go-sdk/pkg/adminrestv1/adminrest_v1.go:546.2,547.16 2 0
github.com/IBM/eventstreams-go-sdk/pkg/adminrestv1/adminrest_v1.go:551.2,552.16 2 0
github.com/IBM/eventstreams-go-sdk/pkg/adminrestv1/adminrest_v1.go:556.2,558.16 3 0
github.com/IBM/eventstreams-go-sdk/pkg/adminrestv1/adminrest_v1.go:561.2,562.16 2 0
github.com/IBM/eventstreams-go-sdk/pkg/adminrestv1/adminrest_v1.go:565.2,567.8 2 0
github.com/IBM/eventstreams-go-sdk/pkg/adminrestv1/adminrest_v1.go:515.16,517.3 1 0
github.com/IBM/eventstreams-go-sdk/pkg/adminrestv1/adminrest_v1.go:519.16,521.3 1 0
github.com/IBM/eventstreams-go-sdk/pkg/adminrestv1/adminrest_v1.go:527.16,529.3 1 0
github.com/IBM/eventstreams-go-sdk/pkg/adminrestv1/adminrest_v1.go:531.85,533.3 1 0
github.com/IBM/eventstreams-go-sdk/pkg/adminrestv1/adminrest_v1.go:536.50,538.3 1 0
github.com/IBM/eventstreams-go-sdk/pkg/adminrestv1/adminrest_v1.go:543.59,545.3 1 0
github.com/IBM/eventstreams-go-sdk/pkg/adminrestv1/adminrest_v1.go:547.16,549.3 1 0
github.com/IBM/eventstreams-go-sdk/pkg/adminrestv1/adminrest_v1.go:552.16,554.3 1 0
github.com/IBM/eventstreams-go-sdk/pkg/adminrestv1/adminrest_v1.go:558.16,560.3 1 0
github.com/IBM/eventstreams-go-sdk/pkg/adminrestv1/adminrest_v1.go:562.16,564.3 1 0
github.com/IBM/eventstreams-go-sdk/pkg/adminrestv1/adminrest_v1.go:572.198,574.2 1 0
github.com/IBM/eventstreams-go-sdk/pkg/adminrestv1/adminrest_v1.go:577.230,579.16 2 0
github.com/IBM/eventstreams-go-sdk/pkg/adminrestv1/adminrest_v1.go:583.2,587.16 5 0
github.com/IBM/eventstreams-go-sdk/pkg/adminrestv1/adminrest_v1.go:591.2,591.79 1 0
github.com/IBM/eventstreams-go-sdk/pkg/adminrestv1/adminrest_v1.go:595.2,596.50 2 0
github.com/IBM/eventstreams-go-sdk/pkg/adminrestv1/adminrest_v1.go:599.2,602.16 3 0
github.com/IBM/eventstreams-go-sdk/pkg/adminrestv1/adminrest_v1.go:606.2,608.16 3 0
github.com/IBM/eventstreams-go-sdk/pkg/adminrestv1/adminrest_v1.go:611.2,612.16 2 0
github.com/IBM/eventstreams-go-sdk/pkg/adminrestv1/adminrest_v1.go:615.2,617.8 2 0
github.com/IBM/eventstreams-go-sdk/pkg/adminrestv1/adminrest_v1.go:579.16,581.3 1 0
github.com/IBM/eventstreams-go-sdk/pkg/adminrestv1/adminrest_v1.go:587.16,589.3 1 0
github.com/IBM/eventstreams-go-sdk/pkg/adminrestv1/adminrest_v1.go:591.79,593.3 1 0
github.com/IBM/eventstreams-go-sdk/pkg/adminrestv1/adminrest_v1.go:596.50,598.3 1 0
github.com/IBM/eventstreams-go-sdk/pkg/adminrestv1/adminrest_v1.go:602.16,604.3 1 0
github.com/IBM/eventstreams-go-sdk/pkg/adminrestv1/adminrest_v1.go:608.16,610.3 1 0
github.com/IBM/eventstreams-go-sdk/pkg/adminrestv1/adminrest_v1.go:612.16,614.3 1 0
github.com/IBM/eventstreams-go-sdk/pkg/adminrestv1/adminrest_v1.go:639.65,641.2 1 0
github.com/IBM/eventstreams-go-sdk/pkg/adminrestv1/adminrest_v1.go:644.77,647.2 2 0
github.com/IBM/eventstreams-go-sdk/pkg/adminrestv1/adminrest_v1.go:650.88,653.2 2 0
github.com/IBM/eventstreams-go-sdk/pkg/adminrestv1/adminrest_v1.go:656.96,659.2 2 0
github.com/IBM/eventstreams-go-sdk/pkg/adminrestv1/adminrest_v1.go:662.91,665.2 2 0
github.com/IBM/eventstreams-go-sdk/pkg/adminrestv1/adminrest_v1.go:668.92,671.2 2 0
github.com/IBM/eventstreams-go-sdk/pkg/adminrestv1/adminrest_v1.go:683.81,687.2 1 0
github.com/IBM/eventstreams-go-sdk/pkg/adminrestv1/adminrest_v1.go:690.87,693.2 2 0
github.com/IBM/eventstreams-go-sdk/pkg/adminrestv1/adminrest_v1.go:696.92,699.2 2 0
github.com/IBM/eventstreams-go-sdk/pkg/adminrestv1/adminrest_v1.go:709.91,711.2 1 0
github.com/IBM/eventstreams-go-sdk/pkg/adminrestv1/adminrest_v1.go:714.118,717.2 2 0
github.com/IBM/eventstreams-go-sdk/pkg/adminrestv1/adminrest_v1.go:727.95,729.2 1 0
github.com/IBM/eventstreams-go-sdk/pkg/adminrestv1/adminrest_v1.go:732.122,735.2 2 0
github.com/IBM/eventstreams-go-sdk/pkg/adminrestv1/adminrest_v1.go:747.75,751.2 1 0
github.com/IBM/eventstreams-go-sdk/pkg/adminrestv1/adminrest_v1.go:754.81,757.2 2 0
github.com/IBM/eventstreams-go-sdk/pkg/adminrestv1/adminrest_v1.go:760.86,763.2 2 0
github.com/IBM/eventstreams-go-sdk/pkg/adminrestv1/adminrest_v1.go:784.63,786.2 1 0
github.com/IBM/eventstreams-go-sdk/pkg/adminrestv1/adminrest_v1.go:789.89,792.2 2 0
github.com/IBM/eventstreams-go-sdk/pkg/adminrestv1/adminrest_v1.go:795.80,798.2 2 0
github.com/IBM/eventstreams-go-sdk/pkg/adminrestv1/adminrest_v1.go:801.74,804.2 2 0
github.com/IBM/eventstreams-go-sdk/pkg/adminrestv1/adminrest_v1.go:807.90,810.2 2 0
github.com/IBM/eventstreams-go-sdk/pkg/adminrestv1/adminrest_v1.go:821.103,823.2 1 0
github.com/IBM/eventstreams-go-sdk/pkg/adminrestv1/adminrest_v1.go:826.125,829.2 2 0
github.com/IBM/eventstreams-go-sdk/pkg/adminrestv1/adminrest_v1.go:832.130,835.2 2 0
github.com/IBM/eventstreams-go-sdk/pkg/adminrestv1/adminrest_v1.go:843.102,846.16 3 0
github.com/IBM/eventstreams-go-sdk/pkg/adminrestv1/adminrest_v1.go:849.2,850.8 2 0
github.com/IBM/eventstreams-go-sdk/pkg/adminrestv1/adminrest_v1.go:846.16,848.3 1 0
github.com/IBM/eventstreams-go-sdk/pkg/adminrestv1/adminrest_v1.go:870.81,874.2 1 0
github.com/IBM/eventstreams-go-sdk/pkg/adminrestv1/adminrest_v1.go:877.87,880.2 2 0
github.com/IBM/eventstreams-go-sdk/pkg/adminrestv1/adminrest_v1.go:883.112,886.2 2 0
github.com/IBM/eventstreams-go-sdk/pkg/adminrestv1/adminrest_v1.go:889.91,892.2 2 0
github.com/IBM/eventstreams-go-sdk/pkg/adminrestv1/adminrest_v1.go:895.92,898.2 2 0
github.com/IBM/eventstreams-go-sdk/pkg/adminrestv1/adminrest_v1.go:910.90,913.16 3 0
github.com/IBM/eventstreams-go-sdk/pkg/adminrestv1/adminrest_v1.go:916.2,917.16 2 0
github.com/IBM/eventstreams-go-sdk/pkg/adminrestv1/adminrest_v1.go:920.2,921.8 2 0
github.com/IBM/eventstreams-go-sdk/pkg/adminrestv1/adminrest_v1.go:913.16,915.3 1 0
github.com/IBM/eventstreams-go-sdk/pkg/adminrestv1/adminrest_v1.go:917.16,919.3 1 0
github.com/IBM/eventstreams-go-sdk/pkg/adminrestv1/adminrest_v1.go:937.90,940.16 3 0
github.com/IBM/eventstreams-go-sdk/pkg/adminrestv1/adminrest_v1.go:943.2,944.16 2 0
github.com/IBM/eventstreams-go-sdk/pkg/adminrestv1/adminrest_v1.go:947.2,948.16 2 0
github.com/IBM/eventstreams-go-sdk/pkg/adminrestv1/adminrest_v1.go:951.2,952.8 2 0
github.com/IBM/eventstreams-go-sdk/pkg/adminrestv1/adminrest_v1.go:940.16,942.3 1 0
github.com/IBM/eventstreams-go-sdk/pkg/adminrestv1/adminrest_v1.go:944.16,946.3 1 0
github.com/IBM/eventstreams-go-sdk/pkg/adminrestv1/adminrest_v1.go:948.16,950.3 1 0
github.com/IBM/eventstreams-go-sdk/pkg/adminrestv1/adminrest_v1.go:961.99,964.16 3 0
github.com/IBM/eventstreams-go-sdk/pkg/adminrestv1/adminrest_v1.go:967.2,968.8 2 0
github.com/IBM/eventstreams-go-sdk/pkg/adminrestv1/adminrest_v1.go:964.16,966.3 1 0
github.com/IBM/eventstreams-go-sdk/pkg/adminrestv1/adminrest_v1.go:977.101,980.16 3 0
github.com/IBM/eventstreams-go-sdk/pkg/adminrestv1/adminrest_v1.go:983.2,984.8 2 0
github.com/IBM/eventstreams-go-sdk/pkg/adminrestv1/adminrest_v1.go:980.16,982.3 1 0
github.com/IBM/eventstreams-go-sdk/pkg/adminrestv1/adminrest_v1.go:996.95,999.16 3 0
github.com/IBM/eventstreams-go-sdk/pkg/adminrestv1/adminrest_v1.go:1002.2,1003.16 2 0
github.com/IBM/eventstreams-go-sdk/pkg/adminrestv1/adminrest_v1.go:1006.2,1007.8 2 0
github.com/IBM/eventstreams-go-sdk/pkg/adminrestv1/adminrest_v1.go:999.16,1001.3 1 0
github.com/IBM/eventstreams-go-sdk/pkg/adminrestv1/adminrest_v1.go:1003.16,1005.3 1 0
github.com/IBM/eventstreams-go-sdk/pkg/adminrestv1/adminrest_v1.go:1035.90,1038.16 3 0
github.com/IBM/eventstreams-go-sdk/pkg/adminrestv1/adminrest_v1.go:1041.2,1042.16 2 0
github.com/IBM/eventstreams-go-sdk/pkg/adminrestv1/adminrest_v1.go:1045.2,1046.16 2 0
github.com/IBM/eventstreams-go-sdk/pkg/adminrestv1/adminrest_v1.go:1049.2,1050.16 2 0
github.com/IBM/eventstreams-go-sdk/pkg/adminrestv1/adminrest_v1.go:1053.2,1054.16 2 0
github.com/IBM/eventstreams-go-sdk/pkg/adminrestv1/adminrest_v1.go:1057.2,1058.16 2 0
github.com/IBM/eventstreams-go-sdk/pkg/adminrestv1/adminrest_v1.go:1061.2,1062.16 2 0
github.com/IBM/eventstreams-go-sdk/pkg/adminrestv1/adminrest_v1.go:1065.2,1066.8 2 0
github.com/IBM/eventstreams-go-sdk/pkg/adminrestv1/adminrest_v1.go:1038.16,1040.3 1 0
github.com/IBM/eventstreams-go-sdk/pkg/adminrestv1/adminrest_v1.go:1042.16,1044.3 1 0
github.com/IBM/eventstreams-go-sdk/pkg/adminrestv1/adminrest_v1.go:1046.16,1048.3 1 0
github.com/IBM/eventstreams-go-sdk/pkg/adminrestv1/adminrest_v1.go:1050.16,1052.3 1 0
github.com/IBM/eventstreams-go-sdk/pkg/adminrestv1/adminrest_v1.go:1054.16,1056.3 1 0
github.com/IBM/eventstreams-go-sdk/pkg/adminrestv1/adminrest_v1.go:1058.16,1060.3 1 0
github.com/IBM/eventstreams-go-sdk/pkg/adminrestv1/adminrest_v1.go:1062.16,1064.3 1 0
github.com/IBM/eventstreams-go-sdk/pkg/adminrestv1/adminrest_v1.go:1093.89,1096.16 3 0
github.com/IBM/eventstreams-go-sdk/pkg/adminrestv1/adminrest_v1.go:1099.2,1100.16 2 0
github.com/IBM/eventstreams-go-sdk/pkg/adminrestv1/adminrest_v1.go:1103.2,1104.16 2 0
github.com/IBM/eventstreams-go-sdk/pkg/adminrestv1/adminrest_v1.go:1107.2,1108.16 2 0
github.com/IBM/eventstreams-go-sdk/pkg/adminrestv1/adminrest_v1.go:1111.2,1112.16 2 0
github.com/IBM/eventstreams-go-sdk/pkg/adminrestv1/adminrest_v1.go:1115.2,1116.16 2 0
github.com/IBM/eventstreams-go-sdk/pkg/adminrestv1/adminrest_v1.go:1119.2,1120.16 2 0
github.com/IBM/eventstreams-go-sdk/pkg/adminrestv1/adminrest_v1.go:1123.2,1124.8 2 0
github.com/IBM/eventstreams-go-sdk/pkg/adminrestv1/adminrest_v1.go:1096.16,1098.3 1 0
github.com/IBM/eventstreams-go-sdk/pkg/adminrestv1/adminrest_v1.go:1100.16,1102.3 1 0
github.com/IBM/eventstreams-go-sdk/pkg/adminrestv1/adminrest_v1.go:1104.16,1106.3 1 0
github.com/IBM/eventstreams-go-sdk/pkg/adminrestv1/adminrest_v1.go:1108.16,1110.3 1 0
github.com/IBM/eventstreams-go-sdk/pkg/adminrestv1/adminrest_v1.go:1112.16,1114.3 1 0
github.com/IBM/eventstreams-go-sdk/pkg/adminrestv1/adminrest_v1.go:1116.16,1118.3 1 0
github.com/IBM/eventstreams-go-sdk/pkg/adminrestv1/adminrest_v1.go:1120.16,1122.3 1 0
github.com/IBM/eventstreams-go-sdk/example.go:16.13,20.15 3 0
github.com/IBM/eventstreams-go-sdk/example.go:25.2,25.18 1 0
github.com/IBM/eventstreams-go-sdk/example.go:30.2,37.23 3 0
github.com/IBM/eventstreams-go-sdk/example.go:43.2,48.16 5 0
github.com/IBM/eventstreams-go-sdk/example.go:53.2,55.16 3 0
github.com/IBM/eventstreams-go-sdk/example.go:60.2,62.16 3 0
github.com/IBM/eventstreams-go-sdk/example.go:67.2,69.16 3 0
github.com/IBM/eventstreams-go-sdk/example.go:74.2,76.16 3 0
github.com/IBM/eventstreams-go-sdk/example.go:81.2,83.16 3 0
github.com/IBM/eventstreams-go-sdk/example.go:110.2,112.16 3 0
github.com/IBM/eventstreams-go-sdk/example.go:117.2,119.16 3 0
github.com/IBM/eventstreams-go-sdk/example.go:20.15,23.3 2 0
github.com/IBM/eventstreams-go-sdk/example.go:25.18,28.3 2 0
github.com/IBM/eventstreams-go-sdk/example.go:37.23,40.3 2 0
github.com/IBM/eventstreams-go-sdk/example.go:48.16,51.3 2 0
github.com/IBM/eventstreams-go-sdk/example.go:55.16,58.3 2 0
github.com/IBM/eventstreams-go-sdk/example.go:62.16,65.3 2 0
github.com/IBM/eventstreams-go-sdk/example.go:69.16,72.3 2 0
github.com/IBM/eventstreams-go-sdk/example.go:76.16,79.3 2 0
github.com/IBM/eventstreams-go-sdk/example.go:83.16,86.3 2 0
github.com/IBM/eventstreams-go-sdk/example.go:112.16,115.3 2 0
github.com/IBM/eventstreams-go-sdk/example.go:119.16,122.3 2 0
github.com/IBM/eventstreams-go-sdk/example.go:125.60,131.25 3 0
github.com/IBM/eventstreams-go-sdk/example.go:136.2,136.42 1 0
github.com/IBM/eventstreams-go-sdk/example.go:141.2,141.37 1 0
github.com/IBM/eventstreams-go-sdk/example.go:144.2,144.12 1 0
github.com/IBM/eventstreams-go-sdk/example.go:131.25,133.3 1 0
github.com/IBM/eventstreams-go-sdk/example.go:136.42,138.3 1 0
github.com/IBM/eventstreams-go-sdk/example.go:141.37,143.3 1 0
github.com/IBM/eventstreams-go-sdk/example.go:147.62,156.25 5 0
github.com/IBM/eventstreams-go-sdk/example.go:161.2,161.42 1 0
github.com/IBM/eventstreams-go-sdk/example.go:166.2,185.55 7 0
github.com/IBM/eventstreams-go-sdk/example.go:189.2,189.12 1 0
github.com/IBM/eventstreams-go-sdk/example.go:156.25,158.3 1 0
github.com/IBM/eventstreams-go-sdk/example.go:161.42,163.3 1 0
github.com/IBM/eventstreams-go-sdk/example.go:185.55,187.3 1 0
github.com/IBM/eventstreams-go-sdk/example.go:193.61,206.25 8 0
github.com/IBM/eventstreams-go-sdk/example.go:211.2,211.48 1 0
github.com/IBM/eventstreams-go-sdk/example.go:215.2,217.12 2 0
github.com/IBM/eventstreams-go-sdk/example.go:206.25,208.3 1 0
github.com/IBM/eventstreams-go-sdk/example.go:211.48,213.3 1 0
github.com/IBM/eventstreams-go-sdk/example.go:220.61,228.25 5 0
github.com/IBM/eventstreams-go-sdk/example.go:233.2,233.48 1 0
github.com/IBM/eventstreams-go-sdk/example.go:237.2,238.12 2 0
github.com/IBM/eventstreams-go-sdk/example.go:228.25,230.3 1 0
github.com/IBM/eventstreams-go-sdk/example.go:233.48,235.3 1 0
github.com/IBM/eventstreams-go-sdk/example.go:241.63,250.25 6 0
github.com/IBM/eventstreams-go-sdk/example.go:255.2,255.48 1 0
github.com/IBM/eventstreams-go-sdk/example.go:259.2,261.12 2 0
github.com/IBM/eventstreams-go-sdk/example.go:250.25,252.3 1 0
github.com/IBM/eventstreams-go-sdk/example.go:255.48,257.3 1 0
github.com/IBM/eventstreams-go-sdk/pkg/common/headers.go:64.101,70.2 3 1
github.com/IBM/eventstreams-go-sdk/pkg/common/headers.go:74.32,76.2 1 1
github.com/IBM/eventstreams-go-sdk/pkg/common/headers.go:80.29,82.2 1 2
github.com/IBM/eventstreams-go-sdk/pkg/common/headers.go:64.101,70.2 3 33
github.com/IBM/eventstreams-go-sdk/pkg/common/headers.go:74.32,76.2 1 33
github.com/IBM/eventstreams-go-sdk/pkg/common/headers.go:80.29,82.2 1 1
github.com/IBM/eventstreams-go-sdk/example.go:16.13,20.15 3 0
github.com/IBM/eventstreams-go-sdk/example.go:25.2,25.18 1 0
github.com/IBM/eventstreams-go-sdk/example.go:30.2,37.23 3 0
github.com/IBM/eventstreams-go-sdk/example.go:43.2,48.16 5 0
github.com/IBM/eventstreams-go-sdk/example.go:53.2,55.16 3 0
github.com/IBM/eventstreams-go-sdk/example.go:60.2,62.16 3 0
github.com/IBM/eventstreams-go-sdk/example.go:67.2,69.16 3 0
github.com/IBM/eventstreams-go-sdk/example.go:74.2,76.16 3 0
github.com/IBM/eventstreams-go-sdk/example.go:81.2,83.16 3 0
github.com/IBM/eventstreams-go-sdk/example.go:110.2,112.16 3 0
github.com/IBM/eventstreams-go-sdk/example.go:117.2,119.16 3 0
github.com/IBM/eventstreams-go-sdk/example.go:20.15,23.3 2 0
github.com/IBM/eventstreams-go-sdk/example.go:25.18,28.3 2 0
github.com/IBM/eventstreams-go-sdk/example.go:37.23,40.3 2 0
github.com/IBM/eventstreams-go-sdk/example.go:48.16,51.3 2 0
github.com/IBM/eventstreams-go-sdk/example.go:55.16,58.3 2 0
github.com/IBM/eventstreams-go-sdk/example.go:62.16,65.3 2 0
github.com/IBM/eventstreams-go-sdk/example.go:69.16,72.3 2 0
github.com/IBM/eventstreams-go-sdk/example.go:76.16,79.3 2 0
github.com/IBM/eventstreams-go-sdk/example.go:83.16,86.3 2 0
github.com/IBM/eventstreams-go-sdk/example.go:112.16,115.3 2 0
github.com/IBM/eventstreams-go-sdk/example.go:119.16,122.3 2 0
github.com/IBM/eventstreams-go-sdk/example.go:125.60,131.25 3 0
github.com/IBM/eventstreams-go-sdk/example.go:136.2,136.42 1 0
github.com/IBM/eventstreams-go-sdk/example.go:141.2,141.37 1 0
github.com/IBM/eventstreams-go-sdk/example.go:144.2,144.12 1 0
github.com/IBM/eventstreams-go-sdk/example.go:131.25,133.3 1 0
github.com/IBM/eventstreams-go-sdk/example.go:136.42,138.3 1 0
github.com/IBM/eventstreams-go-sdk/example.go:141.37,143.3 1 0
github.com/IBM/eventstreams-go-sdk/example.go:147.62,156.25 5 0
github.com/IBM/eventstreams-go-sdk/example.go:161.2,161.42 1 0
github.com/IBM/eventstreams-go-sdk/example.go:166.2,185.55 7 0
github.com/IBM/eventstreams-go-sdk/example.go:189.2,189.12 1 0
github.com/IBM/eventstreams-go-sdk/example.go:156.25,158.3 1 0
github.com/IBM/eventstreams-go-sdk/example.go:161.42,163.3 1 0
github.com/IBM/eventstreams-go-sdk/example.go:185.55,187.3 1 0
github.com/IBM/eventstreams-go-sdk/example.go:193.61,206.25 8 0
github.com/IBM/eventstreams-go-sdk/example.go:211.2,211.48 1 0
github.com/IBM/eventstreams-go-sdk/example.go:215.2,217.12 2 0
github.com/IBM/eventstreams-go-sdk/example.go:206.25,208.3 1 0
github.com/IBM/eventstreams-go-sdk/example.go:211.48,213.3 1 0
github.com/IBM/eventstreams-go-sdk/example.go:220.61,228.25 5 0
github.com/IBM/eventstreams-go-sdk/example.go:233.2,233.48 1 0
github.com/IBM/eventstreams-go-sdk/example.go:237.2,238.12 2 0
github.com/IBM/eventstreams-go-sdk/example.go:228.25,230.3 1 0
github.com/IBM/eventstreams-go-sdk/example.go:233.48,235.3 1 0
github.com/IBM/eventstreams-go-sdk/example.go:241.63,250.25 6 0
github.com/IBM/eventstreams-go-sdk/example.go:255.2,255.48 1 0
github.com/IBM/eventstreams-go-sdk/example.go:259.2,261.12 2 0
github.com/IBM/eventstreams-go-sdk/example.go:250.25,252.3 1 0
github.com/IBM/eventstreams-go-sdk/example.go:255.48,257.3 1 0
github.com/IBM/eventstreams-go-sdk/pkg/adminrestv1/adminrest_v1.go:57.105,58.31 1 5
github.com/IBM/eventstreams-go-sdk/pkg/adminrestv1/adminrest_v1.go:62.2,62.34 1 5
github.com/IBM/eventstreams-go-sdk/pkg/adminrestv1/adminrest_v1.go:69.2,70.16 2 4
github.com/IBM/eventstreams-go-sdk/pkg/adminrestv1/adminrest_v1.go:74.2,75.16 2 3
github.com/IBM/eventstreams-go-sdk/pkg/adminrestv1/adminrest_v1.go:79.2,79.23 1 3
github.com/IBM/eventstreams-go-sdk/pkg/adminrestv1/adminrest_v1.go:82.2,82.8 1 3
github.com/IBM/eventstreams-go-sdk/pkg/adminrestv1/adminrest_v1.go:58.31,60.3 1 5
github.com/IBM/eventstreams-go-sdk/pkg/adminrestv1/adminrest_v1.go:62.34,64.17 2 5
github.com/IBM/eventstreams-go-sdk/pkg/adminrestv1/adminrest_v1.go:64.17,66.4 1 1
github.com/IBM/eventstreams-go-sdk/pkg/adminrestv1/adminrest_v1.go:70.16,72.3 1 1
github.com/IBM/eventstreams-go-sdk/pkg/adminrestv1/adminrest_v1.go:75.16,77.3 1 0
github.com/IBM/eventstreams-go-sdk/pkg/adminrestv1/adminrest_v1.go:79.23,81.3 1 1
github.com/IBM/eventstreams-go-sdk/pkg/adminrestv1/adminrest_v1.go:86.84,93.16 3 34
github.com/IBM/eventstreams-go-sdk/pkg/adminrestv1/adminrest_v1.go:97.2,97.23 1 32
github.com/IBM/eventstreams-go-sdk/pkg/adminrestv1/adminrest_v1.go:104.2,108.8 2 31
github.com/IBM/eventstreams-go-sdk/pkg/adminrestv1/adminrest_v1.go:93.16,95.3 1 2
github.com/IBM/eventstreams-go-sdk/pkg/adminrestv1/adminrest_v1.go:97.23,99.17 2 29
github.com/IBM/eventstreams-go-sdk/pkg/adminrestv1/adminrest_v1.go:99.17,101.4 1 1
github.com/IBM/eventstreams-go-sdk/pkg/adminrestv1/adminrest_v1.go:112.60,114.2 1 1
github.com/IBM/eventstreams-go-sdk/pkg/adminrestv1/adminrest_v1.go:117.52,118.27 1 3
github.com/IBM/eventstreams-go-sdk/pkg/adminrestv1/adminrest_v1.go:121.2,123.15 3 3
github.com/IBM/eventstreams-go-sdk/pkg/adminrestv1/adminrest_v1.go:118.27,120.3 1 0
github.com/IBM/eventstreams-go-sdk/pkg/adminrestv1/adminrest_v1.go:127.63,129.2 1 9
github.com/IBM/eventstreams-go-sdk/pkg/adminrestv1/adminrest_v1.go:132.54,134.2 1 6
github.com/IBM/eventstreams-go-sdk/pkg/adminrestv1/adminrest_v1.go:137.70,139.2 1 0
github.com/IBM/eventstreams-go-sdk/pkg/adminrestv1/adminrest_v1.go:142.73,144.2 1 0
github.com/IBM/eventstreams-go-sdk/pkg/adminrestv1/adminrest_v1.go:147.63,149.2 1 41
github.com/IBM/eventstreams-go-sdk/pkg/adminrestv1/adminrest_v1.go:153.93,155.2 1 10
github.com/IBM/eventstreams-go-sdk/pkg/adminrestv1/adminrest_v1.go:158.48,160.2 1 5
github.com/IBM/eventstreams-go-sdk/pkg/adminrestv1/adminrest_v1.go:164.128,166.2 1 3
github.com/IBM/eventstreams-go-sdk/pkg/adminrestv1/adminrest_v1.go:169.160,171.16 2 3
github.com/IBM/eventstreams-go-sdk/pkg/adminrestv1/adminrest_v1.go:174.2,175.16 2 2
github.com/IBM/eventstreams-go-sdk/pkg/adminrestv1/adminrest_v1.go:179.2,183.16 5 2
github.com/IBM/eventstreams-go-sdk/pkg/adminrestv1/adminrest_v1.go:187.2,187.66 1 1
github.com/IBM/eventstreams-go-sdk/pkg/adminrestv1/adminrest_v1.go:191.2,192.50 2 1
github.com/IBM/eventstreams-go-sdk/pkg/adminrestv1/adminrest_v1.go:195.2,199.36 4 1
github.com/IBM/eventstreams-go-sdk/pkg/adminrestv1/adminrest_v1.go:202.2,202.42 1 1
github.com/IBM/eventstreams-go-sdk/pkg/adminrestv1/adminrest_v1.go:205.2,205.46 1 1
github.com/IBM/eventstreams-go-sdk/pkg/adminrestv1/adminrest_v1.go:208.2,208.39 1 1
github.com/IBM/eventstreams-go-sdk/pkg/adminrestv1/adminrest_v1.go:211.2,212.16 2 1
github.com/IBM/eventstreams-go-sdk/pkg/adminrestv1/adminrest_v1.go:216.2,217.16 2 1
github.com/IBM/eventstreams-go-sdk/pkg/adminrestv1/adminrest_v1.go:221.2,223.8 2 1
github.com/IBM/eventstreams-go-sdk/pkg/adminrestv1/adminrest_v1.go:171.16,173.3 1 1
github.com/IBM/eventstreams-go-sdk/pkg/adminrestv1/adminrest_v1.go:175.16,177.3 1 0
github.com/IBM/eventstreams-go-sdk/pkg/adminrestv1/adminrest_v1.go:183.16,185.3 1 1
github.com/IBM/eventstreams-go-sdk/pkg/adminrestv1/adminrest_v1.go:187.66,189.3 1 1
github.com/IBM/eventstreams-go-sdk/pkg/adminrestv1/adminrest_v1.go:192.50,194.3 1 1
github.com/IBM/eventstreams-go-sdk/pkg/adminrestv1/adminrest_v1.go:199.36,201.3 1 1
github.com/IBM/eventstreams-go-sdk/pkg/adminrestv1/adminrest_v1.go:202.42,204.3 1 1
github.com/IBM/eventstreams-go-sdk/pkg/adminrestv1/adminrest_v1.go:205.46,207.3 1 1
github.com/IBM/eventstreams-go-sdk/pkg/adminrestv1/adminrest_v1.go:208.39,210.3 1 1
github.com/IBM/eventstreams-go-sdk/pkg/adminrestv1/adminrest_v1.go:212.16,214.3 1 0
github.com/IBM/eventstreams-go-sdk/pkg/adminrestv1/adminrest_v1.go:217.16,219.3 1 0
github.com/IBM/eventstreams-go-sdk/pkg/adminrestv1/adminrest_v1.go:229.147,231.2 1 6
github.com/IBM/eventstreams-go-sdk/pkg/adminrestv1/adminrest_v1.go:234.179,236.16 2 8
github.com/IBM/eventstreams-go-sdk/pkg/adminrestv1/adminrest_v1.go:240.2,244.16 5 7
github.com/IBM/eventstreams-go-sdk/pkg/adminrestv1/adminrest_v1.go:248.2,248.65 1 6
github.com/IBM/eventstreams-go-sdk/pkg/adminrestv1/adminrest_v1.go:252.2,253.50 2 6
github.com/IBM/eventstreams-go-sdk/pkg/adminrestv1/adminrest_v1.go:256.2,258.42 2 6
github.com/IBM/eventstreams-go-sdk/pkg/adminrestv1/adminrest_v1.go:261.2,261.38 1 6
github.com/IBM/eventstreams-go-sdk/pkg/adminrestv1/adminrest_v1.go:264.2,264.35 1 6
github.com/IBM/eventstreams-go-sdk/pkg/adminrestv1/adminrest_v1.go:268.2,269.16 2 6
github.com/IBM/eventstreams-go-sdk/pkg/adminrestv1/adminrest_v1.go:273.2,275.16 3 6
github.com/IBM/eventstreams-go-sdk/pkg/adminrestv1/adminrest_v1.go:278.2,279.16 2 2
github.com/IBM/eventstreams-go-sdk/pkg/adminrestv1/adminrest_v1.go:282.2,284.8 2 2
github.com/IBM/eventstreams-go-sdk/pkg/adminrestv1/adminrest_v1.go:236.16,238.3 1 1
github.com/IBM/eventstreams-go-sdk/pkg/adminrestv1/adminrest_v1.go:244.16,246.3 1 1
github.com/IBM/eventstreams-go-sdk/pkg/adminrestv1/adminrest_v1.go:248.65,250.3 1 6
github.com/IBM/eventstreams-go-sdk/pkg/adminrestv1/adminrest_v1.go:253.50,255.3 1 6
github.com/IBM/eventstreams-go-sdk/pkg/adminrestv1/adminrest_v1.go:258.42,260.3 1 6
github.com/IBM/eventstreams-go-sdk/pkg/adminrestv1/adminrest_v1.go:261.38,263.3 1 6
github.com/IBM/eventstreams-go-sdk/pkg/adminrestv1/adminrest_v1.go:264.35,266.3 1 6
github.com/IBM/eventstreams-go-sdk/pkg/adminrestv1/adminrest_v1.go:269.16,271.3 1 0
github.com/IBM/eventstreams-go-sdk/pkg/adminrestv1/adminrest_v1.go:275.16,277.3 1 4
github.com/IBM/eventstreams-go-sdk/pkg/adminrestv1/adminrest_v1.go:279.16,281.3 1 0
github.com/IBM/eventstreams-go-sdk/pkg/adminrestv1/adminrest_v1.go:289.140,291.2 1 7
github.com/IBM/eventstreams-go-sdk/pkg/adminrestv1/adminrest_v1.go:294.172,296.16 2 9
github.com/IBM/eventstreams-go-sdk/pkg/adminrestv1/adminrest_v1.go:299.2,300.16 2 8
github.com/IBM/eventstreams-go-sdk/pkg/adminrestv1/adminrest_v1.go:304.2,312.16 6 7
github.com/IBM/eventstreams-go-sdk/pkg/adminrestv1/adminrest_v1.go:316.2,316.63 1 6
github.com/IBM/eventstreams-go-sdk/pkg/adminrestv1/adminrest_v1.go:320.2,321.50 2 6
github.com/IBM/eventstreams-go-sdk/pkg/adminrestv1/adminrest_v1.go:324.2,327.16 3 6
github.com/IBM/eventstreams-go-sdk/pkg/adminrestv1/adminrest_v1.go:331.2,333.16 3 6
github.com/IBM/eventstreams-go-sdk/pkg/adminrestv1/adminrest_v1.go:336.2,337.16 2 2
github.com/IBM/eventstreams-go-sdk/pkg/adminrestv1/adminrest_v1.go:340.2,342.8 2 2
github.com/IBM/eventstreams-go-sdk/pkg/adminrestv1/adminrest_v1.go:296.16,298.3 1 1
github.com/IBM/eventstreams-go-sdk/pkg/adminrestv1/adminrest_v1.go:300.16,302.3 1 1
github.com/IBM/eventstreams-go-sdk/pkg/adminrestv1/adminrest_v1.go:312.16,314.3 1 1
github.com/IBM/eventstreams-go-sdk/pkg/adminrestv1/adminrest_v1.go:316.63,318.3 1 6
github.com/IBM/eventstreams-go-sdk/pkg/adminrestv1/adminrest_v1.go:321.50,323.3 1 6
github.com/IBM/eventstreams-go-sdk/pkg/adminrestv1/adminrest_v1.go:327.16,329.3 1 0
github.com/IBM/eventstreams-go-sdk/pkg/adminrestv1/adminrest_v1.go:333.16,335.3 1 4
github.com/IBM/eventstreams-go-sdk/pkg/adminrestv1/adminrest_v1.go:337.16,339.3 1 0
github.com/IBM/eventstreams-go-sdk/pkg/adminrestv1/adminrest_v1.go:347.128,349.2 1 4
github.com/IBM/eventstreams-go-sdk/pkg/adminrestv1/adminrest_v1.go:352.160,354.16 2 4
github.com/IBM/eventstreams-go-sdk/pkg/adminrestv1/adminrest_v1.go:357.2,358.16 2 3
github.com/IBM/eventstreams-go-sdk/pkg/adminrestv1/adminrest_v1.go:362.2,370.16 6 2
github.com/IBM/eventstreams-go-sdk/pkg/adminrestv1/adminrest_v1.go:374.2,374.66 1 1
github.com/IBM/eventstreams-go-sdk/pkg/adminrestv1/adminrest_v1.go:378.2,379.50 2 1
github.com/IBM/eventstreams-go-sdk/pkg/adminrestv1/adminrest_v1.go:382.2,385.16 3 1
github.com/IBM/eventstreams-go-sdk/pkg/adminrestv1/adminrest_v1.go:389.2,391.8 2 1
github.com/IBM/eventstreams-go-sdk/pkg/adminrestv1/adminrest_v1.go:354.16,356.3 1 1
github.com/IBM/eventstreams-go-sdk/pkg/adminrestv1/adminrest_v1.go:358.16,360.3 1 1
github.com/IBM/eventstreams-go-sdk/pkg/adminrestv1/adminrest_v1.go:370.16,372.3 1 1
github.com/IBM/eventstreams-go-sdk/pkg/adminrestv1/adminrest_v1.go:374.66,376.3 1 1
github.com/IBM/eventstreams-go-sdk/pkg/adminrestv1/adminrest_v1.go:379.50,381.3 1 1
github.com/IBM/eventstreams-go-sdk/pkg/adminrestv1/adminrest_v1.go:385.16,387.3 1 0
github.com/IBM/eventstreams-go-sdk/pkg/adminrestv1/adminrest_v1.go:396.128,398.2 1 4
github.com/IBM/eventstreams-go-sdk/pkg/adminrestv1/adminrest_v1.go:401.160,403.16 2 4
github.com/IBM/eventstreams-go-sdk/pkg/adminrestv1/adminrest_v1.go:406.2,407.16 2 3
github.com/IBM/eventstreams-go-sdk/pkg/adminrestv1/adminrest_v1.go:411.2,419.16 6 2
github.com/IBM/eventstreams-go-sdk/pkg/adminrestv1/adminrest_v1.go:423.2,423.66 1 1
github.com/IBM/eventstreams-go-sdk/pkg/adminrestv1/adminrest_v1.go:427.2,428.50 2 1
github.com/IBM/eventstreams-go-sdk/pkg/adminrestv1/adminrest_v1.go:431.2,435.54 4 1
github.com/IBM/eventstreams-go-sdk/pkg/adminrestv1/adminrest_v1.go:438.2,438.39 1 1
github.com/IBM/eventstreams-go-sdk/pkg/adminrestv1/adminrest_v1.go:441.2,442.16 2 1
github.com/IBM/eventstreams-go-sdk/pkg/adminrestv1/adminrest_v1.go:446.2,447.16 2 1
github.com/IBM/eventstreams-go-sdk/pkg/adminrestv1/adminrest_v1.go:451.2,453.8 2 1
github.com/IBM/eventstreams-go-sdk/pkg/adminrestv1/adminrest_v1.go:403.16,405.3 1 1
github.com/IBM/eventstreams-go-sdk/pkg/adminrestv1/adminrest_v1.go:407.16,409.3 1 1
github.com/IBM/eventstreams-go-sdk/pkg/adminrestv1/adminrest_v1.go:419.16,421.3 1 1
github.com/IBM/eventstreams-go-sdk/pkg/adminrestv1/adminrest_v1.go:423.66,425.3 1 1
github.com/IBM/eventstreams-go-sdk/pkg/adminrestv1/adminrest_v1.go:428.50,430.3 1 1
github.com/IBM/eventstreams-go-sdk/pkg/adminrestv1/adminrest_v1.go:435.54,437.3 1 1
github.com/IBM/eventstreams-go-sdk/pkg/adminrestv1/adminrest_v1.go:438.39,440.3 1 1
github.com/IBM/eventstreams-go-sdk/pkg/adminrestv1/adminrest_v1.go:442.16,444.3 1 0
github.com/IBM/eventstreams-go-sdk/pkg/adminrestv1/adminrest_v1.go:447.16,449.3 1 0
github.com/IBM/eventstreams-go-sdk/pkg/adminrestv1/adminrest_v1.go:458.206,460.2 1 6
github.com/IBM/eventstreams-go-sdk/pkg/adminrestv1/adminrest_v1.go:463.238,465.16 2 8
github.com/IBM/eventstreams-go-sdk/pkg/adminrestv1/adminrest_v1.go:469.2,473.16 5 7
github.com/IBM/eventstreams-go-sdk/pkg/adminrestv1/adminrest_v1.go:477.2,477.81 1 6
github.com/IBM/eventstreams-go-sdk/pkg/adminrestv1/adminrest_v1.go:481.2,482.50 2 6
github.com/IBM/eventstreams-go-sdk/pkg/adminrestv1/adminrest_v1.go:485.2,488.16 3 6
github.com/IBM/eventstreams-go-sdk/pkg/adminrestv1/adminrest_v1.go:492.2,494.16 3 6
github.com/IBM/eventstreams-go-sdk/pkg/adminrestv1/adminrest_v1.go:497.2,498.16 2 2
github.com/IBM/eventstreams-go-sdk/pkg/adminrestv1/adminrest_v1.go:501.2,503.8 2 2
github.com/IBM/eventstreams-go-sdk/pkg/adminrestv1/adminrest_v1.go:465.16,467.3 1 1
github.com/IBM/eventstreams-go-sdk/pkg/adminrestv1/adminrest_v1.go:473.16,475.3 1 1
github.com/IBM/eventstreams-go-sdk/pkg/adminrestv1/adminrest_v1.go:477.81,479.3 1 6
github.com/IBM/eventstreams-go-sdk/pkg/adminrestv1/adminrest_v1.go:482.50,484.3 1 6
github.com/IBM/eventstreams-go-sdk/pkg/adminrestv1/adminrest_v1.go:488.16,490.3 1 0
github.com/IBM/eventstreams-go-sdk/pkg/adminrestv1/adminrest_v1.go:494.16,496.3 1 4
github.com/IBM/eventstreams-go-sdk/pkg/adminrestv1/adminrest_v1.go:498.16,500.3 1 0
github.com/IBM/eventstreams-go-sdk/pkg/adminrestv1/adminrest_v1.go:508.218,510.2 1 6
github.com/IBM/eventstreams-go-sdk/pkg/adminrestv1/adminrest_v1.go:513.250,515.16 2 8
github.com/IBM/eventstreams-go-sdk/pkg/adminrestv1/adminrest_v1.go:518.2,519.16 2 7
github.com/IBM/eventstreams-go-sdk/pkg/adminrestv1/adminrest_v1.go:523.2,527.16 5 7
github.com/IBM/eventstreams-go-sdk/pkg/adminrestv1/adminrest_v1.go:531.2,531.85 1 6
github.com/IBM/eventstreams-go-sdk/pkg/adminrestv1/adminrest_v1.go:535.2,536.50 2 6
github.com/IBM/eventstreams-go-sdk/pkg/adminrestv1/adminrest_v1.go:539.2,543.59 4 6
github.com/IBM/eventstreams-go-sdk/pkg/adminrestv1/adminrest_v1.go:546.2,547.16 2 6
github.com/IBM/eventstreams-go-sdk/pkg/adminrestv1/adminrest_v1.go:551.2,552.16 2 6
github.com/IBM/eventstreams-go-sdk/pkg/adminrestv1/adminrest_v1.go:556.2,558.16 3 6
github.com/IBM/eventstreams-go-sdk/pkg/adminrestv1/adminrest_v1.go:561.2,562.16 2 2
github.com/IBM/eventstreams-go-sdk/pkg/adminrestv1/adminrest_v1.go:565.2,567.8 2 2
github.com/IBM/eventstreams-go-sdk/pkg/adminrestv1/adminrest_v1.go:515.16,517.3 1 1
github.com/IBM/eventstreams-go-sdk/pkg/adminrestv1/adminrest_v1.go:519.16,521.3 1 0
github.com/IBM/eventstreams-go-sdk/pkg/adminrestv1/adminrest_v1.go:527.16,529.3 1 1
github.com/IBM/eventstreams-go-sdk/pkg/adminrestv1/adminrest_v1.go:531.85,533.3 1 6
github.com/IBM/eventstreams-go-sdk/pkg/adminrestv1/adminrest_v1.go:536.50,538.3 1 6
github.com/IBM/eventstreams-go-sdk/pkg/adminrestv1/adminrest_v1.go:543.59,545.3 1 6
github.com/IBM/eventstreams-go-sdk/pkg/adminrestv1/adminrest_v1.go:547.16,549.3 1 0
github.com/IBM/eventstreams-go-sdk/pkg/adminrestv1/adminrest_v1.go:552.16,554.3 1 0
github.com/IBM/eventstreams-go-sdk/pkg/adminrestv1/adminrest_v1.go:558.16,560.3 1 4
github.com/IBM/eventstreams-go-sdk/pkg/adminrestv1/adminrest_v1.go:562.16,564.3 1 0
github.com/IBM/eventstreams-go-sdk/pkg/adminrestv1/adminrest_v1.go:572.198,574.2 1 6
github.com/IBM/eventstreams-go-sdk/pkg/adminrestv1/adminrest_v1.go:577.230,579.16 2 8
github.com/IBM/eventstreams-go-sdk/pkg/adminrestv1/adminrest_v1.go:583.2,587.16 5 7
github.com/IBM/eventstreams-go-sdk/pkg/adminrestv1/adminrest_v1.go:591.2,591.79 1 6
github.com/IBM/eventstreams-go-sdk/pkg/adminrestv1/adminrest_v1.go:595.2,596.50 2 6
github.com/IBM/eventstreams-go-sdk/pkg/adminrestv1/adminrest_v1.go:599.2,602.16 3 6
github.com/IBM/eventstreams-go-sdk/pkg/adminrestv1/adminrest_v1.go:606.2,608.16 3 6
github.com/IBM/eventstreams-go-sdk/pkg/adminrestv1/adminrest_v1.go:611.2,612.16 2 2
github.com/IBM/eventstreams-go-sdk/pkg/adminrestv1/adminrest_v1.go:615.2,617.8 2 2
github.com/IBM/eventstreams-go-sdk/pkg/adminrestv1/adminrest_v1.go:579.16,581.3 1 1
github.com/IBM/eventstreams-go-sdk/pkg/adminrestv1/adminrest_v1.go:587.16,589.3 1 1
github.com/IBM/eventstreams-go-sdk/pkg/adminrestv1/adminrest_v1.go:591.79,593.3 1 6
github.com/IBM/eventstreams-go-sdk/pkg/adminrestv1/adminrest_v1.go:596.50,598.3 1 6
github.com/IBM/eventstreams-go-sdk/pkg/adminrestv1/adminrest_v1.go:602.16,604.3 1 0
github.com/IBM/eventstreams-go-sdk/pkg/adminrestv1/adminrest_v1.go:608.16,610.3 1 4
github.com/IBM/eventstreams-go-sdk/pkg/adminrestv1/adminrest_v1.go:612.16,614.3 1 0
github.com/IBM/eventstreams-go-sdk/pkg/adminrestv1/adminrest_v1.go:639.65,641.2 1 1
github.com/IBM/eventstreams-go-sdk/pkg/adminrestv1/adminrest_v1.go:644.77,647.2 2 1
github.com/IBM/eventstreams-go-sdk/pkg/adminrestv1/adminrest_v1.go:650.88,653.2 2 1
github.com/IBM/eventstreams-go-sdk/pkg/adminrestv1/adminrest_v1.go:656.96,659.2 2 1
github.com/IBM/eventstreams-go-sdk/pkg/adminrestv1/adminrest_v1.go:662.91,665.2 2 1
github.com/IBM/eventstreams-go-sdk/pkg/adminrestv1/adminrest_v1.go:668.92,671.2 2 1
github.com/IBM/eventstreams-go-sdk/pkg/adminrestv1/adminrest_v1.go:683.81,687.2 1 1
github.com/IBM/eventstreams-go-sdk/pkg/adminrestv1/adminrest_v1.go:690.87,693.2 2 1
github.com/IBM/eventstreams-go-sdk/pkg/adminrestv1/adminrest_v1.go:696.92,699.2 2 1
github.com/IBM/eventstreams-go-sdk/pkg/adminrestv1/adminrest_v1.go:709.91,711.2 1 1
github.com/IBM/eventstreams-go-sdk/pkg/adminrestv1/adminrest_v1.go:714.118,717.2 2 1
github.com/IBM/eventstreams-go-sdk/pkg/adminrestv1/adminrest_v1.go:727.95,729.2 1 1
github.com/IBM/eventstreams-go-sdk/pkg/adminrestv1/adminrest_v1.go:732.122,735.2 2 1
github.com/IBM/eventstreams-go-sdk/pkg/adminrestv1/adminrest_v1.go:747.75,751.2 1 1
github.com/IBM/eventstreams-go-sdk/pkg/adminrestv1/adminrest_v1.go:754.81,757.2 2 1
github.com/IBM/eventstreams-go-sdk/pkg/adminrestv1/adminrest_v1.go:760.86,763.2 2 1
github.com/IBM/eventstreams-go-sdk/pkg/adminrestv1/adminrest_v1.go:784.63,786.2 1 1
github.com/IBM/eventstreams-go-sdk/pkg/adminrestv1/adminrest_v1.go:789.89,792.2 2 1
github.com/IBM/eventstreams-go-sdk/pkg/adminrestv1/adminrest_v1.go:795.80,798.2 2 1
github.com/IBM/eventstreams-go-sdk/pkg/adminrestv1/adminrest_v1.go:801.74,804.2 2 1
github.com/IBM/eventstreams-go-sdk/pkg/adminrestv1/adminrest_v1.go:807.90,810.2 2 1
github.com/IBM/eventstreams-go-sdk/pkg/adminrestv1/adminrest_v1.go:821.103,823.2 1 1
github.com/IBM/eventstreams-go-sdk/pkg/adminrestv1/adminrest_v1.go:826.125,829.2 2 1
github.com/IBM/eventstreams-go-sdk/pkg/adminrestv1/adminrest_v1.go:832.130,835.2 2 1
github.com/IBM/eventstreams-go-sdk/pkg/adminrestv1/adminrest_v1.go:843.102,846.16 3 4
github.com/IBM/eventstreams-go-sdk/pkg/adminrestv1/adminrest_v1.go:849.2,850.8 2 4
github.com/IBM/eventstreams-go-sdk/pkg/adminrestv1/adminrest_v1.go:846.16,848.3 1 0
github.com/IBM/eventstreams-go-sdk/pkg/adminrestv1/adminrest_v1.go:870.81,874.2 1 1
github.com/IBM/eventstreams-go-sdk/pkg/adminrestv1/adminrest_v1.go:877.87,880.2 2 1
github.com/IBM/eventstreams-go-sdk/pkg/adminrestv1/adminrest_v1.go:883.112,886.2 2 1
github.com/IBM/eventstreams-go-sdk/pkg/adminrestv1/adminrest_v1.go:889.91,892.2 2 1
github.com/IBM/eventstreams-go-sdk/pkg/adminrestv1/adminrest_v1.go:895.92,898.2 2 1
github.com/IBM/eventstreams-go-sdk/pkg/adminrestv1/adminrest_v1.go:910.90,913.16 3 0
github.com/IBM/eventstreams-go-sdk/pkg/adminrestv1/adminrest_v1.go:916.2,917.16 2 0
github.com/IBM/eventstreams-go-sdk/pkg/adminrestv1/adminrest_v1.go:920.2,921.8 2 0
github.com/IBM/eventstreams-go-sdk/pkg/adminrestv1/adminrest_v1.go:913.16,915.3 1 0
github.com/IBM/eventstreams-go-sdk/pkg/adminrestv1/adminrest_v1.go:917.16,919.3 1 0
github.com/IBM/eventstreams-go-sdk/pkg/adminrestv1/adminrest_v1.go:937.90,940.16 3 0
github.com/IBM/eventstreams-go-sdk/pkg/adminrestv1/adminrest_v1.go:943.2,944.16 2 0
github.com/IBM/eventstreams-go-sdk/pkg/adminrestv1/adminrest_v1.go:947.2,948.16 2 0
github.com/IBM/eventstreams-go-sdk/pkg/adminrestv1/adminrest_v1.go:951.2,952.8 2 0
github.com/IBM/eventstreams-go-sdk/pkg/adminrestv1/adminrest_v1.go:940.16,942.3 1 0
github.com/IBM/eventstreams-go-sdk/pkg/adminrestv1/adminrest_v1.go:944.16,946.3 1 0
github.com/IBM/eventstreams-go-sdk/pkg/adminrestv1/adminrest_v1.go:948.16,950.3 1 0
github.com/IBM/eventstreams-go-sdk/pkg/adminrestv1/adminrest_v1.go:961.99,964.16 3 2
github.com/IBM/eventstreams-go-sdk/pkg/adminrestv1/adminrest_v1.go:967.2,968.8 2 2
github.com/IBM/eventstreams-go-sdk/pkg/adminrestv1/adminrest_v1.go:964.16,966.3 1 0
github.com/IBM/eventstreams-go-sdk/pkg/adminrestv1/adminrest_v1.go:977.101,980.16 3 4
github.com/IBM/eventstreams-go-sdk/pkg/adminrestv1/adminrest_v1.go:983.2,984.8 2 4
github.com/IBM/eventstreams-go-sdk/pkg/adminrestv1/adminrest_v1.go:980.16,982.3 1 0
github.com/IBM/eventstreams-go-sdk/pkg/adminrestv1/adminrest_v1.go:996.95,999.16 3 4
github.com/IBM/eventstreams-go-sdk/pkg/adminrestv1/adminrest_v1.go:1002.2,1003.16 2 4
github.com/IBM/eventstreams-go-sdk/pkg/adminrestv1/adminrest_v1.go:1006.2,1007.8 2 4
github.com/IBM/eventstreams-go-sdk/pkg/adminrestv1/adminrest_v1.go:999.16,1001.3 1 0
github.com/IBM/eventstreams-go-sdk/pkg/adminrestv1/adminrest_v1.go:1003.16,1005.3 1 0
github.com/IBM/eventstreams-go-sdk/pkg/adminrestv1/adminrest_v1.go:1035.90,1038.16 3 4
github.com/IBM/eventstreams-go-sdk/pkg/adminrestv1/adminrest_v1.go:1041.2,1042.16 2 4
github.com/IBM/eventstreams-go-sdk/pkg/adminrestv1/adminrest_v1.go:1045.2,1046.16 2 4
github.com/IBM/eventstreams-go-sdk/pkg/adminrestv1/adminrest_v1.go:1049.2,1050.16 2 4
github.com/IBM/eventstreams-go-sdk/pkg/adminrestv1/adminrest_v1.go:1053.2,1054.16 2 4
github.com/IBM/eventstreams-go-sdk/pkg/adminrestv1/adminrest_v1.go:1057.2,1058.16 2 4
github.com/IBM/eventstreams-go-sdk/pkg/adminrestv1/adminrest_v1.go:1061.2,1062.16 2 4
github.com/IBM/eventstreams-go-sdk/pkg/adminrestv1/adminrest_v1.go:1065.2,1066.8 2 4
github.com/IBM/eventstreams-go-sdk/pkg/adminrestv1/adminrest_v1.go:1038.16,1040.3 1 0
github.com/IBM/eventstreams-go-sdk/pkg/adminrestv1/adminrest_v1.go:1042.16,1044.3 1 0
github.com/IBM/eventstreams-go-sdk/pkg/adminrestv1/adminrest_v1.go:1046.16,1048.3 1 0
github.com/IBM/eventstreams-go-sdk/pkg/adminrestv1/adminrest_v1.go:1050.16,1052.3 1 0
github.com/IBM/eventstreams-go-sdk/pkg/adminrestv1/adminrest_v1.go:1054.16,1056.3 1 0
github.com/IBM/eventstreams-go-sdk/pkg/adminrestv1/adminrest_v1.go:1058.16,1060.3 1 0
github.com/IBM/eventstreams-go-sdk/pkg/adminrestv1/adminrest_v1.go:1062.16,1064.3 1 0
github.com/IBM/eventstreams-go-sdk/pkg/adminrestv1/adminrest_v1.go:1093.89,1096.16 3 4
github.com/IBM/eventstreams-go-sdk/pkg/adminrestv1/adminrest_v1.go:1099.2,1100.16 2 4
github.com/IBM/eventstreams-go-sdk/pkg/adminrestv1/adminrest_v1.go:1103.2,1104.16 2 4
github.com/IBM/eventstreams-go-sdk/pkg/adminrestv1/adminrest_v1.go:1107.2,1108.16 2 4
github.com/IBM/eventstreams-go-sdk/pkg/adminrestv1/adminrest_v1.go:1111.2,1112.16 2 4
github.com/IBM/eventstreams-go-sdk/pkg/adminrestv1/adminrest_v1.go:1115.2,1116.16 2 4
github.com/IBM/eventstreams-go-sdk/pkg/adminrestv1/adminrest_v1.go:1119.2,1120.16 2 4
github.com/IBM/eventstreams-go-sdk/pkg/adminrestv1/adminrest_v1.go:1123.2,1124.8 2 4
github.com/IBM/eventstreams-go-sdk/pkg/adminrestv1/adminrest_v1.go:1096.16,1098.3 1 0
github.com/IBM/eventstreams-go-sdk/pkg/adminrestv1/adminrest_v1.go:1100.16,1102.3 1 0
github.com/IBM/eventstreams-go-sdk/pkg/adminrestv1/adminrest_v1.go:1104.16,1106.3 1 0
github.com/IBM/eventstreams-go-sdk/pkg/adminrestv1/adminrest_v1.go:1108.16,1110.3 1 0
github.com/IBM/eventstreams-go-sdk/pkg/adminrestv1/adminrest_v1.go:1112.16,1114.3 1 0
github.com/IBM/eventstreams-go-sdk/pkg/adminrestv1/adminrest_v1.go:1116.16,1118.3 1 0
github.com/IBM/eventstreams-go-sdk/pkg/adminrestv1/adminrest_v1.go:1120.16,1122.3 1 0
