mode: atomic
github.com/IBM/eventstreams-go-sdk/pkg/common/headers.go:63.101,69.2 3 1
github.com/IBM/eventstreams-go-sdk/pkg/common/headers.go:71.73,73.2 1 1
github.com/IBM/eventstreams-go-sdk/pkg/common/headers.go:77.29,79.2 1 2
github.com/IBM/eventstreams-go-sdk/pkg/adminrestv1/adminrest_v1.go:54.105,55.31 1 0
github.com/IBM/eventstreams-go-sdk/pkg/adminrestv1/adminrest_v1.go:59.2,59.34 1 0
github.com/IBM/eventstreams-go-sdk/pkg/adminrestv1/adminrest_v1.go:66.2,67.16 2 0
github.com/IBM/eventstreams-go-sdk/pkg/adminrestv1/adminrest_v1.go:71.2,72.16 2 0
github.com/IBM/eventstreams-go-sdk/pkg/adminrestv1/adminrest_v1.go:76.2,76.23 1 0
github.com/IBM/eventstreams-go-sdk/pkg/adminrestv1/adminrest_v1.go:79.2,79.8 1 0
github.com/IBM/eventstreams-go-sdk/pkg/adminrestv1/adminrest_v1.go:55.31,57.3 1 0
github.com/IBM/eventstreams-go-sdk/pkg/adminrestv1/adminrest_v1.go:59.34,61.17 2 0
github.com/IBM/eventstreams-go-sdk/pkg/adminrestv1/adminrest_v1.go:61.17,63.4 1 0
github.com/IBM/eventstreams-go-sdk/pkg/adminrestv1/adminrest_v1.go:67.16,69.3 1 0
github.com/IBM/eventstreams-go-sdk/pkg/adminrestv1/adminrest_v1.go:72.16,74.3 1 0
github.com/IBM/eventstreams-go-sdk/pkg/adminrestv1/adminrest_v1.go:76.23,78.3 1 0
github.com/IBM/eventstreams-go-sdk/pkg/adminrestv1/adminrest_v1.go:83.84,89.16 3 0
github.com/IBM/eventstreams-go-sdk/pkg/adminrestv1/adminrest_v1.go:93.2,93.23 1 0
github.com/IBM/eventstreams-go-sdk/pkg/adminrestv1/adminrest_v1.go:100.2,104.8 2 0
github.com/IBM/eventstreams-go-sdk/pkg/adminrestv1/adminrest_v1.go:89.16,91.3 1 0
github.com/IBM/eventstreams-go-sdk/pkg/adminrestv1/adminrest_v1.go:93.23,95.17 2 0
github.com/IBM/eventstreams-go-sdk/pkg/adminrestv1/adminrest_v1.go:95.17,97.4 1 0
github.com/IBM/eventstreams-go-sdk/pkg/adminrestv1/adminrest_v1.go:108.60,110.2 1 0
github.com/IBM/eventstreams-go-sdk/pkg/adminrestv1/adminrest_v1.go:113.52,114.27 1 0
github.com/IBM/eventstreams-go-sdk/pkg/adminrestv1/adminrest_v1.go:117.2,119.15 3 0
github.com/IBM/eventstreams-go-sdk/pkg/adminrestv1/adminrest_v1.go:114.27,116.3 1 0
github.com/IBM/eventstreams-go-sdk/pkg/adminrestv1/adminrest_v1.go:123.63,125.2 1 0
github.com/IBM/eventstreams-go-sdk/pkg/adminrestv1/adminrest_v1.go:128.54,130.2 1 0
github.com/IBM/eventstreams-go-sdk/pkg/adminrestv1/adminrest_v1.go:133.70,135.2 1 0
github.com/IBM/eventstreams-go-sdk/pkg/adminrestv1/adminrest_v1.go:138.73,140.2 1 0
github.com/IBM/eventstreams-go-sdk/pkg/adminrestv1/adminrest_v1.go:143.63,145.2 1 0
github.com/IBM/eventstreams-go-sdk/pkg/adminrestv1/adminrest_v1.go:149.93,151.2 1 0
github.com/IBM/eventstreams-go-sdk/pkg/adminrestv1/adminrest_v1.go:154.48,156.2 1 0
github.com/IBM/eventstreams-go-sdk/pkg/adminrestv1/adminrest_v1.go:160.128,162.2 1 0
github.com/IBM/eventstreams-go-sdk/pkg/adminrestv1/adminrest_v1.go:165.160,167.16 2 0
github.com/IBM/eventstreams-go-sdk/pkg/adminrestv1/adminrest_v1.go:170.2,171.16 2 0
github.com/IBM/eventstreams-go-sdk/pkg/adminrestv1/adminrest_v1.go:175.2,179.16 5 0
github.com/IBM/eventstreams-go-sdk/pkg/adminrestv1/adminrest_v1.go:183.2,183.66 1 0
github.com/IBM/eventstreams-go-sdk/pkg/adminrestv1/adminrest_v1.go:187.2,188.50 2 0
github.com/IBM/eventstreams-go-sdk/pkg/adminrestv1/adminrest_v1.go:191.2,194.36 3 0
github.com/IBM/eventstreams-go-sdk/pkg/adminrestv1/adminrest_v1.go:197.2,197.42 1 0
github.com/IBM/eventstreams-go-sdk/pkg/adminrestv1/adminrest_v1.go:200.2,200.46 1 0
github.com/IBM/eventstreams-go-sdk/pkg/adminrestv1/adminrest_v1.go:203.2,203.39 1 0
github.com/IBM/eventstreams-go-sdk/pkg/adminrestv1/adminrest_v1.go:206.2,207.16 2 0
github.com/IBM/eventstreams-go-sdk/pkg/adminrestv1/adminrest_v1.go:211.2,212.16 2 0
github.com/IBM/eventstreams-go-sdk/pkg/adminrestv1/adminrest_v1.go:216.2,218.8 2 0
github.com/IBM/eventstreams-go-sdk/pkg/adminrestv1/adminrest_v1.go:167.16,169.3 1 0
github.com/IBM/eventstreams-go-sdk/pkg/adminrestv1/adminrest_v1.go:171.16,173.3 1 0
github.com/IBM/eventstreams-go-sdk/pkg/adminrestv1/adminrest_v1.go:179.16,181.3 1 0
github.com/IBM/eventstreams-go-sdk/pkg/adminrestv1/adminrest_v1.go:183.66,185.3 1 0
github.com/IBM/eventstreams-go-sdk/pkg/adminrestv1/adminrest_v1.go:188.50,190.3 1 0
github.com/IBM/eventstreams-go-sdk/pkg/adminrestv1/adminrest_v1.go:194.36,196.3 1 0
github.com/IBM/eventstreams-go-sdk/pkg/adminrestv1/adminrest_v1.go:197.42,199.3 1 0
github.com/IBM/eventstreams-go-sdk/pkg/adminrestv1/adminrest_v1.go:200.46,202.3 1 0
github.com/IBM/eventstreams-go-sdk/pkg/adminrestv1/adminrest_v1.go:203.39,205.3 1 0
github.com/IBM/eventstreams-go-sdk/pkg/adminrestv1/adminrest_v1.go:207.16,209.3 1 0
github.com/IBM/eventstreams-go-sdk/pkg/adminrestv1/adminrest_v1.go:212.16,214.3 1 0
github.com/IBM/eventstreams-go-sdk/pkg/adminrestv1/adminrest_v1.go:222.110,224.2 1 0
github.com/IBM/eventstreams-go-sdk/pkg/adminrestv1/adminrest_v1.go:227.142,229.16 2 0
github.com/IBM/eventstreams-go-sdk/pkg/adminrestv1/adminrest_v1.go:233.2,237.16 5 0
github.com/IBM/eventstreams-go-sdk/pkg/adminrestv1/adminrest_v1.go:241.2,241.60 1 0
github.com/IBM/eventstreams-go-sdk/pkg/adminrestv1/adminrest_v1.go:245.2,246.50 2 0
github.com/IBM/eventstreams-go-sdk/pkg/adminrestv1/adminrest_v1.go:250.2,251.16 2 0
github.com/IBM/eventstreams-go-sdk/pkg/adminrestv1/adminrest_v1.go:255.2,257.8 2 0
github.com/IBM/eventstreams-go-sdk/pkg/adminrestv1/adminrest_v1.go:229.16,231.3 1 0
github.com/IBM/eventstreams-go-sdk/pkg/adminrestv1/adminrest_v1.go:237.16,239.3 1 0
github.com/IBM/eventstreams-go-sdk/pkg/adminrestv1/adminrest_v1.go:241.60,243.3 1 0
github.com/IBM/eventstreams-go-sdk/pkg/adminrestv1/adminrest_v1.go:246.50,248.3 1 0
github.com/IBM/eventstreams-go-sdk/pkg/adminrestv1/adminrest_v1.go:251.16,253.3 1 0
github.com/IBM/eventstreams-go-sdk/pkg/adminrestv1/adminrest_v1.go:263.147,265.2 1 0
github.com/IBM/eventstreams-go-sdk/pkg/adminrestv1/adminrest_v1.go:268.179,270.16 2 0
github.com/IBM/eventstreams-go-sdk/pkg/adminrestv1/adminrest_v1.go:274.2,278.16 5 0
github.com/IBM/eventstreams-go-sdk/pkg/adminrestv1/adminrest_v1.go:282.2,282.65 1 0
github.com/IBM/eventstreams-go-sdk/pkg/adminrestv1/adminrest_v1.go:286.2,287.50 2 0
github.com/IBM/eventstreams-go-sdk/pkg/adminrestv1/adminrest_v1.go:290.2,292.42 2 0
github.com/IBM/eventstreams-go-sdk/pkg/adminrestv1/adminrest_v1.go:295.2,295.38 1 0
github.com/IBM/eventstreams-go-sdk/pkg/adminrestv1/adminrest_v1.go:298.2,298.35 1 0
github.com/IBM/eventstreams-go-sdk/pkg/adminrestv1/adminrest_v1.go:302.2,303.16 2 0
github.com/IBM/eventstreams-go-sdk/pkg/adminrestv1/adminrest_v1.go:307.2,309.16 3 0
github.com/IBM/eventstreams-go-sdk/pkg/adminrestv1/adminrest_v1.go:312.2,312.24 1 0
github.com/IBM/eventstreams-go-sdk/pkg/adminrestv1/adminrest_v1.go:320.2,320.8 1 0
github.com/IBM/eventstreams-go-sdk/pkg/adminrestv1/adminrest_v1.go:270.16,272.3 1 0
github.com/IBM/eventstreams-go-sdk/pkg/adminrestv1/adminrest_v1.go:278.16,280.3 1 0
github.com/IBM/eventstreams-go-sdk/pkg/adminrestv1/adminrest_v1.go:282.65,284.3 1 0
github.com/IBM/eventstreams-go-sdk/pkg/adminrestv1/adminrest_v1.go:287.50,289.3 1 0
github.com/IBM/eventstreams-go-sdk/pkg/adminrestv1/adminrest_v1.go:292.42,294.3 1 0
github.com/IBM/eventstreams-go-sdk/pkg/adminrestv1/adminrest_v1.go:295.38,297.3 1 0
github.com/IBM/eventstreams-go-sdk/pkg/adminrestv1/adminrest_v1.go:298.35,300.3 1 0
github.com/IBM/eventstreams-go-sdk/pkg/adminrestv1/adminrest_v1.go:303.16,305.3 1 0
github.com/IBM/eventstreams-go-sdk/pkg/adminrestv1/adminrest_v1.go:309.16,311.3 1 0
github.com/IBM/eventstreams-go-sdk/pkg/adminrestv1/adminrest_v1.go:312.24,314.17 2 0
github.com/IBM/eventstreams-go-sdk/pkg/adminrestv1/adminrest_v1.go:317.3,317.27 1 0
github.com/IBM/eventstreams-go-sdk/pkg/adminrestv1/adminrest_v1.go:314.17,316.4 1 0
github.com/IBM/eventstreams-go-sdk/pkg/adminrestv1/adminrest_v1.go:325.140,327.2 1 0
github.com/IBM/eventstreams-go-sdk/pkg/adminrestv1/adminrest_v1.go:330.172,332.16 2 0
github.com/IBM/eventstreams-go-sdk/pkg/adminrestv1/adminrest_v1.go:335.2,336.16 2 0
github.com/IBM/eventstreams-go-sdk/pkg/adminrestv1/adminrest_v1.go:340.2,348.16 6 0
github.com/IBM/eventstreams-go-sdk/pkg/adminrestv1/adminrest_v1.go:352.2,352.63 1 0
github.com/IBM/eventstreams-go-sdk/pkg/adminrestv1/adminrest_v1.go:356.2,357.50 2 0
github.com/IBM/eventstreams-go-sdk/pkg/adminrestv1/adminrest_v1.go:360.2,363.16 3 0
github.com/IBM/eventstreams-go-sdk/pkg/adminrestv1/adminrest_v1.go:367.2,369.16 3 0
github.com/IBM/eventstreams-go-sdk/pkg/adminrestv1/adminrest_v1.go:372.2,372.24 1 0
github.com/IBM/eventstreams-go-sdk/pkg/adminrestv1/adminrest_v1.go:380.2,380.8 1 0
github.com/IBM/eventstreams-go-sdk/pkg/adminrestv1/adminrest_v1.go:332.16,334.3 1 0
github.com/IBM/eventstreams-go-sdk/pkg/adminrestv1/adminrest_v1.go:336.16,338.3 1 0
github.com/IBM/eventstreams-go-sdk/pkg/adminrestv1/adminrest_v1.go:348.16,350.3 1 0
github.com/IBM/eventstreams-go-sdk/pkg/adminrestv1/adminrest_v1.go:352.63,354.3 1 0
github.com/IBM/eventstreams-go-sdk/pkg/adminrestv1/adminrest_v1.go:357.50,359.3 1 0
github.com/IBM/eventstreams-go-sdk/pkg/adminrestv1/adminrest_v1.go:363.16,365.3 1 0
github.com/IBM/eventstreams-go-sdk/pkg/adminrestv1/adminrest_v1.go:369.16,371.3 1 0
github.com/IBM/eventstreams-go-sdk/pkg/adminrestv1/adminrest_v1.go:372.24,374.17 2 0
github.com/IBM/eventstreams-go-sdk/pkg/adminrestv1/adminrest_v1.go:377.3,377.27 1 0
github.com/IBM/eventstreams-go-sdk/pkg/adminrestv1/adminrest_v1.go:374.17,376.4 1 0
github.com/IBM/eventstreams-go-sdk/pkg/adminrestv1/adminrest_v1.go:385.128,387.2 1 0
github.com/IBM/eventstreams-go-sdk/pkg/adminrestv1/adminrest_v1.go:390.160,392.16 2 0
github.com/IBM/eventstreams-go-sdk/pkg/adminrestv1/adminrest_v1.go:395.2,396.16 2 0
github.com/IBM/eventstreams-go-sdk/pkg/adminrestv1/adminrest_v1.go:400.2,408.16 6 0
github.com/IBM/eventstreams-go-sdk/pkg/adminrestv1/adminrest_v1.go:412.2,412.66 1 0
github.com/IBM/eventstreams-go-sdk/pkg/adminrestv1/adminrest_v1.go:416.2,417.50 2 0
github.com/IBM/eventstreams-go-sdk/pkg/adminrestv1/adminrest_v1.go:421.2,422.16 2 0
github.com/IBM/eventstreams-go-sdk/pkg/adminrestv1/adminrest_v1.go:426.2,428.8 2 0
github.com/IBM/eventstreams-go-sdk/pkg/adminrestv1/adminrest_v1.go:392.16,394.3 1 0
github.com/IBM/eventstreams-go-sdk/pkg/adminrestv1/adminrest_v1.go:396.16,398.3 1 0
github.com/IBM/eventstreams-go-sdk/pkg/adminrestv1/adminrest_v1.go:408.16,410.3 1 0
github.com/IBM/eventstreams-go-sdk/pkg/adminrestv1/adminrest_v1.go:412.66,414.3 1 0
github.com/IBM/eventstreams-go-sdk/pkg/adminrestv1/adminrest_v1.go:417.50,419.3 1 0
github.com/IBM/eventstreams-go-sdk/pkg/adminrestv1/adminrest_v1.go:422.16,424.3 1 0
github.com/IBM/eventstreams-go-sdk/pkg/adminrestv1/adminrest_v1.go:433.128,435.2 1 0
github.com/IBM/eventstreams-go-sdk/pkg/adminrestv1/adminrest_v1.go:438.160,440.16 2 0
github.com/IBM/eventstreams-go-sdk/pkg/adminrestv1/adminrest_v1.go:443.2,444.16 2 0
github.com/IBM/eventstreams-go-sdk/pkg/adminrestv1/adminrest_v1.go:448.2,456.16 6 0
github.com/IBM/eventstreams-go-sdk/pkg/adminrestv1/adminrest_v1.go:460.2,460.66 1 0
github.com/IBM/eventstreams-go-sdk/pkg/adminrestv1/adminrest_v1.go:464.2,465.50 2 0
github.com/IBM/eventstreams-go-sdk/pkg/adminrestv1/adminrest_v1.go:468.2,471.54 3 0
github.com/IBM/eventstreams-go-sdk/pkg/adminrestv1/adminrest_v1.go:474.2,474.39 1 0
github.com/IBM/eventstreams-go-sdk/pkg/adminrestv1/adminrest_v1.go:477.2,478.16 2 0
github.com/IBM/eventstreams-go-sdk/pkg/adminrestv1/adminrest_v1.go:482.2,483.16 2 0
github.com/IBM/eventstreams-go-sdk/pkg/adminrestv1/adminrest_v1.go:487.2,489.8 2 0
github.com/IBM/eventstreams-go-sdk/pkg/adminrestv1/adminrest_v1.go:440.16,442.3 1 0
github.com/IBM/eventstreams-go-sdk/pkg/adminrestv1/adminrest_v1.go:444.16,446.3 1 0
github.com/IBM/eventstreams-go-sdk/pkg/adminrestv1/adminrest_v1.go:456.16,458.3 1 0
github.com/IBM/eventstreams-go-sdk/pkg/adminrestv1/adminrest_v1.go:460.66,462.3 1 0
github.com/IBM/eventstreams-go-sdk/pkg/adminrestv1/adminrest_v1.go:465.50,467.3 1 0
github.com/IBM/eventstreams-go-sdk/pkg/adminrestv1/adminrest_v1.go:471.54,473.3 1 0
github.com/IBM/eventstreams-go-sdk/pkg/adminrestv1/adminrest_v1.go:474.39,476.3 1 0
github.com/IBM/eventstreams-go-sdk/pkg/adminrestv1/adminrest_v1.go:478.16,480.3 1 0
github.com/IBM/eventstreams-go-sdk/pkg/adminrestv1/adminrest_v1.go:483.16,485.3 1 0
github.com/IBM/eventstreams-go-sdk/pkg/adminrestv1/adminrest_v1.go:494.149,496.2 1 0
github.com/IBM/eventstreams-go-sdk/pkg/adminrestv1/adminrest_v1.go:499.181,501.16 2 0
github.com/IBM/eventstreams-go-sdk/pkg/adminrestv1/adminrest_v1.go:504.2,505.16 2 0
github.com/IBM/eventstreams-go-sdk/pkg/adminrestv1/adminrest_v1.go:509.2,517.16 6 0
github.com/IBM/eventstreams-go-sdk/pkg/adminrestv1/adminrest_v1.go:521.2,521.73 1 0
github.com/IBM/eventstreams-go-sdk/pkg/adminrestv1/adminrest_v1.go:525.2,526.50 2 0
github.com/IBM/eventstreams-go-sdk/pkg/adminrestv1/adminrest_v1.go:529.2,532.54 3 0
github.com/IBM/eventstreams-go-sdk/pkg/adminrestv1/adminrest_v1.go:535.2,536.16 2 0
github.com/IBM/eventstreams-go-sdk/pkg/adminrestv1/adminrest_v1.go:540.2,541.16 2 0
github.com/IBM/eventstreams-go-sdk/pkg/adminrestv1/adminrest_v1.go:545.2,547.8 2 0
github.com/IBM/eventstreams-go-sdk/pkg/adminrestv1/adminrest_v1.go:501.16,503.3 1 0
github.com/IBM/eventstreams-go-sdk/pkg/adminrestv1/adminrest_v1.go:505.16,507.3 1 0
github.com/IBM/eventstreams-go-sdk/pkg/adminrestv1/adminrest_v1.go:517.16,519.3 1 0
github.com/IBM/eventstreams-go-sdk/pkg/adminrestv1/adminrest_v1.go:521.73,523.3 1 0
github.com/IBM/eventstreams-go-sdk/pkg/adminrestv1/adminrest_v1.go:526.50,528.3 1 0
github.com/IBM/eventstreams-go-sdk/pkg/adminrestv1/adminrest_v1.go:532.54,534.3 1 0
github.com/IBM/eventstreams-go-sdk/pkg/adminrestv1/adminrest_v1.go:536.16,538.3 1 0
github.com/IBM/eventstreams-go-sdk/pkg/adminrestv1/adminrest_v1.go:541.16,543.3 1 0
github.com/IBM/eventstreams-go-sdk/pkg/adminrestv1/adminrest_v1.go:552.128,554.2 1 0
github.com/IBM/eventstreams-go-sdk/pkg/adminrestv1/adminrest_v1.go:557.160,559.16 2 0
github.com/IBM/eventstreams-go-sdk/pkg/adminrestv1/adminrest_v1.go:562.2,563.16 2 0
github.com/IBM/eventstreams-go-sdk/pkg/adminrestv1/adminrest_v1.go:567.2,575.16 6 0
github.com/IBM/eventstreams-go-sdk/pkg/adminrestv1/adminrest_v1.go:579.2,579.66 1 0
github.com/IBM/eventstreams-go-sdk/pkg/adminrestv1/adminrest_v1.go:583.2,584.50 2 0
github.com/IBM/eventstreams-go-sdk/pkg/adminrestv1/adminrest_v1.go:587.2,590.48 3 0
github.com/IBM/eventstreams-go-sdk/pkg/adminrestv1/adminrest_v1.go:593.2,593.48 1 0
github.com/IBM/eventstreams-go-sdk/pkg/adminrestv1/adminrest_v1.go:596.2,597.16 2 0
github.com/IBM/eventstreams-go-sdk/pkg/adminrestv1/adminrest_v1.go:601.2,602.16 2 0
github.com/IBM/eventstreams-go-sdk/pkg/adminrestv1/adminrest_v1.go:606.2,608.8 2 0
github.com/IBM/eventstreams-go-sdk/pkg/adminrestv1/adminrest_v1.go:559.16,561.3 1 0
github.com/IBM/eventstreams-go-sdk/pkg/adminrestv1/adminrest_v1.go:563.16,565.3 1 0
github.com/IBM/eventstreams-go-sdk/pkg/adminrestv1/adminrest_v1.go:575.16,577.3 1 0
github.com/IBM/eventstreams-go-sdk/pkg/adminrestv1/adminrest_v1.go:579.66,581.3 1 0
github.com/IBM/eventstreams-go-sdk/pkg/adminrestv1/adminrest_v1.go:584.50,586.3 1 0
github.com/IBM/eventstreams-go-sdk/pkg/adminrestv1/adminrest_v1.go:590.48,592.3 1 0
github.com/IBM/eventstreams-go-sdk/pkg/adminrestv1/adminrest_v1.go:593.48,595.3 1 0
github.com/IBM/eventstreams-go-sdk/pkg/adminrestv1/adminrest_v1.go:597.16,599.3 1 0
github.com/IBM/eventstreams-go-sdk/pkg/adminrestv1/adminrest_v1.go:602.16,604.3 1 0
github.com/IBM/eventstreams-go-sdk/pkg/adminrestv1/adminrest_v1.go:613.128,615.2 1 0
github.com/IBM/eventstreams-go-sdk/pkg/adminrestv1/adminrest_v1.go:618.160,620.16 2 0
github.com/IBM/eventstreams-go-sdk/pkg/adminrestv1/adminrest_v1.go:623.2,624.16 2 0
github.com/IBM/eventstreams-go-sdk/pkg/adminrestv1/adminrest_v1.go:628.2,636.16 6 0
github.com/IBM/eventstreams-go-sdk/pkg/adminrestv1/adminrest_v1.go:640.2,640.66 1 0
github.com/IBM/eventstreams-go-sdk/pkg/adminrestv1/adminrest_v1.go:644.2,645.50 2 0
github.com/IBM/eventstreams-go-sdk/pkg/adminrestv1/adminrest_v1.go:648.2,651.48 3 0
github.com/IBM/eventstreams-go-sdk/pkg/adminrestv1/adminrest_v1.go:654.2,654.48 1 0
github.com/IBM/eventstreams-go-sdk/pkg/adminrestv1/adminrest_v1.go:657.2,658.16 2 0
github.com/IBM/eventstreams-go-sdk/pkg/adminrestv1/adminrest_v1.go:662.2,663.16 2 0
github.com/IBM/eventstreams-go-sdk/pkg/adminrestv1/adminrest_v1.go:667.2,669.8 2 0
github.com/IBM/eventstreams-go-sdk/pkg/adminrestv1/adminrest_v1.go:620.16,622.3 1 0
github.com/IBM/eventstreams-go-sdk/pkg/adminrestv1/adminrest_v1.go:624.16,626.3 1 0
github.com/IBM/eventstreams-go-sdk/pkg/adminrestv1/adminrest_v1.go:636.16,638.3 1 0
github.com/IBM/eventstreams-go-sdk/pkg/adminrestv1/adminrest_v1.go:640.66,642.3 1 0
github.com/IBM/eventstreams-go-sdk/pkg/adminrestv1/adminrest_v1.go:645.50,647.3 1 0
github.com/IBM/eventstreams-go-sdk/pkg/adminrestv1/adminrest_v1.go:651.48,653.3 1 0
github.com/IBM/eventstreams-go-sdk/pkg/adminrestv1/adminrest_v1.go:654.48,656.3 1 0
github.com/IBM/eventstreams-go-sdk/pkg/adminrestv1/adminrest_v1.go:658.16,660.3 1 0
github.com/IBM/eventstreams-go-sdk/pkg/adminrestv1/adminrest_v1.go:663.16,665.3 1 0
github.com/IBM/eventstreams-go-sdk/pkg/adminrestv1/adminrest_v1.go:674.128,676.2 1 0
github.com/IBM/eventstreams-go-sdk/pkg/adminrestv1/adminrest_v1.go:679.160,681.16 2 0
github.com/IBM/eventstreams-go-sdk/pkg/adminrestv1/adminrest_v1.go:684.2,685.16 2 0
github.com/IBM/eventstreams-go-sdk/pkg/adminrestv1/adminrest_v1.go:689.2,697.16 6 0
github.com/IBM/eventstreams-go-sdk/pkg/adminrestv1/adminrest_v1.go:701.2,701.66 1 0
github.com/IBM/eventstreams-go-sdk/pkg/adminrestv1/adminrest_v1.go:705.2,706.50 2 0
github.com/IBM/eventstreams-go-sdk/pkg/adminrestv1/adminrest_v1.go:710.2,711.16 2 0
github.com/IBM/eventstreams-go-sdk/pkg/adminrestv1/adminrest_v1.go:715.2,717.8 2 0
github.com/IBM/eventstreams-go-sdk/pkg/adminrestv1/adminrest_v1.go:681.16,683.3 1 0
github.com/IBM/eventstreams-go-sdk/pkg/adminrestv1/adminrest_v1.go:685.16,687.3 1 0
github.com/IBM/eventstreams-go-sdk/pkg/adminrestv1/adminrest_v1.go:697.16,699.3 1 0
github.com/IBM/eventstreams-go-sdk/pkg/adminrestv1/adminrest_v1.go:701.66,703.3 1 0
github.com/IBM/eventstreams-go-sdk/pkg/adminrestv1/adminrest_v1.go:706.50,708.3 1 0
github.com/IBM/eventstreams-go-sdk/pkg/adminrestv1/adminrest_v1.go:711.16,713.3 1 0
github.com/IBM/eventstreams-go-sdk/pkg/adminrestv1/adminrest_v1.go:722.140,724.2 1 0
github.com/IBM/eventstreams-go-sdk/pkg/adminrestv1/adminrest_v1.go:727.172,729.16 2 0
github.com/IBM/eventstreams-go-sdk/pkg/adminrestv1/adminrest_v1.go:732.2,733.16 2 0
github.com/IBM/eventstreams-go-sdk/pkg/adminrestv1/adminrest_v1.go:737.2,745.16 6 0
github.com/IBM/eventstreams-go-sdk/pkg/adminrestv1/adminrest_v1.go:749.2,749.63 1 0
github.com/IBM/eventstreams-go-sdk/pkg/adminrestv1/adminrest_v1.go:753.2,754.50 2 0
github.com/IBM/eventstreams-go-sdk/pkg/adminrestv1/adminrest_v1.go:757.2,760.16 3 0
github.com/IBM/eventstreams-go-sdk/pkg/adminrestv1/adminrest_v1.go:764.2,766.16 3 0
github.com/IBM/eventstreams-go-sdk/pkg/adminrestv1/adminrest_v1.go:769.2,769.24 1 0
github.com/IBM/eventstreams-go-sdk/pkg/adminrestv1/adminrest_v1.go:777.2,777.8 1 0
github.com/IBM/eventstreams-go-sdk/pkg/adminrestv1/adminrest_v1.go:729.16,731.3 1 0
github.com/IBM/eventstreams-go-sdk/pkg/adminrestv1/adminrest_v1.go:733.16,735.3 1 0
github.com/IBM/eventstreams-go-sdk/pkg/adminrestv1/adminrest_v1.go:745.16,747.3 1 0
github.com/IBM/eventstreams-go-sdk/pkg/adminrestv1/adminrest_v1.go:749.63,751.3 1 0
github.com/IBM/eventstreams-go-sdk/pkg/adminrestv1/adminrest_v1.go:754.50,756.3 1 0
github.com/IBM/eventstreams-go-sdk/pkg/adminrestv1/adminrest_v1.go:760.16,762.3 1 0
github.com/IBM/eventstreams-go-sdk/pkg/adminrestv1/adminrest_v1.go:766.16,768.3 1 0
github.com/IBM/eventstreams-go-sdk/pkg/adminrestv1/adminrest_v1.go:769.24,771.17 2 0
github.com/IBM/eventstreams-go-sdk/pkg/adminrestv1/adminrest_v1.go:774.3,774.27 1 0
github.com/IBM/eventstreams-go-sdk/pkg/adminrestv1/adminrest_v1.go:771.17,773.4 1 0
github.com/IBM/eventstreams-go-sdk/pkg/adminrestv1/adminrest_v1.go:782.144,784.2 1 0
github.com/IBM/eventstreams-go-sdk/pkg/adminrestv1/adminrest_v1.go:787.176,789.16 2 0
github.com/IBM/eventstreams-go-sdk/pkg/adminrestv1/adminrest_v1.go:793.2,797.16 5 0
github.com/IBM/eventstreams-go-sdk/pkg/adminrestv1/adminrest_v1.go:801.2,801.65 1 0
github.com/IBM/eventstreams-go-sdk/pkg/adminrestv1/adminrest_v1.go:805.2,806.50 2 0
github.com/IBM/eventstreams-go-sdk/pkg/adminrestv1/adminrest_v1.go:809.2,812.16 3 0
github.com/IBM/eventstreams-go-sdk/pkg/adminrestv1/adminrest_v1.go:816.2,818.16 3 0
github.com/IBM/eventstreams-go-sdk/pkg/adminrestv1/adminrest_v1.go:821.2,821.24 1 0
github.com/IBM/eventstreams-go-sdk/pkg/adminrestv1/adminrest_v1.go:829.2,829.8 1 0
github.com/IBM/eventstreams-go-sdk/pkg/adminrestv1/adminrest_v1.go:789.16,791.3 1 0
github.com/IBM/eventstreams-go-sdk/pkg/adminrestv1/adminrest_v1.go:797.16,799.3 1 0
github.com/IBM/eventstreams-go-sdk/pkg/adminrestv1/adminrest_v1.go:801.65,803.3 1 0
github.com/IBM/eventstreams-go-sdk/pkg/adminrestv1/adminrest_v1.go:806.50,808.3 1 0
github.com/IBM/eventstreams-go-sdk/pkg/adminrestv1/adminrest_v1.go:812.16,814.3 1 0
github.com/IBM/eventstreams-go-sdk/pkg/adminrestv1/adminrest_v1.go:818.16,820.3 1 0
github.com/IBM/eventstreams-go-sdk/pkg/adminrestv1/adminrest_v1.go:821.24,823.17 2 0
github.com/IBM/eventstreams-go-sdk/pkg/adminrestv1/adminrest_v1.go:826.3,826.27 1 0
github.com/IBM/eventstreams-go-sdk/pkg/adminrestv1/adminrest_v1.go:823.17,825.4 1 0
github.com/IBM/eventstreams-go-sdk/pkg/adminrestv1/adminrest_v1.go:834.152,836.2 1 0
github.com/IBM/eventstreams-go-sdk/pkg/adminrestv1/adminrest_v1.go:839.184,841.16 2 0
github.com/IBM/eventstreams-go-sdk/pkg/adminrestv1/adminrest_v1.go:845.2,849.16 5 0
github.com/IBM/eventstreams-go-sdk/pkg/adminrestv1/adminrest_v1.go:853.2,853.66 1 0
github.com/IBM/eventstreams-go-sdk/pkg/adminrestv1/adminrest_v1.go:857.2,858.50 2 0
github.com/IBM/eventstreams-go-sdk/pkg/adminrestv1/adminrest_v1.go:861.2,864.16 3 0
github.com/IBM/eventstreams-go-sdk/pkg/adminrestv1/adminrest_v1.go:868.2,870.16 3 0
github.com/IBM/eventstreams-go-sdk/pkg/adminrestv1/adminrest_v1.go:873.2,873.24 1 0
github.com/IBM/eventstreams-go-sdk/pkg/adminrestv1/adminrest_v1.go:881.2,881.8 1 0
github.com/IBM/eventstreams-go-sdk/pkg/adminrestv1/adminrest_v1.go:841.16,843.3 1 0
github.com/IBM/eventstreams-go-sdk/pkg/adminrestv1/adminrest_v1.go:849.16,851.3 1 0
github.com/IBM/eventstreams-go-sdk/pkg/adminrestv1/adminrest_v1.go:853.66,855.3 1 0
github.com/IBM/eventstreams-go-sdk/pkg/adminrestv1/adminrest_v1.go:858.50,860.3 1 0
github.com/IBM/eventstreams-go-sdk/pkg/adminrestv1/adminrest_v1.go:864.16,866.3 1 0
github.com/IBM/eventstreams-go-sdk/pkg/adminrestv1/adminrest_v1.go:870.16,872.3 1 0
github.com/IBM/eventstreams-go-sdk/pkg/adminrestv1/adminrest_v1.go:873.24,875.17 2 0
github.com/IBM/eventstreams-go-sdk/pkg/adminrestv1/adminrest_v1.go:878.3,878.27 1 0
github.com/IBM/eventstreams-go-sdk/pkg/adminrestv1/adminrest_v1.go:875.17,877.4 1 0
github.com/IBM/eventstreams-go-sdk/pkg/adminrestv1/adminrest_v1.go:886.144,888.2 1 0
github.com/IBM/eventstreams-go-sdk/pkg/adminrestv1/adminrest_v1.go:891.176,893.16 2 0
github.com/IBM/eventstreams-go-sdk/pkg/adminrestv1/adminrest_v1.go:896.2,897.16 2 0
github.com/IBM/eventstreams-go-sdk/pkg/adminrestv1/adminrest_v1.go:901.2,909.16 6 0
github.com/IBM/eventstreams-go-sdk/pkg/adminrestv1/adminrest_v1.go:913.2,913.64 1 0
github.com/IBM/eventstreams-go-sdk/pkg/adminrestv1/adminrest_v1.go:917.2,918.50 2 0
github.com/IBM/eventstreams-go-sdk/pkg/adminrestv1/adminrest_v1.go:921.2,924.16 3 0
github.com/IBM/eventstreams-go-sdk/pkg/adminrestv1/adminrest_v1.go:928.2,930.16 3 0
github.com/IBM/eventstreams-go-sdk/pkg/adminrestv1/adminrest_v1.go:933.2,933.24 1 0
github.com/IBM/eventstreams-go-sdk/pkg/adminrestv1/adminrest_v1.go:941.2,941.8 1 0
github.com/IBM/eventstreams-go-sdk/pkg/adminrestv1/adminrest_v1.go:893.16,895.3 1 0
github.com/IBM/eventstreams-go-sdk/pkg/adminrestv1/adminrest_v1.go:897.16,899.3 1 0
github.com/IBM/eventstreams-go-sdk/pkg/adminrestv1/adminrest_v1.go:909.16,911.3 1 0
github.com/IBM/eventstreams-go-sdk/pkg/adminrestv1/adminrest_v1.go:913.64,915.3 1 0
github.com/IBM/eventstreams-go-sdk/pkg/adminrestv1/adminrest_v1.go:918.50,920.3 1 0
github.com/IBM/eventstreams-go-sdk/pkg/adminrestv1/adminrest_v1.go:924.16,926.3 1 0
github.com/IBM/eventstreams-go-sdk/pkg/adminrestv1/adminrest_v1.go:930.16,932.3 1 0
github.com/IBM/eventstreams-go-sdk/pkg/adminrestv1/adminrest_v1.go:933.24,935.17 2 0
github.com/IBM/eventstreams-go-sdk/pkg/adminrestv1/adminrest_v1.go:938.3,938.27 1 0
github.com/IBM/eventstreams-go-sdk/pkg/adminrestv1/adminrest_v1.go:935.17,937.4 1 0
github.com/IBM/eventstreams-go-sdk/pkg/adminrestv1/adminrest_v1.go:946.162,948.2 1 0
github.com/IBM/eventstreams-go-sdk/pkg/adminrestv1/adminrest_v1.go:951.194,953.16 2 0
github.com/IBM/eventstreams-go-sdk/pkg/adminrestv1/adminrest_v1.go:956.2,957.16 2 0
github.com/IBM/eventstreams-go-sdk/pkg/adminrestv1/adminrest_v1.go:961.2,969.16 6 0
github.com/IBM/eventstreams-go-sdk/pkg/adminrestv1/adminrest_v1.go:973.2,973.70 1 0
github.com/IBM/eventstreams-go-sdk/pkg/adminrestv1/adminrest_v1.go:977.2,978.50 2 0
github.com/IBM/eventstreams-go-sdk/pkg/adminrestv1/adminrest_v1.go:981.2,983.48 2 0
github.com/IBM/eventstreams-go-sdk/pkg/adminrestv1/adminrest_v1.go:986.2,986.43 1 0
github.com/IBM/eventstreams-go-sdk/pkg/adminrestv1/adminrest_v1.go:990.2,991.16 2 0
github.com/IBM/eventstreams-go-sdk/pkg/adminrestv1/adminrest_v1.go:995.2,997.16 3 0
github.com/IBM/eventstreams-go-sdk/pkg/adminrestv1/adminrest_v1.go:1000.2,1000.24 1 0
github.com/IBM/eventstreams-go-sdk/pkg/adminrestv1/adminrest_v1.go:1008.2,1008.8 1 0
github.com/IBM/eventstreams-go-sdk/pkg/adminrestv1/adminrest_v1.go:953.16,955.3 1 0
github.com/IBM/eventstreams-go-sdk/pkg/adminrestv1/adminrest_v1.go:957.16,959.3 1 0
github.com/IBM/eventstreams-go-sdk/pkg/adminrestv1/adminrest_v1.go:969.16,971.3 1 0
github.com/IBM/eventstreams-go-sdk/pkg/adminrestv1/adminrest_v1.go:973.70,975.3 1 0
github.com/IBM/eventstreams-go-sdk/pkg/adminrestv1/adminrest_v1.go:978.50,980.3 1 0
github.com/IBM/eventstreams-go-sdk/pkg/adminrestv1/adminrest_v1.go:983.48,985.3 1 0
github.com/IBM/eventstreams-go-sdk/pkg/adminrestv1/adminrest_v1.go:986.43,988.3 1 0
github.com/IBM/eventstreams-go-sdk/pkg/adminrestv1/adminrest_v1.go:991.16,993.3 1 0
github.com/IBM/eventstreams-go-sdk/pkg/adminrestv1/adminrest_v1.go:997.16,999.3 1 0
github.com/IBM/eventstreams-go-sdk/pkg/adminrestv1/adminrest_v1.go:1000.24,1002.17 2 0
github.com/IBM/eventstreams-go-sdk/pkg/adminrestv1/adminrest_v1.go:1005.3,1005.27 1 0
github.com/IBM/eventstreams-go-sdk/pkg/adminrestv1/adminrest_v1.go:1002.17,1004.4 1 0
github.com/IBM/eventstreams-go-sdk/pkg/adminrestv1/adminrest_v1.go:1013.142,1015.2 1 0
github.com/IBM/eventstreams-go-sdk/pkg/adminrestv1/adminrest_v1.go:1018.174,1020.16 2 0
github.com/IBM/eventstreams-go-sdk/pkg/adminrestv1/adminrest_v1.go:1024.2,1028.16 5 0
github.com/IBM/eventstreams-go-sdk/pkg/adminrestv1/adminrest_v1.go:1032.2,1032.65 1 0
github.com/IBM/eventstreams-go-sdk/pkg/adminrestv1/adminrest_v1.go:1036.2,1037.50 2 0
github.com/IBM/eventstreams-go-sdk/pkg/adminrestv1/adminrest_v1.go:1040.2,1043.16 3 0
github.com/IBM/eventstreams-go-sdk/pkg/adminrestv1/adminrest_v1.go:1047.2,1049.16 3 0
github.com/IBM/eventstreams-go-sdk/pkg/adminrestv1/adminrest_v1.go:1052.2,1052.24 1 0
github.com/IBM/eventstreams-go-sdk/pkg/adminrestv1/adminrest_v1.go:1060.2,1060.8 1 0
github.com/IBM/eventstreams-go-sdk/pkg/adminrestv1/adminrest_v1.go:1020.16,1022.3 1 0
github.com/IBM/eventstreams-go-sdk/pkg/adminrestv1/adminrest_v1.go:1028.16,1030.3 1 0
github.com/IBM/eventstreams-go-sdk/pkg/adminrestv1/adminrest_v1.go:1032.65,1034.3 1 0
github.com/IBM/eventstreams-go-sdk/pkg/adminrestv1/adminrest_v1.go:1037.50,1039.3 1 0
github.com/IBM/eventstreams-go-sdk/pkg/adminrestv1/adminrest_v1.go:1043.16,1045.3 1 0
github.com/IBM/eventstreams-go-sdk/pkg/adminrestv1/adminrest_v1.go:1049.16,1051.3 1 0
github.com/IBM/eventstreams-go-sdk/pkg/adminrestv1/adminrest_v1.go:1052.24,1054.17 2 0
github.com/IBM/eventstreams-go-sdk/pkg/adminrestv1/adminrest_v1.go:1057.3,1057.27 1 0
github.com/IBM/eventstreams-go-sdk/pkg/adminrestv1/adminrest_v1.go:1054.17,1056.4 1 0
github.com/IBM/eventstreams-go-sdk/pkg/adminrestv1/adminrest_v1.go:1065.166,1067.2 1 0
github.com/IBM/eventstreams-go-sdk/pkg/adminrestv1/adminrest_v1.go:1070.198,1072.16 2 0
github.com/IBM/eventstreams-go-sdk/pkg/adminrestv1/adminrest_v1.go:1076.2,1080.16 5 0
github.com/IBM/eventstreams-go-sdk/pkg/adminrestv1/adminrest_v1.go:1084.2,1084.73 1 0
github.com/IBM/eventstreams-go-sdk/pkg/adminrestv1/adminrest_v1.go:1088.2,1089.50 2 0
github.com/IBM/eventstreams-go-sdk/pkg/adminrestv1/adminrest_v1.go:1092.2,1094.50 2 0
github.com/IBM/eventstreams-go-sdk/pkg/adminrestv1/adminrest_v1.go:1097.2,1097.46 1 0
github.com/IBM/eventstreams-go-sdk/pkg/adminrestv1/adminrest_v1.go:1100.2,1100.43 1 0
github.com/IBM/eventstreams-go-sdk/pkg/adminrestv1/adminrest_v1.go:1104.2,1105.16 2 0
github.com/IBM/eventstreams-go-sdk/pkg/adminrestv1/adminrest_v1.go:1109.2,1111.8 2 0
github.com/IBM/eventstreams-go-sdk/pkg/adminrestv1/adminrest_v1.go:1072.16,1074.3 1 0
github.com/IBM/eventstreams-go-sdk/pkg/adminrestv1/adminrest_v1.go:1080.16,1082.3 1 0
github.com/IBM/eventstreams-go-sdk/pkg/adminrestv1/adminrest_v1.go:1084.73,1086.3 1 0
github.com/IBM/eventstreams-go-sdk/pkg/adminrestv1/adminrest_v1.go:1089.50,1091.3 1 0
github.com/IBM/eventstreams-go-sdk/pkg/adminrestv1/adminrest_v1.go:1094.50,1096.3 1 0
github.com/IBM/eventstreams-go-sdk/pkg/adminrestv1/adminrest_v1.go:1097.46,1099.3 1 0
github.com/IBM/eventstreams-go-sdk/pkg/adminrestv1/adminrest_v1.go:1100.43,1102.3 1 0
github.com/IBM/eventstreams-go-sdk/pkg/adminrestv1/adminrest_v1.go:1105.16,1107.3 1 0
github.com/IBM/eventstreams-go-sdk/pkg/adminrestv1/adminrest_v1.go:1116.164,1118.2 1 0
github.com/IBM/eventstreams-go-sdk/pkg/adminrestv1/adminrest_v1.go:1121.196,1123.16 2 0
github.com/IBM/eventstreams-go-sdk/pkg/adminrestv1/adminrest_v1.go:1126.2,1127.16 2 0
github.com/IBM/eventstreams-go-sdk/pkg/adminrestv1/adminrest_v1.go:1131.2,1139.16 6 0
github.com/IBM/eventstreams-go-sdk/pkg/adminrestv1/adminrest_v1.go:1143.2,1143.71 1 0
github.com/IBM/eventstreams-go-sdk/pkg/adminrestv1/adminrest_v1.go:1147.2,1148.50 2 0
github.com/IBM/eventstreams-go-sdk/pkg/adminrestv1/adminrest_v1.go:1151.2,1154.16 3 0
github.com/IBM/eventstreams-go-sdk/pkg/adminrestv1/adminrest_v1.go:1158.2,1160.16 3 0
github.com/IBM/eventstreams-go-sdk/pkg/adminrestv1/adminrest_v1.go:1163.2,1163.24 1 0
github.com/IBM/eventstreams-go-sdk/pkg/adminrestv1/adminrest_v1.go:1171.2,1171.8 1 0
github.com/IBM/eventstreams-go-sdk/pkg/adminrestv1/adminrest_v1.go:1123.16,1125.3 1 0
github.com/IBM/eventstreams-go-sdk/pkg/adminrestv1/adminrest_v1.go:1127.16,1129.3 1 0
github.com/IBM/eventstreams-go-sdk/pkg/adminrestv1/adminrest_v1.go:1139.16,1141.3 1 0
github.com/IBM/eventstreams-go-sdk/pkg/adminrestv1/adminrest_v1.go:1143.71,1145.3 1 0
github.com/IBM/eventstreams-go-sdk/pkg/adminrestv1/adminrest_v1.go:1148.50,1150.3 1 0
github.com/IBM/eventstreams-go-sdk/pkg/adminrestv1/adminrest_v1.go:1154.16,1156.3 1 0
github.com/IBM/eventstreams-go-sdk/pkg/adminrestv1/adminrest_v1.go:1160.16,1162.3 1 0
github.com/IBM/eventstreams-go-sdk/pkg/adminrestv1/adminrest_v1.go:1163.24,1165.17 2 0
github.com/IBM/eventstreams-go-sdk/pkg/adminrestv1/adminrest_v1.go:1168.3,1168.27 1 0
github.com/IBM/eventstreams-go-sdk/pkg/adminrestv1/adminrest_v1.go:1165.17,1167.4 1 0
github.com/IBM/eventstreams-go-sdk/pkg/adminrestv1/adminrest_v1.go:1176.152,1178.2 1 0
github.com/IBM/eventstreams-go-sdk/pkg/adminrestv1/adminrest_v1.go:1181.184,1183.16 2 0
github.com/IBM/eventstreams-go-sdk/pkg/adminrestv1/adminrest_v1.go:1186.2,1187.16 2 0
github.com/IBM/eventstreams-go-sdk/pkg/adminrestv1/adminrest_v1.go:1191.2,1199.16 6 0
github.com/IBM/eventstreams-go-sdk/pkg/adminrestv1/adminrest_v1.go:1203.2,1203.74 1 0
github.com/IBM/eventstreams-go-sdk/pkg/adminrestv1/adminrest_v1.go:1207.2,1208.50 2 0
github.com/IBM/eventstreams-go-sdk/pkg/adminrestv1/adminrest_v1.go:1212.2,1213.16 2 0
github.com/IBM/eventstreams-go-sdk/pkg/adminrestv1/adminrest_v1.go:1217.2,1219.8 2 0
github.com/IBM/eventstreams-go-sdk/pkg/adminrestv1/adminrest_v1.go:1183.16,1185.3 1 0
github.com/IBM/eventstreams-go-sdk/pkg/adminrestv1/adminrest_v1.go:1187.16,1189.3 1 0
github.com/IBM/eventstreams-go-sdk/pkg/adminrestv1/adminrest_v1.go:1199.16,1201.3 1 0
github.com/IBM/eventstreams-go-sdk/pkg/adminrestv1/adminrest_v1.go:1203.74,1205.3 1 0
github.com/IBM/eventstreams-go-sdk/pkg/adminrestv1/adminrest_v1.go:1208.50,1210.3 1 0
github.com/IBM/eventstreams-go-sdk/pkg/adminrestv1/adminrest_v1.go:1213.16,1215.3 1 0
github.com/IBM/eventstreams-go-sdk/pkg/adminrestv1/adminrest_v1.go:1224.184,1226.2 1 0
github.com/IBM/eventstreams-go-sdk/pkg/adminrestv1/adminrest_v1.go:1229.216,1231.16 2 0
github.com/IBM/eventstreams-go-sdk/pkg/adminrestv1/adminrest_v1.go:1234.2,1235.16 2 0
github.com/IBM/eventstreams-go-sdk/pkg/adminrestv1/adminrest_v1.go:1239.2,1247.16 6 0
github.com/IBM/eventstreams-go-sdk/pkg/adminrestv1/adminrest_v1.go:1251.2,1251.74 1 0
github.com/IBM/eventstreams-go-sdk/pkg/adminrestv1/adminrest_v1.go:1255.2,1256.50 2 0
github.com/IBM/eventstreams-go-sdk/pkg/adminrestv1/adminrest_v1.go:1259.2,1263.45 4 0
github.com/IBM/eventstreams-go-sdk/pkg/adminrestv1/adminrest_v1.go:1266.2,1266.44 1 0
github.com/IBM/eventstreams-go-sdk/pkg/adminrestv1/adminrest_v1.go:1269.2,1269.45 1 0
github.com/IBM/eventstreams-go-sdk/pkg/adminrestv1/adminrest_v1.go:1272.2,1272.47 1 0
github.com/IBM/eventstreams-go-sdk/pkg/adminrestv1/adminrest_v1.go:1275.2,1276.16 2 0
github.com/IBM/eventstreams-go-sdk/pkg/adminrestv1/adminrest_v1.go:1280.2,1281.16 2 0
github.com/IBM/eventstreams-go-sdk/pkg/adminrestv1/adminrest_v1.go:1285.2,1287.16 3 0
github.com/IBM/eventstreams-go-sdk/pkg/adminrestv1/adminrest_v1.go:1290.2,1290.24 1 0
github.com/IBM/eventstreams-go-sdk/pkg/adminrestv1/adminrest_v1.go:1298.2,1298.8 1 0
github.com/IBM/eventstreams-go-sdk/pkg/adminrestv1/adminrest_v1.go:1231.16,1233.3 1 0
github.com/IBM/eventstreams-go-sdk/pkg/adminrestv1/adminrest_v1.go:1235.16,1237.3 1 0
github.com/IBM/eventstreams-go-sdk/pkg/adminrestv1/adminrest_v1.go:1247.16,1249.3 1 0
github.com/IBM/eventstreams-go-sdk/pkg/adminrestv1/adminrest_v1.go:1251.74,1253.3 1 0
github.com/IBM/eventstreams-go-sdk/pkg/adminrestv1/adminrest_v1.go:1256.50,1258.3 1 0
github.com/IBM/eventstreams-go-sdk/pkg/adminrestv1/adminrest_v1.go:1263.45,1265.3 1 0
github.com/IBM/eventstreams-go-sdk/pkg/adminrestv1/adminrest_v1.go:1266.44,1268.3 1 0
github.com/IBM/eventstreams-go-sdk/pkg/adminrestv1/adminrest_v1.go:1269.45,1271.3 1 0
github.com/IBM/eventstreams-go-sdk/pkg/adminrestv1/adminrest_v1.go:1272.47,1274.3 1 0
github.com/IBM/eventstreams-go-sdk/pkg/adminrestv1/adminrest_v1.go:1276.16,1278.3 1 0
github.com/IBM/eventstreams-go-sdk/pkg/adminrestv1/adminrest_v1.go:1281.16,1283.3 1 0
github.com/IBM/eventstreams-go-sdk/pkg/adminrestv1/adminrest_v1.go:1287.16,1289.3 1 0
github.com/IBM/eventstreams-go-sdk/pkg/adminrestv1/adminrest_v1.go:1290.24,1292.17 2 0
github.com/IBM/eventstreams-go-sdk/pkg/adminrestv1/adminrest_v1.go:1295.3,1295.27 1 0
github.com/IBM/eventstreams-go-sdk/pkg/adminrestv1/adminrest_v1.go:1292.17,1294.4 1 0
github.com/IBM/eventstreams-go-sdk/pkg/adminrestv1/adminrest_v1.go:1303.206,1305.2 1 0
github.com/IBM/eventstreams-go-sdk/pkg/adminrestv1/adminrest_v1.go:1308.238,1310.16 2 0
github.com/IBM/eventstreams-go-sdk/pkg/adminrestv1/adminrest_v1.go:1314.2,1318.16 5 0
github.com/IBM/eventstreams-go-sdk/pkg/adminrestv1/adminrest_v1.go:1322.2,1322.81 1 0
github.com/IBM/eventstreams-go-sdk/pkg/adminrestv1/adminrest_v1.go:1326.2,1327.50 2 0
github.com/IBM/eventstreams-go-sdk/pkg/adminrestv1/adminrest_v1.go:1330.2,1333.16 3 0
github.com/IBM/eventstreams-go-sdk/pkg/adminrestv1/adminrest_v1.go:1337.2,1339.16 3 0
github.com/IBM/eventstreams-go-sdk/pkg/adminrestv1/adminrest_v1.go:1342.2,1342.24 1 0
github.com/IBM/eventstreams-go-sdk/pkg/adminrestv1/adminrest_v1.go:1350.2,1350.8 1 0
github.com/IBM/eventstreams-go-sdk/pkg/adminrestv1/adminrest_v1.go:1310.16,1312.3 1 0
github.com/IBM/eventstreams-go-sdk/pkg/adminrestv1/adminrest_v1.go:1318.16,1320.3 1 0
github.com/IBM/eventstreams-go-sdk/pkg/adminrestv1/adminrest_v1.go:1322.81,1324.3 1 0
github.com/IBM/eventstreams-go-sdk/pkg/adminrestv1/adminrest_v1.go:1327.50,1329.3 1 0
github.com/IBM/eventstreams-go-sdk/pkg/adminrestv1/adminrest_v1.go:1333.16,1335.3 1 0
github.com/IBM/eventstreams-go-sdk/pkg/adminrestv1/adminrest_v1.go:1339.16,1341.3 1 0
github.com/IBM/eventstreams-go-sdk/pkg/adminrestv1/adminrest_v1.go:1342.24,1344.17 2 0
github.com/IBM/eventstreams-go-sdk/pkg/adminrestv1/adminrest_v1.go:1347.3,1347.27 1 0
github.com/IBM/eventstreams-go-sdk/pkg/adminrestv1/adminrest_v1.go:1344.17,1346.4 1 0
github.com/IBM/eventstreams-go-sdk/pkg/adminrestv1/adminrest_v1.go:1355.218,1357.2 1 0
github.com/IBM/eventstreams-go-sdk/pkg/adminrestv1/adminrest_v1.go:1360.250,1362.16 2 0
github.com/IBM/eventstreams-go-sdk/pkg/adminrestv1/adminrest_v1.go:1365.2,1366.16 2 0
github.com/IBM/eventstreams-go-sdk/pkg/adminrestv1/adminrest_v1.go:1370.2,1374.16 5 0
github.com/IBM/eventstreams-go-sdk/pkg/adminrestv1/adminrest_v1.go:1378.2,1378.85 1 0
github.com/IBM/eventstreams-go-sdk/pkg/adminrestv1/adminrest_v1.go:1382.2,1383.50 2 0
github.com/IBM/eventstreams-go-sdk/pkg/adminrestv1/adminrest_v1.go:1386.2,1390.59 4 0
github.com/IBM/eventstreams-go-sdk/pkg/adminrestv1/adminrest_v1.go:1393.2,1394.16 2 0
github.com/IBM/eventstreams-go-sdk/pkg/adminrestv1/adminrest_v1.go:1398.2,1399.16 2 0
github.com/IBM/eventstreams-go-sdk/pkg/adminrestv1/adminrest_v1.go:1403.2,1405.16 3 0
github.com/IBM/eventstreams-go-sdk/pkg/adminrestv1/adminrest_v1.go:1408.2,1408.24 1 0
github.com/IBM/eventstreams-go-sdk/pkg/adminrestv1/adminrest_v1.go:1416.2,1416.8 1 0
github.com/IBM/eventstreams-go-sdk/pkg/adminrestv1/adminrest_v1.go:1362.16,1364.3 1 0
github.com/IBM/eventstreams-go-sdk/pkg/adminrestv1/adminrest_v1.go:1366.16,1368.3 1 0
github.com/IBM/eventstreams-go-sdk/pkg/adminrestv1/adminrest_v1.go:1374.16,1376.3 1 0
github.com/IBM/eventstreams-go-sdk/pkg/adminrestv1/adminrest_v1.go:1378.85,1380.3 1 0
github.com/IBM/eventstreams-go-sdk/pkg/adminrestv1/adminrest_v1.go:1383.50,1385.3 1 0
github.com/IBM/eventstreams-go-sdk/pkg/adminrestv1/adminrest_v1.go:1390.59,1392.3 1 0
github.com/IBM/eventstreams-go-sdk/pkg/adminrestv1/adminrest_v1.go:1394.16,1396.3 1 0
github.com/IBM/eventstreams-go-sdk/pkg/adminrestv1/adminrest_v1.go:1399.16,1401.3 1 0
github.com/IBM/eventstreams-go-sdk/pkg/adminrestv1/adminrest_v1.go:1405.16,1407.3 1 0
github.com/IBM/eventstreams-go-sdk/pkg/adminrestv1/adminrest_v1.go:1408.24,1410.17 2 0
github.com/IBM/eventstreams-go-sdk/pkg/adminrestv1/adminrest_v1.go:1413.3,1413.27 1 0
github.com/IBM/eventstreams-go-sdk/pkg/adminrestv1/adminrest_v1.go:1410.17,1412.4 1 0
github.com/IBM/eventstreams-go-sdk/pkg/adminrestv1/adminrest_v1.go:1421.198,1423.2 1 0
github.com/IBM/eventstreams-go-sdk/pkg/adminrestv1/adminrest_v1.go:1426.230,1428.16 2 0
github.com/IBM/eventstreams-go-sdk/pkg/adminrestv1/adminrest_v1.go:1432.2,1436.16 5 0
github.com/IBM/eventstreams-go-sdk/pkg/adminrestv1/adminrest_v1.go:1440.2,1440.79 1 0
github.com/IBM/eventstreams-go-sdk/pkg/adminrestv1/adminrest_v1.go:1444.2,1445.50 2 0
github.com/IBM/eventstreams-go-sdk/pkg/adminrestv1/adminrest_v1.go:1448.2,1451.16 3 0
github.com/IBM/eventstreams-go-sdk/pkg/adminrestv1/adminrest_v1.go:1455.2,1457.16 3 0
github.com/IBM/eventstreams-go-sdk/pkg/adminrestv1/adminrest_v1.go:1460.2,1460.24 1 0
github.com/IBM/eventstreams-go-sdk/pkg/adminrestv1/adminrest_v1.go:1468.2,1468.8 1 0
github.com/IBM/eventstreams-go-sdk/pkg/adminrestv1/adminrest_v1.go:1428.16,1430.3 1 0
github.com/IBM/eventstreams-go-sdk/pkg/adminrestv1/adminrest_v1.go:1436.16,1438.3 1 0
github.com/IBM/eventstreams-go-sdk/pkg/adminrestv1/adminrest_v1.go:1440.79,1442.3 1 0
github.com/IBM/eventstreams-go-sdk/pkg/adminrestv1/adminrest_v1.go:1445.50,1447.3 1 0
github.com/IBM/eventstreams-go-sdk/pkg/adminrestv1/adminrest_v1.go:1451.16,1453.3 1 0
github.com/IBM/eventstreams-go-sdk/pkg/adminrestv1/adminrest_v1.go:1457.16,1459.3 1 0
github.com/IBM/eventstreams-go-sdk/pkg/adminrestv1/adminrest_v1.go:1460.24,1462.17 2 0
github.com/IBM/eventstreams-go-sdk/pkg/adminrestv1/adminrest_v1.go:1465.3,1465.27 1 0
github.com/IBM/eventstreams-go-sdk/pkg/adminrestv1/adminrest_v1.go:1462.17,1464.4 1 0
github.com/IBM/eventstreams-go-sdk/pkg/adminrestv1/adminrest_v1.go:1479.53,1481.2 1 0
github.com/IBM/eventstreams-go-sdk/pkg/adminrestv1/adminrest_v1.go:1484.80,1487.2 2 0
github.com/IBM/eventstreams-go-sdk/pkg/adminrestv1/adminrest_v1.go:1502.101,1505.16 3 0
github.com/IBM/eventstreams-go-sdk/pkg/adminrestv1/adminrest_v1.go:1508.2,1509.16 2 0
github.com/IBM/eventstreams-go-sdk/pkg/adminrestv1/adminrest_v1.go:1512.2,1513.16 2 0
github.com/IBM/eventstreams-go-sdk/pkg/adminrestv1/adminrest_v1.go:1516.2,1517.8 2 0
github.com/IBM/eventstreams-go-sdk/pkg/adminrestv1/adminrest_v1.go:1505.16,1507.3 1 0
github.com/IBM/eventstreams-go-sdk/pkg/adminrestv1/adminrest_v1.go:1509.16,1511.3 1 0
github.com/IBM/eventstreams-go-sdk/pkg/adminrestv1/adminrest_v1.go:1513.16,1515.3 1 0
github.com/IBM/eventstreams-go-sdk/pkg/adminrestv1/adminrest_v1.go:1536.82,1540.2 1 0
github.com/IBM/eventstreams-go-sdk/pkg/adminrestv1/adminrest_v1.go:1543.90,1546.2 2 0
github.com/IBM/eventstreams-go-sdk/pkg/adminrestv1/adminrest_v1.go:1549.101,1552.2 2 0
github.com/IBM/eventstreams-go-sdk/pkg/adminrestv1/adminrest_v1.go:1555.101,1558.2 2 0
github.com/IBM/eventstreams-go-sdk/pkg/adminrestv1/adminrest_v1.go:1561.92,1564.2 2 0
github.com/IBM/eventstreams-go-sdk/pkg/adminrestv1/adminrest_v1.go:1585.65,1587.2 1 0
github.com/IBM/eventstreams-go-sdk/pkg/adminrestv1/adminrest_v1.go:1590.78,1593.2 2 0
github.com/IBM/eventstreams-go-sdk/pkg/adminrestv1/adminrest_v1.go:1596.89,1599.2 2 0
github.com/IBM/eventstreams-go-sdk/pkg/adminrestv1/adminrest_v1.go:1602.97,1605.2 2 0
github.com/IBM/eventstreams-go-sdk/pkg/adminrestv1/adminrest_v1.go:1608.109,1611.2 2 0
github.com/IBM/eventstreams-go-sdk/pkg/adminrestv1/adminrest_v1.go:1614.92,1617.2 2 0
github.com/IBM/eventstreams-go-sdk/pkg/adminrestv1/adminrest_v1.go:1629.95,1633.2 1 0
github.com/IBM/eventstreams-go-sdk/pkg/adminrestv1/adminrest_v1.go:1636.100,1639.2 2 0
github.com/IBM/eventstreams-go-sdk/pkg/adminrestv1/adminrest_v1.go:1642.108,1645.2 2 0
github.com/IBM/eventstreams-go-sdk/pkg/adminrestv1/adminrest_v1.go:1657.82,1661.2 1 0
github.com/IBM/eventstreams-go-sdk/pkg/adminrestv1/adminrest_v1.go:1664.90,1667.2 2 0
github.com/IBM/eventstreams-go-sdk/pkg/adminrestv1/adminrest_v1.go:1670.92,1673.2 2 0
github.com/IBM/eventstreams-go-sdk/pkg/adminrestv1/adminrest_v1.go:1685.81,1689.2 1 0
github.com/IBM/eventstreams-go-sdk/pkg/adminrestv1/adminrest_v1.go:1692.88,1695.2 2 0
github.com/IBM/eventstreams-go-sdk/pkg/adminrestv1/adminrest_v1.go:1698.92,1701.2 2 0
github.com/IBM/eventstreams-go-sdk/pkg/adminrestv1/adminrest_v1.go:1715.95,1719.2 1 0
github.com/IBM/eventstreams-go-sdk/pkg/adminrestv1/adminrest_v1.go:1722.102,1725.2 2 0
github.com/IBM/eventstreams-go-sdk/pkg/adminrestv1/adminrest_v1.go:1728.148,1731.2 2 0
github.com/IBM/eventstreams-go-sdk/pkg/adminrestv1/adminrest_v1.go:1734.106,1737.2 2 0
github.com/IBM/eventstreams-go-sdk/pkg/adminrestv1/adminrest_v1.go:1759.87,1763.2 1 0
github.com/IBM/eventstreams-go-sdk/pkg/adminrestv1/adminrest_v1.go:1766.93,1769.2 2 0
github.com/IBM/eventstreams-go-sdk/pkg/adminrestv1/adminrest_v1.go:1772.102,1775.2 2 0
github.com/IBM/eventstreams-go-sdk/pkg/adminrestv1/adminrest_v1.go:1778.90,1781.2 2 0
github.com/IBM/eventstreams-go-sdk/pkg/adminrestv1/adminrest_v1.go:1784.100,1787.2 2 0
github.com/IBM/eventstreams-go-sdk/pkg/adminrestv1/adminrest_v1.go:1799.75,1803.2 1 0
github.com/IBM/eventstreams-go-sdk/pkg/adminrestv1/adminrest_v1.go:1806.81,1809.2 2 0
github.com/IBM/eventstreams-go-sdk/pkg/adminrestv1/adminrest_v1.go:1812.88,1815.2 2 0
github.com/IBM/eventstreams-go-sdk/pkg/adminrestv1/adminrest_v1.go:1825.63,1827.2 1 0
github.com/IBM/eventstreams-go-sdk/pkg/adminrestv1/adminrest_v1.go:1830.90,1833.2 2 0
github.com/IBM/eventstreams-go-sdk/pkg/adminrestv1/adminrest_v1.go:1845.89,1849.2 1 0
github.com/IBM/eventstreams-go-sdk/pkg/adminrestv1/adminrest_v1.go:1852.94,1855.2 2 0
github.com/IBM/eventstreams-go-sdk/pkg/adminrestv1/adminrest_v1.go:1858.102,1861.2 2 0
github.com/IBM/eventstreams-go-sdk/pkg/adminrestv1/adminrest_v1.go:1871.91,1873.2 1 0
github.com/IBM/eventstreams-go-sdk/pkg/adminrestv1/adminrest_v1.go:1876.118,1879.2 2 0
github.com/IBM/eventstreams-go-sdk/pkg/adminrestv1/adminrest_v1.go:1889.95,1891.2 1 0
github.com/IBM/eventstreams-go-sdk/pkg/adminrestv1/adminrest_v1.go:1894.122,1897.2 2 0
github.com/IBM/eventstreams-go-sdk/pkg/adminrestv1/adminrest_v1.go:1909.76,1913.2 1 0
github.com/IBM/eventstreams-go-sdk/pkg/adminrestv1/adminrest_v1.go:1916.84,1919.2 2 0
github.com/IBM/eventstreams-go-sdk/pkg/adminrestv1/adminrest_v1.go:1922.86,1925.2 2 0
github.com/IBM/eventstreams-go-sdk/pkg/adminrestv1/adminrest_v1.go:1937.75,1941.2 1 0
github.com/IBM/eventstreams-go-sdk/pkg/adminrestv1/adminrest_v1.go:1944.82,1947.2 2 0
github.com/IBM/eventstreams-go-sdk/pkg/adminrestv1/adminrest_v1.go:1950.86,1953.2 2 0
github.com/IBM/eventstreams-go-sdk/pkg/adminrestv1/adminrest_v1.go:1965.99,1968.16 3 0
github.com/IBM/eventstreams-go-sdk/pkg/adminrestv1/adminrest_v1.go:1971.2,1972.16 2 0
github.com/IBM/eventstreams-go-sdk/pkg/adminrestv1/adminrest_v1.go:1975.2,1976.16 2 0
github.com/IBM/eventstreams-go-sdk/pkg/adminrestv1/adminrest_v1.go:1979.2,1980.8 2 0
github.com/IBM/eventstreams-go-sdk/pkg/adminrestv1/adminrest_v1.go:1968.16,1970.3 1 0
github.com/IBM/eventstreams-go-sdk/pkg/adminrestv1/adminrest_v1.go:1972.16,1974.3 1 0
github.com/IBM/eventstreams-go-sdk/pkg/adminrestv1/adminrest_v1.go:1976.16,1978.3 1 0
github.com/IBM/eventstreams-go-sdk/pkg/adminrestv1/adminrest_v1.go:1991.65,1993.2 1 0
github.com/IBM/eventstreams-go-sdk/pkg/adminrestv1/adminrest_v1.go:1996.92,1999.2 2 0
github.com/IBM/eventstreams-go-sdk/pkg/adminrestv1/adminrest_v1.go:2020.79,2022.2 1 0
github.com/IBM/eventstreams-go-sdk/pkg/adminrestv1/adminrest_v1.go:2025.106,2028.2 2 0
github.com/IBM/eventstreams-go-sdk/pkg/adminrestv1/adminrest_v1.go:2031.97,2034.2 2 0
github.com/IBM/eventstreams-go-sdk/pkg/adminrestv1/adminrest_v1.go:2037.91,2040.2 2 0
github.com/IBM/eventstreams-go-sdk/pkg/adminrestv1/adminrest_v1.go:2043.106,2046.2 2 0
github.com/IBM/eventstreams-go-sdk/pkg/adminrestv1/adminrest_v1.go:2056.63,2058.2 1 0
github.com/IBM/eventstreams-go-sdk/pkg/adminrestv1/adminrest_v1.go:2061.90,2064.2 2 0
github.com/IBM/eventstreams-go-sdk/pkg/adminrestv1/adminrest_v1.go:2085.63,2087.2 1 0
github.com/IBM/eventstreams-go-sdk/pkg/adminrestv1/adminrest_v1.go:2090.90,2093.2 2 0
github.com/IBM/eventstreams-go-sdk/pkg/adminrestv1/adminrest_v1.go:2096.81,2099.2 2 0
github.com/IBM/eventstreams-go-sdk/pkg/adminrestv1/adminrest_v1.go:2102.75,2105.2 2 0
github.com/IBM/eventstreams-go-sdk/pkg/adminrestv1/adminrest_v1.go:2108.90,2111.2 2 0
github.com/IBM/eventstreams-go-sdk/pkg/adminrestv1/adminrest_v1.go:2123.99,2126.16 3 0
github.com/IBM/eventstreams-go-sdk/pkg/adminrestv1/adminrest_v1.go:2129.2,2130.16 2 0
github.com/IBM/eventstreams-go-sdk/pkg/adminrestv1/adminrest_v1.go:2133.2,2134.8 2 0
github.com/IBM/eventstreams-go-sdk/pkg/adminrestv1/adminrest_v1.go:2126.16,2128.3 1 0
github.com/IBM/eventstreams-go-sdk/pkg/adminrestv1/adminrest_v1.go:2130.16,2132.3 1 0
github.com/IBM/eventstreams-go-sdk/pkg/adminrestv1/adminrest_v1.go:2147.116,2150.16 3 0
github.com/IBM/eventstreams-go-sdk/pkg/adminrestv1/adminrest_v1.go:2153.2,2154.16 2 0
github.com/IBM/eventstreams-go-sdk/pkg/adminrestv1/adminrest_v1.go:2157.2,2158.8 2 0
github.com/IBM/eventstreams-go-sdk/pkg/adminrestv1/adminrest_v1.go:2150.16,2152.3 1 0
github.com/IBM/eventstreams-go-sdk/pkg/adminrestv1/adminrest_v1.go:2154.16,2156.3 1 0
github.com/IBM/eventstreams-go-sdk/pkg/adminrestv1/adminrest_v1.go:2170.103,2172.2 1 0
github.com/IBM/eventstreams-go-sdk/pkg/adminrestv1/adminrest_v1.go:2175.126,2178.2 2 0
github.com/IBM/eventstreams-go-sdk/pkg/adminrestv1/adminrest_v1.go:2181.130,2184.2 2 0
github.com/IBM/eventstreams-go-sdk/pkg/adminrestv1/adminrest_v1.go:2196.107,2199.16 3 0
github.com/IBM/eventstreams-go-sdk/pkg/adminrestv1/adminrest_v1.go:2202.2,2203.16 2 0
github.com/IBM/eventstreams-go-sdk/pkg/adminrestv1/adminrest_v1.go:2206.2,2207.8 2 0
github.com/IBM/eventstreams-go-sdk/pkg/adminrestv1/adminrest_v1.go:2199.16,2201.3 1 0
github.com/IBM/eventstreams-go-sdk/pkg/adminrestv1/adminrest_v1.go:2203.16,2205.3 1 0
github.com/IBM/eventstreams-go-sdk/pkg/adminrestv1/adminrest_v1.go:2219.111,2222.16 3 0
github.com/IBM/eventstreams-go-sdk/pkg/adminrestv1/adminrest_v1.go:2225.2,2226.16 2 0
github.com/IBM/eventstreams-go-sdk/pkg/adminrestv1/adminrest_v1.go:2229.2,2230.8 2 0
github.com/IBM/eventstreams-go-sdk/pkg/adminrestv1/adminrest_v1.go:2222.16,2224.3 1 0
github.com/IBM/eventstreams-go-sdk/pkg/adminrestv1/adminrest_v1.go:2226.16,2228.3 1 0
github.com/IBM/eventstreams-go-sdk/pkg/adminrestv1/adminrest_v1.go:2239.118,2242.16 3 0
github.com/IBM/eventstreams-go-sdk/pkg/adminrestv1/adminrest_v1.go:2245.2,2246.8 2 0
github.com/IBM/eventstreams-go-sdk/pkg/adminrestv1/adminrest_v1.go:2242.16,2244.3 1 0
github.com/IBM/eventstreams-go-sdk/pkg/adminrestv1/adminrest_v1.go:2262.107,2265.16 3 0
github.com/IBM/eventstreams-go-sdk/pkg/adminrestv1/adminrest_v1.go:2268.2,2269.16 2 0
github.com/IBM/eventstreams-go-sdk/pkg/adminrestv1/adminrest_v1.go:2272.2,2273.16 2 0
github.com/IBM/eventstreams-go-sdk/pkg/adminrestv1/adminrest_v1.go:2276.2,2277.8 2 0
github.com/IBM/eventstreams-go-sdk/pkg/adminrestv1/adminrest_v1.go:2265.16,2267.3 1 0
github.com/IBM/eventstreams-go-sdk/pkg/adminrestv1/adminrest_v1.go:2269.16,2271.3 1 0
github.com/IBM/eventstreams-go-sdk/pkg/adminrestv1/adminrest_v1.go:2273.16,2275.3 1 0
github.com/IBM/eventstreams-go-sdk/pkg/adminrestv1/adminrest_v1.go:2303.95,2307.2 1 0
github.com/IBM/eventstreams-go-sdk/pkg/adminrestv1/adminrest_v1.go:2310.100,2313.2 2 0
github.com/IBM/eventstreams-go-sdk/pkg/adminrestv1/adminrest_v1.go:2316.96,2319.2 2 0
github.com/IBM/eventstreams-go-sdk/pkg/adminrestv1/adminrest_v1.go:2322.94,2325.2 2 0
github.com/IBM/eventstreams-go-sdk/pkg/adminrestv1/adminrest_v1.go:2328.96,2331.2 2 0
github.com/IBM/eventstreams-go-sdk/pkg/adminrestv1/adminrest_v1.go:2334.98,2337.2 2 0
github.com/IBM/eventstreams-go-sdk/pkg/adminrestv1/adminrest_v1.go:2340.108,2343.2 2 0
github.com/IBM/eventstreams-go-sdk/pkg/adminrestv1/adminrest_v1.go:2361.82,2365.2 1 0
github.com/IBM/eventstreams-go-sdk/pkg/adminrestv1/adminrest_v1.go:2368.90,2371.2 2 0
github.com/IBM/eventstreams-go-sdk/pkg/adminrestv1/adminrest_v1.go:2374.101,2377.2 2 0
github.com/IBM/eventstreams-go-sdk/pkg/adminrestv1/adminrest_v1.go:2380.101,2383.2 2 0
github.com/IBM/eventstreams-go-sdk/pkg/adminrestv1/adminrest_v1.go:2386.92,2389.2 2 0
github.com/IBM/eventstreams-go-sdk/pkg/adminrestv1/adminrest_v1.go:2408.81,2412.2 1 0
github.com/IBM/eventstreams-go-sdk/pkg/adminrestv1/adminrest_v1.go:2415.88,2418.2 2 0
github.com/IBM/eventstreams-go-sdk/pkg/adminrestv1/adminrest_v1.go:2421.113,2424.2 2 0
github.com/IBM/eventstreams-go-sdk/pkg/adminrestv1/adminrest_v1.go:2427.109,2430.2 2 0
github.com/IBM/eventstreams-go-sdk/pkg/adminrestv1/adminrest_v1.go:2433.92,2436.2 2 0
github.com/IBM/eventstreams-go-sdk/pkg/adminrestv1/adminrest_v1.go:2459.90,2462.16 3 0
github.com/IBM/eventstreams-go-sdk/pkg/adminrestv1/adminrest_v1.go:2465.2,2466.16 2 0
github.com/IBM/eventstreams-go-sdk/pkg/adminrestv1/adminrest_v1.go:2469.2,2470.16 2 0
github.com/IBM/eventstreams-go-sdk/pkg/adminrestv1/adminrest_v1.go:2473.2,2474.16 2 0
github.com/IBM/eventstreams-go-sdk/pkg/adminrestv1/adminrest_v1.go:2477.2,2478.16 2 0
github.com/IBM/eventstreams-go-sdk/pkg/adminrestv1/adminrest_v1.go:2481.2,2482.8 2 0
github.com/IBM/eventstreams-go-sdk/pkg/adminrestv1/adminrest_v1.go:2462.16,2464.3 1 0
github.com/IBM/eventstreams-go-sdk/pkg/adminrestv1/adminrest_v1.go:2466.16,2468.3 1 0
github.com/IBM/eventstreams-go-sdk/pkg/adminrestv1/adminrest_v1.go:2470.16,2472.3 1 0
github.com/IBM/eventstreams-go-sdk/pkg/adminrestv1/adminrest_v1.go:2474.16,2476.3 1 0
github.com/IBM/eventstreams-go-sdk/pkg/adminrestv1/adminrest_v1.go:2478.16,2480.3 1 0
github.com/IBM/eventstreams-go-sdk/pkg/adminrestv1/adminrest_v1.go:2504.91,2507.16 3 0
github.com/IBM/eventstreams-go-sdk/pkg/adminrestv1/adminrest_v1.go:2510.2,2511.16 2 0
github.com/IBM/eventstreams-go-sdk/pkg/adminrestv1/adminrest_v1.go:2514.2,2515.16 2 0
github.com/IBM/eventstreams-go-sdk/pkg/adminrestv1/adminrest_v1.go:2518.2,2519.16 2 0
github.com/IBM/eventstreams-go-sdk/pkg/adminrestv1/adminrest_v1.go:2522.2,2523.8 2 0
github.com/IBM/eventstreams-go-sdk/pkg/adminrestv1/adminrest_v1.go:2507.16,2509.3 1 0
github.com/IBM/eventstreams-go-sdk/pkg/adminrestv1/adminrest_v1.go:2511.16,2513.3 1 0
github.com/IBM/eventstreams-go-sdk/pkg/adminrestv1/adminrest_v1.go:2515.16,2517.3 1 0
github.com/IBM/eventstreams-go-sdk/pkg/adminrestv1/adminrest_v1.go:2519.16,2521.3 1 0
github.com/IBM/eventstreams-go-sdk/pkg/adminrestv1/adminrest_v1.go:2538.85,2541.16 3 0
github.com/IBM/eventstreams-go-sdk/pkg/adminrestv1/adminrest_v1.go:2544.2,2545.16 2 0
github.com/IBM/eventstreams-go-sdk/pkg/adminrestv1/adminrest_v1.go:2548.2,2549.16 2 0
github.com/IBM/eventstreams-go-sdk/pkg/adminrestv1/adminrest_v1.go:2552.2,2553.8 2 0
github.com/IBM/eventstreams-go-sdk/pkg/adminrestv1/adminrest_v1.go:2541.16,2543.3 1 0
github.com/IBM/eventstreams-go-sdk/pkg/adminrestv1/adminrest_v1.go:2545.16,2547.3 1 0
github.com/IBM/eventstreams-go-sdk/pkg/adminrestv1/adminrest_v1.go:2549.16,2551.3 1 0
github.com/IBM/eventstreams-go-sdk/pkg/adminrestv1/adminrest_v1.go:2569.95,2572.16 3 0
github.com/IBM/eventstreams-go-sdk/pkg/adminrestv1/adminrest_v1.go:2575.2,2576.16 2 0
github.com/IBM/eventstreams-go-sdk/pkg/adminrestv1/adminrest_v1.go:2579.2,2580.16 2 0
github.com/IBM/eventstreams-go-sdk/pkg/adminrestv1/adminrest_v1.go:2583.2,2584.8 2 0
github.com/IBM/eventstreams-go-sdk/pkg/adminrestv1/adminrest_v1.go:2572.16,2574.3 1 0
github.com/IBM/eventstreams-go-sdk/pkg/adminrestv1/adminrest_v1.go:2576.16,2578.3 1 0
github.com/IBM/eventstreams-go-sdk/pkg/adminrestv1/adminrest_v1.go:2580.16,2582.3 1 0
github.com/IBM/eventstreams-go-sdk/pkg/adminrestv1/adminrest_v1.go:2603.89,2606.16 3 0
github.com/IBM/eventstreams-go-sdk/pkg/adminrestv1/adminrest_v1.go:2609.2,2610.16 2 0
github.com/IBM/eventstreams-go-sdk/pkg/adminrestv1/adminrest_v1.go:2613.2,2614.16 2 0
github.com/IBM/eventstreams-go-sdk/pkg/adminrestv1/adminrest_v1.go:2617.2,2618.16 2 0
github.com/IBM/eventstreams-go-sdk/pkg/adminrestv1/adminrest_v1.go:2621.2,2622.8 2 0
github.com/IBM/eventstreams-go-sdk/pkg/adminrestv1/adminrest_v1.go:2606.16,2608.3 1 0
github.com/IBM/eventstreams-go-sdk/pkg/adminrestv1/adminrest_v1.go:2610.16,2612.3 1 0
github.com/IBM/eventstreams-go-sdk/pkg/adminrestv1/adminrest_v1.go:2614.16,2616.3 1 0
github.com/IBM/eventstreams-go-sdk/pkg/adminrestv1/adminrest_v1.go:2618.16,2620.3 1 0
github.com/IBM/eventstreams-go-sdk/pkg/adminrestv1/adminrest_v1.go:2641.84,2644.16 3 0
github.com/IBM/eventstreams-go-sdk/pkg/adminrestv1/adminrest_v1.go:2647.2,2648.16 2 0
github.com/IBM/eventstreams-go-sdk/pkg/adminrestv1/adminrest_v1.go:2651.2,2652.16 2 0
github.com/IBM/eventstreams-go-sdk/pkg/adminrestv1/adminrest_v1.go:2655.2,2656.16 2 0
github.com/IBM/eventstreams-go-sdk/pkg/adminrestv1/adminrest_v1.go:2659.2,2660.8 2 0
github.com/IBM/eventstreams-go-sdk/pkg/adminrestv1/adminrest_v1.go:2644.16,2646.3 1 0
github.com/IBM/eventstreams-go-sdk/pkg/adminrestv1/adminrest_v1.go:2648.16,2650.3 1 0
github.com/IBM/eventstreams-go-sdk/pkg/adminrestv1/adminrest_v1.go:2652.16,2654.3 1 0
github.com/IBM/eventstreams-go-sdk/pkg/adminrestv1/adminrest_v1.go:2656.16,2658.3 1 0
github.com/IBM/eventstreams-go-sdk/pkg/adminrestv1/adminrest_v1.go:2669.99,2672.16 3 0
github.com/IBM/eventstreams-go-sdk/pkg/adminrestv1/adminrest_v1.go:2675.2,2676.8 2 0
github.com/IBM/eventstreams-go-sdk/pkg/adminrestv1/adminrest_v1.go:2672.16,2674.3 1 0
github.com/IBM/eventstreams-go-sdk/pkg/adminrestv1/adminrest_v1.go:2685.101,2688.16 3 0
github.com/IBM/eventstreams-go-sdk/pkg/adminrestv1/adminrest_v1.go:2691.2,2692.8 2 0
github.com/IBM/eventstreams-go-sdk/pkg/adminrestv1/adminrest_v1.go:2688.16,2690.3 1 0
github.com/IBM/eventstreams-go-sdk/pkg/adminrestv1/adminrest_v1.go:2705.89,2708.16 3 0
github.com/IBM/eventstreams-go-sdk/pkg/adminrestv1/adminrest_v1.go:2711.2,2712.16 2 0
github.com/IBM/eventstreams-go-sdk/pkg/adminrestv1/adminrest_v1.go:2715.2,2716.8 2 0
github.com/IBM/eventstreams-go-sdk/pkg/adminrestv1/adminrest_v1.go:2708.16,2710.3 1 0
github.com/IBM/eventstreams-go-sdk/pkg/adminrestv1/adminrest_v1.go:2712.16,2714.3 1 0
github.com/IBM/eventstreams-go-sdk/pkg/adminrestv1/adminrest_v1.go:2725.87,2728.16 3 0
github.com/IBM/eventstreams-go-sdk/pkg/adminrestv1/adminrest_v1.go:2731.2,2732.8 2 0
github.com/IBM/eventstreams-go-sdk/pkg/adminrestv1/adminrest_v1.go:2728.16,2730.3 1 0
github.com/IBM/eventstreams-go-sdk/pkg/adminrestv1/adminrest_v1.go:2751.90,2754.16 3 0
github.com/IBM/eventstreams-go-sdk/pkg/adminrestv1/adminrest_v1.go:2757.2,2758.16 2 0
github.com/IBM/eventstreams-go-sdk/pkg/adminrestv1/adminrest_v1.go:2761.2,2762.16 2 0
github.com/IBM/eventstreams-go-sdk/pkg/adminrestv1/adminrest_v1.go:2765.2,2766.16 2 0
github.com/IBM/eventstreams-go-sdk/pkg/adminrestv1/adminrest_v1.go:2769.2,2770.8 2 0
github.com/IBM/eventstreams-go-sdk/pkg/adminrestv1/adminrest_v1.go:2754.16,2756.3 1 0
github.com/IBM/eventstreams-go-sdk/pkg/adminrestv1/adminrest_v1.go:2758.16,2760.3 1 0
github.com/IBM/eventstreams-go-sdk/pkg/adminrestv1/adminrest_v1.go:2762.16,2764.3 1 0
github.com/IBM/eventstreams-go-sdk/pkg/adminrestv1/adminrest_v1.go:2766.16,2768.3 1 0
github.com/IBM/eventstreams-go-sdk/pkg/adminrestv1/adminrest_v1.go:2797.89,2800.16 3 0
github.com/IBM/eventstreams-go-sdk/pkg/adminrestv1/adminrest_v1.go:2803.2,2804.16 2 0
github.com/IBM/eventstreams-go-sdk/pkg/adminrestv1/adminrest_v1.go:2807.2,2808.16 2 0
github.com/IBM/eventstreams-go-sdk/pkg/adminrestv1/adminrest_v1.go:2811.2,2812.16 2 0
github.com/IBM/eventstreams-go-sdk/pkg/adminrestv1/adminrest_v1.go:2815.2,2816.16 2 0
github.com/IBM/eventstreams-go-sdk/pkg/adminrestv1/adminrest_v1.go:2819.2,2820.16 2 0
github.com/IBM/eventstreams-go-sdk/pkg/adminrestv1/adminrest_v1.go:2823.2,2824.16 2 0
github.com/IBM/eventstreams-go-sdk/pkg/adminrestv1/adminrest_v1.go:2827.2,2828.8 2 0
github.com/IBM/eventstreams-go-sdk/pkg/adminrestv1/adminrest_v1.go:2800.16,2802.3 1 0
github.com/IBM/eventstreams-go-sdk/pkg/adminrestv1/adminrest_v1.go:2804.16,2806.3 1 0
github.com/IBM/eventstreams-go-sdk/pkg/adminrestv1/adminrest_v1.go:2808.16,2810.3 1 0
github.com/IBM/eventstreams-go-sdk/pkg/adminrestv1/adminrest_v1.go:2812.16,2814.3 1 0
github.com/IBM/eventstreams-go-sdk/pkg/adminrestv1/adminrest_v1.go:2816.16,2818.3 1 0
github.com/IBM/eventstreams-go-sdk/pkg/adminrestv1/adminrest_v1.go:2820.16,2822.3 1 0
github.com/IBM/eventstreams-go-sdk/pkg/adminrestv1/adminrest_v1.go:2824.16,2826.3 1 0
github.com/IBM/eventstreams-go-sdk/pkg/adminrestv1/adminrest_v1.go:2847.98,2850.16 3 0
github.com/IBM/eventstreams-go-sdk/pkg/adminrestv1/adminrest_v1.go:2853.2,2854.16 2 0
github.com/IBM/eventstreams-go-sdk/pkg/adminrestv1/adminrest_v1.go:2857.2,2858.16 2 0
github.com/IBM/eventstreams-go-sdk/pkg/adminrestv1/adminrest_v1.go:2861.2,2862.16 2 0
github.com/IBM/eventstreams-go-sdk/pkg/adminrestv1/adminrest_v1.go:2865.2,2866.8 2 0
github.com/IBM/eventstreams-go-sdk/pkg/adminrestv1/adminrest_v1.go:2850.16,2852.3 1 0
github.com/IBM/eventstreams-go-sdk/pkg/adminrestv1/adminrest_v1.go:2854.16,2856.3 1 0
github.com/IBM/eventstreams-go-sdk/pkg/adminrestv1/adminrest_v1.go:2858.16,2860.3 1 0
github.com/IBM/eventstreams-go-sdk/pkg/adminrestv1/adminrest_v1.go:2862.16,2864.3 1 0
github.com/IBM/eventstreams-go-sdk/examples/adminrestv1/example.go:28.13,33.15 4 0
github.com/IBM/eventstreams-go-sdk/examples/adminrestv1/example.go:38.2,38.39 1 0
github.com/IBM/eventstreams-go-sdk/examples/adminrestv1/example.go:43.2,43.39 1 0
github.com/IBM/eventstreams-go-sdk/examples/adminrestv1/example.go:48.2,50.18 2 0
github.com/IBM/eventstreams-go-sdk/examples/adminrestv1/example.go:70.2,76.23 2 0
github.com/IBM/eventstreams-go-sdk/examples/adminrestv1/example.go:82.2,87.16 5 0
github.com/IBM/eventstreams-go-sdk/examples/adminrestv1/example.go:92.2,94.16 3 0
github.com/IBM/eventstreams-go-sdk/examples/adminrestv1/example.go:99.2,101.16 3 0
github.com/IBM/eventstreams-go-sdk/examples/adminrestv1/example.go:106.2,108.16 3 0
github.com/IBM/eventstreams-go-sdk/examples/adminrestv1/example.go:113.2,115.16 3 0
github.com/IBM/eventstreams-go-sdk/examples/adminrestv1/example.go:120.2,122.16 3 0
github.com/IBM/eventstreams-go-sdk/examples/adminrestv1/example.go:149.2,151.16 3 0
github.com/IBM/eventstreams-go-sdk/examples/adminrestv1/example.go:156.2,158.16 3 0
github.com/IBM/eventstreams-go-sdk/examples/adminrestv1/example.go:33.15,36.3 2 0
github.com/IBM/eventstreams-go-sdk/examples/adminrestv1/example.go:38.39,41.3 2 0
github.com/IBM/eventstreams-go-sdk/examples/adminrestv1/example.go:43.39,46.3 2 0
github.com/IBM/eventstreams-go-sdk/examples/adminrestv1/example.go:50.18,54.17 3 0
github.com/IBM/eventstreams-go-sdk/examples/adminrestv1/example.go:54.17,57.4 2 0
github.com/IBM/eventstreams-go-sdk/examples/adminrestv1/example.go:58.8,62.17 3 0
github.com/IBM/eventstreams-go-sdk/examples/adminrestv1/example.go:62.17,65.4 2 0
github.com/IBM/eventstreams-go-sdk/examples/adminrestv1/example.go:76.23,79.3 2 0
github.com/IBM/eventstreams-go-sdk/examples/adminrestv1/example.go:87.16,90.3 2 0
github.com/IBM/eventstreams-go-sdk/examples/adminrestv1/example.go:94.16,97.3 2 0
github.com/IBM/eventstreams-go-sdk/examples/adminrestv1/example.go:101.16,104.3 2 0
github.com/IBM/eventstreams-go-sdk/examples/adminrestv1/example.go:108.16,111.3 2 0
github.com/IBM/eventstreams-go-sdk/examples/adminrestv1/example.go:115.16,118.3 2 0
github.com/IBM/eventstreams-go-sdk/examples/adminrestv1/example.go:122.16,125.3 2 0
github.com/IBM/eventstreams-go-sdk/examples/adminrestv1/example.go:151.16,154.3 2 0
github.com/IBM/eventstreams-go-sdk/examples/adminrestv1/example.go:158.16,161.3 2 0
github.com/IBM/eventstreams-go-sdk/examples/adminrestv1/example.go:217.60,223.25 3 0
github.com/IBM/eventstreams-go-sdk/examples/adminrestv1/example.go:228.2,228.42 1 0
github.com/IBM/eventstreams-go-sdk/examples/adminrestv1/example.go:233.2,233.37 1 0
github.com/IBM/eventstreams-go-sdk/examples/adminrestv1/example.go:236.2,236.12 1 0
github.com/IBM/eventstreams-go-sdk/examples/adminrestv1/example.go:223.25,225.3 1 0
github.com/IBM/eventstreams-go-sdk/examples/adminrestv1/example.go:228.42,230.3 1 0
github.com/IBM/eventstreams-go-sdk/examples/adminrestv1/example.go:233.37,235.3 1 0
github.com/IBM/eventstreams-go-sdk/examples/adminrestv1/example.go:239.62,246.25 4 0
github.com/IBM/eventstreams-go-sdk/examples/adminrestv1/example.go:251.2,251.42 1 0
github.com/IBM/eventstreams-go-sdk/examples/adminrestv1/example.go:256.2,275.55 7 0
github.com/IBM/eventstreams-go-sdk/examples/adminrestv1/example.go:279.2,279.12 1 0
github.com/IBM/eventstreams-go-sdk/examples/adminrestv1/example.go:246.25,248.3 1 0
github.com/IBM/eventstreams-go-sdk/examples/adminrestv1/example.go:251.42,253.3 1 0
github.com/IBM/eventstreams-go-sdk/examples/adminrestv1/example.go:275.55,277.3 1 0
github.com/IBM/eventstreams-go-sdk/examples/adminrestv1/example.go:283.61,291.25 5 0
github.com/IBM/eventstreams-go-sdk/examples/adminrestv1/example.go:296.2,296.48 1 0
github.com/IBM/eventstreams-go-sdk/examples/adminrestv1/example.go:300.2,302.12 2 0
github.com/IBM/eventstreams-go-sdk/examples/adminrestv1/example.go:291.25,293.3 1 0
github.com/IBM/eventstreams-go-sdk/examples/adminrestv1/example.go:296.48,298.3 1 0
github.com/IBM/eventstreams-go-sdk/examples/adminrestv1/example.go:305.61,312.25 4 0
github.com/IBM/eventstreams-go-sdk/examples/adminrestv1/example.go:317.2,317.48 1 0
github.com/IBM/eventstreams-go-sdk/examples/adminrestv1/example.go:321.2,322.12 2 0
github.com/IBM/eventstreams-go-sdk/examples/adminrestv1/example.go:312.25,314.3 1 0
github.com/IBM/eventstreams-go-sdk/examples/adminrestv1/example.go:317.48,319.3 1 0
github.com/IBM/eventstreams-go-sdk/examples/adminrestv1/example.go:325.68,333.25 5 0
github.com/IBM/eventstreams-go-sdk/examples/adminrestv1/example.go:338.2,338.48 1 0
github.com/IBM/eventstreams-go-sdk/examples/adminrestv1/example.go:342.2,344.12 2 0
github.com/IBM/eventstreams-go-sdk/examples/adminrestv1/example.go:333.25,335.3 1 0
github.com/IBM/eventstreams-go-sdk/examples/adminrestv1/example.go:338.48,340.3 1 0
github.com/IBM/eventstreams-go-sdk/examples/adminrestv1/example.go:347.61,356.25 6 0
github.com/IBM/eventstreams-go-sdk/examples/adminrestv1/example.go:361.2,361.47 1 0
github.com/IBM/eventstreams-go-sdk/examples/adminrestv1/example.go:365.2,367.12 2 0
github.com/IBM/eventstreams-go-sdk/examples/adminrestv1/example.go:356.25,358.3 1 0
github.com/IBM/eventstreams-go-sdk/examples/adminrestv1/example.go:361.47,363.3 1 0
github.com/IBM/eventstreams-go-sdk/examples/adminrestv1/example.go:370.61,379.25 6 0
github.com/IBM/eventstreams-go-sdk/examples/adminrestv1/example.go:384.2,384.48 1 0
github.com/IBM/eventstreams-go-sdk/examples/adminrestv1/example.go:388.2,390.12 2 0
github.com/IBM/eventstreams-go-sdk/examples/adminrestv1/example.go:379.25,381.3 1 0
github.com/IBM/eventstreams-go-sdk/examples/adminrestv1/example.go:384.48,386.3 1 0
github.com/IBM/eventstreams-go-sdk/examples/adminrestv1/example.go:393.58,400.25 4 0
github.com/IBM/eventstreams-go-sdk/examples/adminrestv1/example.go:405.2,405.42 1 0
github.com/IBM/eventstreams-go-sdk/examples/adminrestv1/example.go:409.2,410.12 2 0
github.com/IBM/eventstreams-go-sdk/examples/adminrestv1/example.go:400.25,402.3 1 0
github.com/IBM/eventstreams-go-sdk/examples/adminrestv1/example.go:405.42,407.3 1 0
github.com/IBM/eventstreams-go-sdk/examples/adminrestv1/example.go:414.60,420.25 3 0
github.com/IBM/eventstreams-go-sdk/examples/adminrestv1/example.go:425.2,425.42 1 0
github.com/IBM/eventstreams-go-sdk/examples/adminrestv1/example.go:430.2,430.36 1 0
github.com/IBM/eventstreams-go-sdk/examples/adminrestv1/example.go:433.2,433.12 1 0
github.com/IBM/eventstreams-go-sdk/examples/adminrestv1/example.go:420.25,422.3 1 0
github.com/IBM/eventstreams-go-sdk/examples/adminrestv1/example.go:425.42,427.3 1 0
github.com/IBM/eventstreams-go-sdk/examples/adminrestv1/example.go:430.36,432.3 1 0
github.com/IBM/eventstreams-go-sdk/examples/adminrestv1/example.go:436.61,443.25 4 0
github.com/IBM/eventstreams-go-sdk/examples/adminrestv1/example.go:448.2,448.48 1 0
github.com/IBM/eventstreams-go-sdk/examples/adminrestv1/example.go:452.2,453.12 2 0
github.com/IBM/eventstreams-go-sdk/examples/adminrestv1/example.go:443.25,445.3 1 0
github.com/IBM/eventstreams-go-sdk/examples/adminrestv1/example.go:448.48,450.3 1 0
github.com/IBM/eventstreams-go-sdk/examples/adminrestv1/example.go:457.80,464.25 4 0
github.com/IBM/eventstreams-go-sdk/examples/adminrestv1/example.go:469.2,469.48 1 0
github.com/IBM/eventstreams-go-sdk/examples/adminrestv1/example.go:474.2,474.44 1 0
github.com/IBM/eventstreams-go-sdk/examples/adminrestv1/example.go:478.2,478.12 1 0
github.com/IBM/eventstreams-go-sdk/examples/adminrestv1/example.go:464.25,466.3 1 0
github.com/IBM/eventstreams-go-sdk/examples/adminrestv1/example.go:469.48,471.3 1 0
github.com/IBM/eventstreams-go-sdk/examples/adminrestv1/example.go:474.44,476.3 1 0
github.com/IBM/eventstreams-go-sdk/examples/adminrestv1/example.go:482.77,488.25 3 0
github.com/IBM/eventstreams-go-sdk/examples/adminrestv1/example.go:493.2,493.48 1 0
github.com/IBM/eventstreams-go-sdk/examples/adminrestv1/example.go:498.2,498.44 1 0
github.com/IBM/eventstreams-go-sdk/examples/adminrestv1/example.go:502.2,502.12 1 0
github.com/IBM/eventstreams-go-sdk/examples/adminrestv1/example.go:488.25,490.3 1 0
github.com/IBM/eventstreams-go-sdk/examples/adminrestv1/example.go:493.48,495.3 1 0
github.com/IBM/eventstreams-go-sdk/examples/adminrestv1/example.go:498.44,500.3 1 0
github.com/IBM/eventstreams-go-sdk/examples/adminrestv1/example.go:506.74,512.25 3 0
github.com/IBM/eventstreams-go-sdk/examples/adminrestv1/example.go:517.2,517.48 1 0
github.com/IBM/eventstreams-go-sdk/examples/adminrestv1/example.go:522.2,522.48 1 0
github.com/IBM/eventstreams-go-sdk/examples/adminrestv1/example.go:526.2,526.12 1 0
github.com/IBM/eventstreams-go-sdk/examples/adminrestv1/example.go:512.25,514.3 1 0
github.com/IBM/eventstreams-go-sdk/examples/adminrestv1/example.go:517.48,519.3 1 0
github.com/IBM/eventstreams-go-sdk/examples/adminrestv1/example.go:522.48,524.3 1 0
github.com/IBM/eventstreams-go-sdk/examples/adminrestv1/example.go:529.76,531.29 2 0
github.com/IBM/eventstreams-go-sdk/examples/adminrestv1/example.go:535.2,535.29 1 0
github.com/IBM/eventstreams-go-sdk/examples/adminrestv1/example.go:541.2,541.21 1 0
github.com/IBM/eventstreams-go-sdk/examples/adminrestv1/example.go:531.29,533.3 1 0
github.com/IBM/eventstreams-go-sdk/examples/adminrestv1/example.go:535.29,536.28 1 0
github.com/IBM/eventstreams-go-sdk/examples/adminrestv1/example.go:539.3,539.75 1 0
github.com/IBM/eventstreams-go-sdk/examples/adminrestv1/example.go:536.28,538.4 1 0
github.com/IBM/eventstreams-go-sdk/pkg/schemaregistryv1/schemaregistry_v1.go:54.125,55.31 1 0
github.com/IBM/eventstreams-go-sdk/pkg/schemaregistryv1/schemaregistry_v1.go:59.2,59.34 1 0
github.com/IBM/eventstreams-go-sdk/pkg/schemaregistryv1/schemaregistry_v1.go:66.2,67.16 2 0
github.com/IBM/eventstreams-go-sdk/pkg/schemaregistryv1/schemaregistry_v1.go:71.2,72.16 2 0
github.com/IBM/eventstreams-go-sdk/pkg/schemaregistryv1/schemaregistry_v1.go:76.2,76.23 1 0
github.com/IBM/eventstreams-go-sdk/pkg/schemaregistryv1/schemaregistry_v1.go:79.2,79.8 1 0
github.com/IBM/eventstreams-go-sdk/pkg/schemaregistryv1/schemaregistry_v1.go:55.31,57.3 1 0
github.com/IBM/eventstreams-go-sdk/pkg/schemaregistryv1/schemaregistry_v1.go:59.34,61.17 2 0
github.com/IBM/eventstreams-go-sdk/pkg/schemaregistryv1/schemaregistry_v1.go:61.17,63.4 1 0
github.com/IBM/eventstreams-go-sdk/pkg/schemaregistryv1/schemaregistry_v1.go:67.16,69.3 1 0
github.com/IBM/eventstreams-go-sdk/pkg/schemaregistryv1/schemaregistry_v1.go:72.16,74.3 1 0
github.com/IBM/eventstreams-go-sdk/pkg/schemaregistryv1/schemaregistry_v1.go:76.23,78.3 1 0
github.com/IBM/eventstreams-go-sdk/pkg/schemaregistryv1/schemaregistry_v1.go:83.99,89.16 3 0
github.com/IBM/eventstreams-go-sdk/pkg/schemaregistryv1/schemaregistry_v1.go:93.2,93.23 1 0
github.com/IBM/eventstreams-go-sdk/pkg/schemaregistryv1/schemaregistry_v1.go:100.2,104.8 2 0
github.com/IBM/eventstreams-go-sdk/pkg/schemaregistryv1/schemaregistry_v1.go:89.16,91.3 1 0
github.com/IBM/eventstreams-go-sdk/pkg/schemaregistryv1/schemaregistry_v1.go:93.23,95.17 2 0
github.com/IBM/eventstreams-go-sdk/pkg/schemaregistryv1/schemaregistry_v1.go:95.17,97.4 1 0
github.com/IBM/eventstreams-go-sdk/pkg/schemaregistryv1/schemaregistry_v1.go:108.60,110.2 1 0
github.com/IBM/eventstreams-go-sdk/pkg/schemaregistryv1/schemaregistry_v1.go:113.67,114.32 1 0
github.com/IBM/eventstreams-go-sdk/pkg/schemaregistryv1/schemaregistry_v1.go:117.2,119.15 3 0
github.com/IBM/eventstreams-go-sdk/pkg/schemaregistryv1/schemaregistry_v1.go:114.32,116.3 1 0
github.com/IBM/eventstreams-go-sdk/pkg/schemaregistryv1/schemaregistry_v1.go:123.73,125.2 1 0
github.com/IBM/eventstreams-go-sdk/pkg/schemaregistryv1/schemaregistry_v1.go:128.64,130.2 1 0
github.com/IBM/eventstreams-go-sdk/pkg/schemaregistryv1/schemaregistry_v1.go:133.80,135.2 1 0
github.com/IBM/eventstreams-go-sdk/pkg/schemaregistryv1/schemaregistry_v1.go:138.83,140.2 1 0
github.com/IBM/eventstreams-go-sdk/pkg/schemaregistryv1/schemaregistry_v1.go:143.73,145.2 1 0
github.com/IBM/eventstreams-go-sdk/pkg/schemaregistryv1/schemaregistry_v1.go:149.103,151.2 1 0
github.com/IBM/eventstreams-go-sdk/pkg/schemaregistryv1/schemaregistry_v1.go:154.58,156.2 1 0
github.com/IBM/eventstreams-go-sdk/pkg/schemaregistryv1/schemaregistry_v1.go:161.158,163.2 1 0
github.com/IBM/eventstreams-go-sdk/pkg/schemaregistryv1/schemaregistry_v1.go:166.190,168.16 2 0
github.com/IBM/eventstreams-go-sdk/pkg/schemaregistryv1/schemaregistry_v1.go:171.2,172.16 2 0
github.com/IBM/eventstreams-go-sdk/pkg/schemaregistryv1/schemaregistry_v1.go:176.2,184.16 6 0
github.com/IBM/eventstreams-go-sdk/pkg/schemaregistryv1/schemaregistry_v1.go:188.2,188.68 1 0
github.com/IBM/eventstreams-go-sdk/pkg/schemaregistryv1/schemaregistry_v1.go:192.2,193.50 2 0
github.com/IBM/eventstreams-go-sdk/pkg/schemaregistryv1/schemaregistry_v1.go:196.2,199.16 3 0
github.com/IBM/eventstreams-go-sdk/pkg/schemaregistryv1/schemaregistry_v1.go:203.2,205.16 3 0
github.com/IBM/eventstreams-go-sdk/pkg/schemaregistryv1/schemaregistry_v1.go:208.2,208.24 1 0
github.com/IBM/eventstreams-go-sdk/pkg/schemaregistryv1/schemaregistry_v1.go:216.2,216.8 1 0
github.com/IBM/eventstreams-go-sdk/pkg/schemaregistryv1/schemaregistry_v1.go:168.16,170.3 1 0
github.com/IBM/eventstreams-go-sdk/pkg/schemaregistryv1/schemaregistry_v1.go:172.16,174.3 1 0
github.com/IBM/eventstreams-go-sdk/pkg/schemaregistryv1/schemaregistry_v1.go:184.16,186.3 1 0
github.com/IBM/eventstreams-go-sdk/pkg/schemaregistryv1/schemaregistry_v1.go:188.68,190.3 1 0
github.com/IBM/eventstreams-go-sdk/pkg/schemaregistryv1/schemaregistry_v1.go:193.50,195.3 1 0
github.com/IBM/eventstreams-go-sdk/pkg/schemaregistryv1/schemaregistry_v1.go:199.16,201.3 1 0
github.com/IBM/eventstreams-go-sdk/pkg/schemaregistryv1/schemaregistry_v1.go:205.16,207.3 1 0
github.com/IBM/eventstreams-go-sdk/pkg/schemaregistryv1/schemaregistry_v1.go:208.24,210.17 2 0
github.com/IBM/eventstreams-go-sdk/pkg/schemaregistryv1/schemaregistry_v1.go:213.3,213.27 1 0
github.com/IBM/eventstreams-go-sdk/pkg/schemaregistryv1/schemaregistry_v1.go:210.17,212.4 1 0
github.com/IBM/eventstreams-go-sdk/pkg/schemaregistryv1/schemaregistry_v1.go:222.167,224.2 1 0
github.com/IBM/eventstreams-go-sdk/pkg/schemaregistryv1/schemaregistry_v1.go:227.199,229.16 2 0
github.com/IBM/eventstreams-go-sdk/pkg/schemaregistryv1/schemaregistry_v1.go:232.2,233.16 2 0
github.com/IBM/eventstreams-go-sdk/pkg/schemaregistryv1/schemaregistry_v1.go:237.2,245.16 6 0
github.com/IBM/eventstreams-go-sdk/pkg/schemaregistryv1/schemaregistry_v1.go:249.2,249.71 1 0
github.com/IBM/eventstreams-go-sdk/pkg/schemaregistryv1/schemaregistry_v1.go:253.2,254.50 2 0
github.com/IBM/eventstreams-go-sdk/pkg/schemaregistryv1/schemaregistry_v1.go:257.2,261.41 4 0
github.com/IBM/eventstreams-go-sdk/pkg/schemaregistryv1/schemaregistry_v1.go:264.2,264.43 1 0
github.com/IBM/eventstreams-go-sdk/pkg/schemaregistryv1/schemaregistry_v1.go:267.2,268.16 2 0
github.com/IBM/eventstreams-go-sdk/pkg/schemaregistryv1/schemaregistry_v1.go:272.2,273.16 2 0
github.com/IBM/eventstreams-go-sdk/pkg/schemaregistryv1/schemaregistry_v1.go:277.2,279.16 3 0
github.com/IBM/eventstreams-go-sdk/pkg/schemaregistryv1/schemaregistry_v1.go:282.2,282.24 1 0
github.com/IBM/eventstreams-go-sdk/pkg/schemaregistryv1/schemaregistry_v1.go:290.2,290.8 1 0
github.com/IBM/eventstreams-go-sdk/pkg/schemaregistryv1/schemaregistry_v1.go:229.16,231.3 1 0
github.com/IBM/eventstreams-go-sdk/pkg/schemaregistryv1/schemaregistry_v1.go:233.16,235.3 1 0
github.com/IBM/eventstreams-go-sdk/pkg/schemaregistryv1/schemaregistry_v1.go:245.16,247.3 1 0
github.com/IBM/eventstreams-go-sdk/pkg/schemaregistryv1/schemaregistry_v1.go:249.71,251.3 1 0
github.com/IBM/eventstreams-go-sdk/pkg/schemaregistryv1/schemaregistry_v1.go:254.50,256.3 1 0
github.com/IBM/eventstreams-go-sdk/pkg/schemaregistryv1/schemaregistry_v1.go:261.41,263.3 1 0
github.com/IBM/eventstreams-go-sdk/pkg/schemaregistryv1/schemaregistry_v1.go:264.43,266.3 1 0
github.com/IBM/eventstreams-go-sdk/pkg/schemaregistryv1/schemaregistry_v1.go:268.16,270.3 1 0
github.com/IBM/eventstreams-go-sdk/pkg/schemaregistryv1/schemaregistry_v1.go:273.16,275.3 1 0
github.com/IBM/eventstreams-go-sdk/pkg/schemaregistryv1/schemaregistry_v1.go:279.16,281.3 1 0
github.com/IBM/eventstreams-go-sdk/pkg/schemaregistryv1/schemaregistry_v1.go:282.24,284.17 2 0
github.com/IBM/eventstreams-go-sdk/pkg/schemaregistryv1/schemaregistry_v1.go:287.3,287.27 1 0
github.com/IBM/eventstreams-go-sdk/pkg/schemaregistryv1/schemaregistry_v1.go:284.17,286.4 1 0
github.com/IBM/eventstreams-go-sdk/pkg/schemaregistryv1/schemaregistry_v1.go:296.167,298.2 1 0
github.com/IBM/eventstreams-go-sdk/pkg/schemaregistryv1/schemaregistry_v1.go:301.199,303.16 2 0
github.com/IBM/eventstreams-go-sdk/pkg/schemaregistryv1/schemaregistry_v1.go:306.2,307.16 2 0
github.com/IBM/eventstreams-go-sdk/pkg/schemaregistryv1/schemaregistry_v1.go:311.2,319.16 6 0
github.com/IBM/eventstreams-go-sdk/pkg/schemaregistryv1/schemaregistry_v1.go:323.2,323.71 1 0
github.com/IBM/eventstreams-go-sdk/pkg/schemaregistryv1/schemaregistry_v1.go:327.2,328.50 2 0
github.com/IBM/eventstreams-go-sdk/pkg/schemaregistryv1/schemaregistry_v1.go:331.2,335.41 4 0
github.com/IBM/eventstreams-go-sdk/pkg/schemaregistryv1/schemaregistry_v1.go:338.2,338.43 1 0
github.com/IBM/eventstreams-go-sdk/pkg/schemaregistryv1/schemaregistry_v1.go:341.2,342.16 2 0
github.com/IBM/eventstreams-go-sdk/pkg/schemaregistryv1/schemaregistry_v1.go:346.2,347.16 2 0
github.com/IBM/eventstreams-go-sdk/pkg/schemaregistryv1/schemaregistry_v1.go:351.2,353.16 3 0
github.com/IBM/eventstreams-go-sdk/pkg/schemaregistryv1/schemaregistry_v1.go:356.2,356.24 1 0
github.com/IBM/eventstreams-go-sdk/pkg/schemaregistryv1/schemaregistry_v1.go:364.2,364.8 1 0
github.com/IBM/eventstreams-go-sdk/pkg/schemaregistryv1/schemaregistry_v1.go:303.16,305.3 1 0
github.com/IBM/eventstreams-go-sdk/pkg/schemaregistryv1/schemaregistry_v1.go:307.16,309.3 1 0
github.com/IBM/eventstreams-go-sdk/pkg/schemaregistryv1/schemaregistry_v1.go:319.16,321.3 1 0
github.com/IBM/eventstreams-go-sdk/pkg/schemaregistryv1/schemaregistry_v1.go:323.71,325.3 1 0
github.com/IBM/eventstreams-go-sdk/pkg/schemaregistryv1/schemaregistry_v1.go:328.50,330.3 1 0
github.com/IBM/eventstreams-go-sdk/pkg/schemaregistryv1/schemaregistry_v1.go:335.41,337.3 1 0
github.com/IBM/eventstreams-go-sdk/pkg/schemaregistryv1/schemaregistry_v1.go:338.43,340.3 1 0
github.com/IBM/eventstreams-go-sdk/pkg/schemaregistryv1/schemaregistry_v1.go:342.16,344.3 1 0
github.com/IBM/eventstreams-go-sdk/pkg/schemaregistryv1/schemaregistry_v1.go:347.16,349.3 1 0
github.com/IBM/eventstreams-go-sdk/pkg/schemaregistryv1/schemaregistry_v1.go:353.16,355.3 1 0
github.com/IBM/eventstreams-go-sdk/pkg/schemaregistryv1/schemaregistry_v1.go:356.24,358.17 2 0
github.com/IBM/eventstreams-go-sdk/pkg/schemaregistryv1/schemaregistry_v1.go:361.3,361.27 1 0
github.com/IBM/eventstreams-go-sdk/pkg/schemaregistryv1/schemaregistry_v1.go:358.17,360.4 1 0
github.com/IBM/eventstreams-go-sdk/pkg/schemaregistryv1/schemaregistry_v1.go:370.158,372.2 1 0
github.com/IBM/eventstreams-go-sdk/pkg/schemaregistryv1/schemaregistry_v1.go:375.190,377.16 2 0
github.com/IBM/eventstreams-go-sdk/pkg/schemaregistryv1/schemaregistry_v1.go:380.2,381.16 2 0
github.com/IBM/eventstreams-go-sdk/pkg/schemaregistryv1/schemaregistry_v1.go:385.2,394.16 6 0
github.com/IBM/eventstreams-go-sdk/pkg/schemaregistryv1/schemaregistry_v1.go:398.2,398.68 1 0
github.com/IBM/eventstreams-go-sdk/pkg/schemaregistryv1/schemaregistry_v1.go:402.2,403.50 2 0
github.com/IBM/eventstreams-go-sdk/pkg/schemaregistryv1/schemaregistry_v1.go:406.2,409.16 3 0
github.com/IBM/eventstreams-go-sdk/pkg/schemaregistryv1/schemaregistry_v1.go:413.2,415.16 3 0
github.com/IBM/eventstreams-go-sdk/pkg/schemaregistryv1/schemaregistry_v1.go:418.2,418.24 1 0
github.com/IBM/eventstreams-go-sdk/pkg/schemaregistryv1/schemaregistry_v1.go:426.2,426.8 1 0
github.com/IBM/eventstreams-go-sdk/pkg/schemaregistryv1/schemaregistry_v1.go:377.16,379.3 1 0
[...]
github.com/IBM/eventstreams-go-sdk/pkg/adminrestv1/adminrest_v1.go:1460.24,1462.17 2 2
github.com/IBM/eventstreams-go-sdk/pkg/adminrestv1/adminrest_v1.go:1465.3,1465.27 1 2
github.com/IBM/eventstreams-go-sdk/pkg/adminrestv1/adminrest_v1.go:1462.17,1464.4 1 0
github.com/IBM/eventstreams-go-sdk/pkg/adminrestv1/adminrest_v1.go:1479.53,1481.2 1 1
github.com/IBM/eventstreams-go-sdk/pkg/adminrestv1/adminrest_v1.go:1484.80,1487.2 2 1
github.com/IBM/eventstreams-go-sdk/pkg/adminrestv1/adminrest_v1.go:1502.101,1505.16 3 4
github.com/IBM/eventstreams-go-sdk/pkg/adminrestv1/adminrest_v1.go:1508.2,1509.16 2 4
github.com/IBM/eventstreams-go-sdk/pkg/adminrestv1/adminrest_v1.go:1512.2,1513.16 2 4
github.com/IBM/eventstreams-go-sdk/pkg/adminrestv1/adminrest_v1.go:1516.2,1517.8 2 4
github.com/IBM/eventstreams-go-sdk/pkg/adminrestv1/adminrest_v1.go:1505.16,1507.3 1 0
github.com/IBM/eventstreams-go-sdk/pkg/adminrestv1/adminrest_v1.go:1509.16,1511.3 1 0
github.com/IBM/eventstreams-go-sdk/pkg/adminrestv1/adminrest_v1.go:1513.16,1515.3 1 0
github.com/IBM/eventstreams-go-sdk/pkg/adminrestv1/adminrest_v1.go:1536.82,1540.2 1 1
github.com/IBM/eventstreams-go-sdk/pkg/adminrestv1/adminrest_v1.go:1543.90,1546.2 2 1
github.com/IBM/eventstreams-go-sdk/pkg/adminrestv1/adminrest_v1.go:1549.101,1552.2 2 1
github.com/IBM/eventstreams-go-sdk/pkg/adminrestv1/adminrest_v1.go:1555.101,1558.2 2 1
github.com/IBM/eventstreams-go-sdk/pkg/adminrestv1/adminrest_v1.go:1561.92,1564.2 2 1
github.com/IBM/eventstreams-go-sdk/pkg/adminrestv1/adminrest_v1.go:1585.65,1587.2 1 1
github.com/IBM/eventstreams-go-sdk/pkg/adminrestv1/adminrest_v1.go:1590.78,1593.2 2 1
github.com/IBM/eventstreams-go-sdk/pkg/adminrestv1/adminrest_v1.go:1596.89,1599.2 2 1
github.com/IBM/eventstreams-go-sdk/pkg/adminrestv1/adminrest_v1.go:1602.97,1605.2 2 1
github.com/IBM/eventstreams-go-sdk/pkg/adminrestv1/adminrest_v1.go:1608.109,1611.2 2 1
github.com/IBM/eventstreams-go-sdk/pkg/adminrestv1/adminrest_v1.go:1614.92,1617.2 2 1
github.com/IBM/eventstreams-go-sdk/pkg/adminrestv1/adminrest_v1.go:1629.95,1633.2 1 1
github.com/IBM/eventstreams-go-sdk/pkg/adminrestv1/adminrest_v1.go:1636.100,1639.2 2 1
github.com/IBM/eventstreams-go-sdk/pkg/adminrestv1/adminrest_v1.go:1642.108,1645.2 2 1
github.com/IBM/eventstreams-go-sdk/pkg/adminrestv1/adminrest_v1.go:1657.82,1661.2 1 1
github.com/IBM/eventstreams-go-sdk/pkg/adminrestv1/adminrest_v1.go:1664.90,1667.2 2 1
github.com/IBM/eventstreams-go-sdk/pkg/adminrestv1/adminrest_v1.go:1670.92,1673.2 2 1
github.com/IBM/eventstreams-go-sdk/pkg/adminrestv1/adminrest_v1.go:1685.81,1689.2 1 1
github.com/IBM/eventstreams-go-sdk/pkg/adminrestv1/adminrest_v1.go:1692.88,1695.2 2 1
github.com/IBM/eventstreams-go-sdk/pkg/adminrestv1/adminrest_v1.go:1698.92,1701.2 2 1
github.com/IBM/eventstreams-go-sdk/pkg/adminrestv1/adminrest_v1.go:1715.95,1719.2 1 1
github.com/IBM/eventstreams-go-sdk/pkg/adminrestv1/adminrest_v1.go:1722.102,1725.2 2 1
github.com/IBM/eventstreams-go-sdk/pkg/adminrestv1/adminrest_v1.go:1728.148,1731.2 2 1
github.com/IBM/eventstreams-go-sdk/pkg/adminrestv1/adminrest_v1.go:1734.106,1737.2 2 1
github.com/IBM/eventstreams-go-sdk/pkg/adminrestv1/adminrest_v1.go:1759.87,1763.2 1 1
github.com/IBM/eventstreams-go-sdk/pkg/adminrestv1/adminrest_v1.go:1766.93,1769.2 2 1
github.com/IBM/eventstreams-go-sdk/pkg/adminrestv1/adminrest_v1.go:1772.102,1775.2 2 1
github.com/IBM/eventstreams-go-sdk/pkg/adminrestv1/adminrest_v1.go:1778.90,1781.2 2 1
github.com/IBM/eventstreams-go-sdk/pkg/adminrestv1/adminrest_v1.go:1784.100,1787.2 2 1
github.com/IBM/eventstreams-go-sdk/pkg/adminrestv1/adminrest_v1.go:1799.75,1803.2 1 1
github.com/IBM/eventstreams-go-sdk/pkg/adminrestv1/adminrest_v1.go:1806.81,1809.2 2 1
github.com/IBM/eventstreams-go-sdk/pkg/adminrestv1/adminrest_v1.go:1812.88,1815.2 2 1
github.com/IBM/eventstreams-go-sdk/pkg/adminrestv1/adminrest_v1.go:1825.63,1827.2 1 1
github.com/IBM/eventstreams-go-sdk/pkg/adminrestv1/adminrest_v1.go:1830.90,1833.2 2 1
github.com/IBM/eventstreams-go-sdk/pkg/adminrestv1/adminrest_v1.go:1845.89,1849.2 1 1
github.com/IBM/eventstreams-go-sdk/pkg/adminrestv1/adminrest_v1.go:1852.94,1855.2 2 1
github.com/IBM/eventstreams-go-sdk/pkg/adminrestv1/adminrest_v1.go:1858.102,1861.2 2 1
github.com/IBM/eventstreams-go-sdk/pkg/adminrestv1/adminrest_v1.go:1871.91,1873.2 1 1
github.com/IBM/eventstreams-go-sdk/pkg/adminrestv1/adminrest_v1.go:1876.118,1879.2 2 1
github.com/IBM/eventstreams-go-sdk/pkg/adminrestv1/adminrest_v1.go:1889.95,1891.2 1 1
github.com/IBM/eventstreams-go-sdk/pkg/adminrestv1/adminrest_v1.go:1894.122,1897.2 2 1
github.com/IBM/eventstreams-go-sdk/pkg/adminrestv1/adminrest_v1.go:1909.76,1913.2 1 1
github.com/IBM/eventstreams-go-sdk/pkg/adminrestv1/adminrest_v1.go:1916.84,1919.2 2 1
github.com/IBM/eventstreams-go-sdk/pkg/adminrestv1/adminrest_v1.go:1922.86,1925.2 2 1
github.com/IBM/eventstreams-go-sdk/pkg/adminrestv1/adminrest_v1.go:1937.75,1941.2 1 1
github.com/IBM/eventstreams-go-sdk/pkg/adminrestv1/adminrest_v1.go:1944.82,1947.2 2 1
github.com/IBM/eventstreams-go-sdk/pkg/adminrestv1/adminrest_v1.go:1950.86,1953.2 2 1
github.com/IBM/eventstreams-go-sdk/pkg/adminrestv1/adminrest_v1.go:1965.99,1968.16 3 2
github.com/IBM/eventstreams-go-sdk/pkg/adminrestv1/adminrest_v1.go:1971.2,1972.16 2 2
github.com/IBM/eventstreams-go-sdk/pkg/adminrestv1/adminrest_v1.go:1975.2,1976.16 2 2
github.com/IBM/eventstreams-go-sdk/pkg/adminrestv1/adminrest_v1.go:1979.2,1980.8 2 2
github.com/IBM/eventstreams-go-sdk/pkg/adminrestv1/adminrest_v1.go:1968.16,1970.3 1 0
github.com/IBM/eventstreams-go-sdk/pkg/adminrestv1/adminrest_v1.go:1972.16,1974.3 1 0
github.com/IBM/eventstreams-go-sdk/pkg/adminrestv1/adminrest_v1.go:1976.16,1978.3 1 0
github.com/IBM/eventstreams-go-sdk/pkg/adminrestv1/adminrest_v1.go:1991.65,1993.2 1 1
github.com/IBM/eventstreams-go-sdk/pkg/adminrestv1/adminrest_v1.go:1996.92,1999.2 2 1
github.com/IBM/eventstreams-go-sdk/pkg/adminrestv1/adminrest_v1.go:2020.79,2022.2 1 1
github.com/IBM/eventstreams-go-sdk/pkg/adminrestv1/adminrest_v1.go:2025.106,2028.2 2 1
github.com/IBM/eventstreams-go-sdk/pkg/adminrestv1/adminrest_v1.go:2031.97,2034.2 2 1
github.com/IBM/eventstreams-go-sdk/pkg/adminrestv1/adminrest_v1.go:2037.91,2040.2 2 1
github.com/IBM/eventstreams-go-sdk/pkg/adminrestv1/adminrest_v1.go:2043.106,2046.2 2 1
github.com/IBM/eventstreams-go-sdk/pkg/adminrestv1/adminrest_v1.go:2056.63,2058.2 1 1
github.com/IBM/eventstreams-go-sdk/pkg/adminrestv1/adminrest_v1.go:2061.90,2064.2 2 1
github.com/IBM/eventstreams-go-sdk/pkg/adminrestv1/adminrest_v1.go:2085.63,2087.2 1 1
github.com/IBM/eventstreams-go-sdk/pkg/adminrestv1/adminrest_v1.go:2090.90,2093.2 2 1
github.com/IBM/eventstreams-go-sdk/pkg/adminrestv1/adminrest_v1.go:2096.81,2099.2 2 1
github.com/IBM/eventstreams-go-sdk/pkg/adminrestv1/adminrest_v1.go:2102.75,2105.2 2 1
github.com/IBM/eventstreams-go-sdk/pkg/adminrestv1/adminrest_v1.go:2108.90,2111.2 2 1
github.com/IBM/eventstreams-go-sdk/pkg/adminrestv1/adminrest_v1.go:2123.99,2126.16 3 2
github.com/IBM/eventstreams-go-sdk/pkg/adminrestv1/adminrest_v1.go:2129.2,2130.16 2 2
github.com/IBM/eventstreams-go-sdk/pkg/adminrestv1/adminrest_v1.go:2133.2,2134.8 2 2
github.com/IBM/eventstreams-go-sdk/pkg/adminrestv1/adminrest_v1.go:2126.16,2128.3 1 0
github.com/IBM/eventstreams-go-sdk/pkg/adminrestv1/adminrest_v1.go:2130.16,2132.3 1 0
github.com/IBM/eventstreams-go-sdk/pkg/adminrestv1/adminrest_v1.go:2147.116,2150.16 3 0
github.com/IBM/eventstreams-go-sdk/pkg/adminrestv1/adminrest_v1.go:2153.2,2154.16 2 0
github.com/IBM/eventstreams-go-sdk/pkg/adminrestv1/adminrest_v1.go:2157.2,2158.8 2 0
github.com/IBM/eventstreams-go-sdk/pkg/adminrestv1/adminrest_v1.go:2150.16,2152.3 1 0
github.com/IBM/eventstreams-go-sdk/pkg/adminrestv1/adminrest_v1.go:2154.16,2156.3 1 0
github.com/IBM/eventstreams-go-sdk/pkg/adminrestv1/adminrest_v1.go:2170.103,2172.2 1 1
github.com/IBM/eventstreams-go-sdk/pkg/adminrestv1/adminrest_v1.go:2175.126,2178.2 2 1
github.com/IBM/eventstreams-go-sdk/pkg/adminrestv1/adminrest_v1.go:2181.130,2184.2 2 1
github.com/IBM/eventstreams-go-sdk/pkg/adminrestv1/adminrest_v1.go:2196.107,2199.16 3 0
github.com/IBM/eventstreams-go-sdk/pkg/adminrestv1/adminrest_v1.go:2202.2,2203.16 2 0
github.com/IBM/eventstreams-go-sdk/pkg/adminrestv1/adminrest_v1.go:2206.2,2207.8 2 0
github.com/IBM/eventstreams-go-sdk/pkg/adminrestv1/adminrest_v1.go:2199.16,2201.3 1 0
github.com/IBM/eventstreams-go-sdk/pkg/adminrestv1/adminrest_v1.go:2203.16,2205.3 1 0
github.com/IBM/eventstreams-go-sdk/pkg/adminrestv1/adminrest_v1.go:2219.111,2222.16 3 4
github.com/IBM/eventstreams-go-sdk/pkg/adminrestv1/adminrest_v1.go:2225.2,2226.16 2 4
github.com/IBM/eventstreams-go-sdk/pkg/adminrestv1/adminrest_v1.go:2229.2,2230.8 2 4
github.com/IBM/eventstreams-go-sdk/pkg/adminrestv1/adminrest_v1.go:2222.16,2224.3 1 0
github.com/IBM/eventstreams-go-sdk/pkg/adminrestv1/adminrest_v1.go:2226.16,2228.3 1 0
github.com/IBM/eventstreams-go-sdk/pkg/adminrestv1/adminrest_v1.go:2239.118,2242.16 3 4
github.com/IBM/eventstreams-go-sdk/pkg/adminrestv1/adminrest_v1.go:2245.2,2246.8 2 4
github.com/IBM/eventstreams-go-sdk/pkg/adminrestv1/adminrest_v1.go:2242.16,2244.3 1 0
github.com/IBM/eventstreams-go-sdk/pkg/adminrestv1/adminrest_v1.go:2262.107,2265.16 3 0
github.com/IBM/eventstreams-go-sdk/pkg/adminrestv1/adminrest_v1.go:2268.2,2269.16 2 0
github.com/IBM/eventstreams-go-sdk/pkg/adminrestv1/adminrest_v1.go:2272.2,2273.16 2 0
github.com/IBM/eventstreams-go-sdk/pkg/adminrestv1/adminrest_v1.go:2276.2,2277.8 2 0
github.com/IBM/eventstreams-go-sdk/pkg/adminrestv1/adminrest_v1.go:2265.16,2267.3 1 0
github.com/IBM/eventstreams-go-sdk/pkg/adminrestv1/adminrest_v1.go:2269.16,2271.3 1 0
github.com/IBM/eventstreams-go-sdk/pkg/adminrestv1/adminrest_v1.go:2273.16,2275.3 1 0
github.com/IBM/eventstreams-go-sdk/pkg/adminrestv1/adminrest_v1.go:2303.95,2307.2 1 1
github.com/IBM/eventstreams-go-sdk/pkg/adminrestv1/adminrest_v1.go:2310.100,2313.2 2 1
github.com/IBM/eventstreams-go-sdk/pkg/adminrestv1/adminrest_v1.go:2316.96,2319.2 2 1
github.com/IBM/eventstreams-go-sdk/pkg/adminrestv1/adminrest_v1.go:2322.94,2325.2 2 1
github.com/IBM/eventstreams-go-sdk/pkg/adminrestv1/adminrest_v1.go:2328.96,2331.2 2 1
github.com/IBM/eventstreams-go-sdk/pkg/adminrestv1/adminrest_v1.go:2334.98,2337.2 2 1
github.com/IBM/eventstreams-go-sdk/pkg/adminrestv1/adminrest_v1.go:2340.108,2343.2 2 1
github.com/IBM/eventstreams-go-sdk/pkg/adminrestv1/adminrest_v1.go:2361.82,2365.2 1 1
github.com/IBM/eventstreams-go-sdk/pkg/adminrestv1/adminrest_v1.go:2368.90,2371.2 2 1
github.com/IBM/eventstreams-go-sdk/pkg/adminrestv1/adminrest_v1.go:2374.101,2377.2 2 1
github.com/IBM/eventstreams-go-sdk/pkg/adminrestv1/adminrest_v1.go:2380.101,2383.2 2 1
github.com/IBM/eventstreams-go-sdk/pkg/adminrestv1/adminrest_v1.go:2386.92,2389.2 2 1
github.com/IBM/eventstreams-go-sdk/pkg/adminrestv1/adminrest_v1.go:2408.81,2412.2 1 1
github.com/IBM/eventstreams-go-sdk/pkg/adminrestv1/adminrest_v1.go:2415.88,2418.2 2 1
github.com/IBM/eventstreams-go-sdk/pkg/adminrestv1/adminrest_v1.go:2421.113,2424.2 2 1
github.com/IBM/eventstreams-go-sdk/pkg/adminrestv1/adminrest_v1.go:2427.109,2430.2 2 1
github.com/IBM/eventstreams-go-sdk/pkg/adminrestv1/adminrest_v1.go:2433.92,2436.2 2 1
github.com/IBM/eventstreams-go-sdk/pkg/adminrestv1/adminrest_v1.go:2459.90,2462.16 3 4
github.com/IBM/eventstreams-go-sdk/pkg/adminrestv1/adminrest_v1.go:2465.2,2466.16 2 4
github.com/IBM/eventstreams-go-sdk/pkg/adminrestv1/adminrest_v1.go:2469.2,2470.16 2 4
github.com/IBM/eventstreams-go-sdk/pkg/adminrestv1/adminrest_v1.go:2473.2,2474.16 2 4
github.com/IBM/eventstreams-go-sdk/pkg/adminrestv1/adminrest_v1.go:2477.2,2478.16 2 4
github.com/IBM/eventstreams-go-sdk/pkg/adminrestv1/adminrest_v1.go:2481.2,2482.8 2 4
github.com/IBM/eventstreams-go-sdk/pkg/adminrestv1/adminrest_v1.go:2462.16,2464.3 1 0
github.com/IBM/eventstreams-go-sdk/pkg/adminrestv1/adminrest_v1.go:2466.16,2468.3 1 0
github.com/IBM/eventstreams-go-sdk/pkg/adminrestv1/adminrest_v1.go:2470.16,2472.3 1 0
github.com/IBM/eventstreams-go-sdk/pkg/adminrestv1/adminrest_v1.go:2474.16,2476.3 1 0
github.com/IBM/eventstreams-go-sdk/pkg/adminrestv1/adminrest_v1.go:2478.16,2480.3 1 0
github.com/IBM/eventstreams-go-sdk/pkg/adminrestv1/adminrest_v1.go:2504.91,2507.16 3 6
github.com/IBM/eventstreams-go-sdk/pkg/adminrestv1/adminrest_v1.go:2510.2,2511.16 2 6
github.com/IBM/eventstreams-go-sdk/pkg/adminrestv1/adminrest_v1.go:2514.2,2515.16 2 6
github.com/IBM/eventstreams-go-sdk/pkg/adminrestv1/adminrest_v1.go:2518.2,2519.16 2 6
github.com/IBM/eventstreams-go-sdk/pkg/adminrestv1/adminrest_v1.go:2522.2,2523.8 2 6
github.com/IBM/eventstreams-go-sdk/pkg/adminrestv1/adminrest_v1.go:2507.16,2509.3 1 0
github.com/IBM/eventstreams-go-sdk/pkg/adminrestv1/adminrest_v1.go:2511.16,2513.3 1 0
github.com/IBM/eventstreams-go-sdk/pkg/adminrestv1/adminrest_v1.go:2515.16,2517.3 1 0
github.com/IBM/eventstreams-go-sdk/pkg/adminrestv1/adminrest_v1.go:2519.16,2521.3 1 0
github.com/IBM/eventstreams-go-sdk/pkg/adminrestv1/adminrest_v1.go:2538.85,2541.16 3 2
github.com/IBM/eventstreams-go-sdk/pkg/adminrestv1/adminrest_v1.go:2544.2,2545.16 2 2
github.com/IBM/eventstreams-go-sdk/pkg/adminrestv1/adminrest_v1.go:2548.2,2549.16 2 2
github.com/IBM/eventstreams-go-sdk/pkg/adminrestv1/adminrest_v1.go:2552.2,2553.8 2 2
github.com/IBM/eventstreams-go-sdk/pkg/adminrestv1/adminrest_v1.go:2541.16,2543.3 1 0
github.com/IBM/eventstreams-go-sdk/pkg/adminrestv1/adminrest_v1.go:2545.16,2547.3 1 0
github.com/IBM/eventstreams-go-sdk/pkg/adminrestv1/adminrest_v1.go:2549.16,2551.3 1 0
github.com/IBM/eventstreams-go-sdk/pkg/adminrestv1/adminrest_v1.go:2569.95,2572.16 3 2
github.com/IBM/eventstreams-go-sdk/pkg/adminrestv1/adminrest_v1.go:2575.2,2576.16 2 2
github.com/IBM/eventstreams-go-sdk/pkg/adminrestv1/adminrest_v1.go:2579.2,2580.16 2 2
github.com/IBM/eventstreams-go-sdk/pkg/adminrestv1/adminrest_v1.go:2583.2,2584.8 2 2
github.com/IBM/eventstreams-go-sdk/pkg/adminrestv1/adminrest_v1.go:2572.16,2574.3 1 0
github.com/IBM/eventstreams-go-sdk/pkg/adminrestv1/adminrest_v1.go:2576.16,2578.3 1 0
github.com/IBM/eventstreams-go-sdk/pkg/adminrestv1/adminrest_v1.go:2580.16,2582.3 1 0
github.com/IBM/eventstreams-go-sdk/pkg/adminrestv1/adminrest_v1.go:2603.89,2606.16 3 2
github.com/IBM/eventstreams-go-sdk/pkg/adminrestv1/adminrest_v1.go:2609.2,2610.16 2 2
github.com/IBM/eventstreams-go-sdk/pkg/adminrestv1/adminrest_v1.go:2613.2,2614.16 2 2
github.com/IBM/eventstreams-go-sdk/pkg/adminrestv1/adminrest_v1.go:2617.2,2618.16 2 2
github.com/IBM/eventstreams-go-sdk/pkg/adminrestv1/adminrest_v1.go:2621.2,2622.8 2 2
github.com/IBM/eventstreams-go-sdk/pkg/adminrestv1/adminrest_v1.go:2606.16,2608.3 1 0
github.com/IBM/eventstreams-go-sdk/pkg/adminrestv1/adminrest_v1.go:2610.16,2612.3 1 0
github.com/IBM/eventstreams-go-sdk/pkg/adminrestv1/adminrest_v1.go:2614.16,2616.3 1 0
github.com/IBM/eventstreams-go-sdk/pkg/adminrestv1/adminrest_v1.go:2618.16,2620.3 1 0
github.com/IBM/eventstreams-go-sdk/pkg/adminrestv1/adminrest_v1.go:2641.84,2644.16 3 2
github.com/IBM/eventstreams-go-sdk/pkg/adminrestv1/adminrest_v1.go:2647.2,2648.16 2 2
github.com/IBM/eventstreams-go-sdk/pkg/adminrestv1/adminrest_v1.go:2651.2,2652.16 2 2
github.com/IBM/eventstreams-go-sdk/pkg/adminrestv1/adminrest_v1.go:2655.2,2656.16 2 2
github.com/IBM/eventstreams-go-sdk/pkg/adminrestv1/adminrest_v1.go:2659.2,2660.8 2 2
github.com/IBM/eventstreams-go-sdk/pkg/adminrestv1/adminrest_v1.go:2644.16,2646.3 1 0
github.com/IBM/eventstreams-go-sdk/pkg/adminrestv1/adminrest_v1.go:2648.16,2650.3 1 0
github.com/IBM/eventstreams-go-sdk/pkg/adminrestv1/adminrest_v1.go:2652.16,2654.3 1 0
github.com/IBM/eventstreams-go-sdk/pkg/adminrestv1/adminrest_v1.go:2656.16,2658.3 1 0
github.com/IBM/eventstreams-go-sdk/pkg/adminrestv1/adminrest_v1.go:2669.99,2672.16 3 2
github.com/IBM/eventstreams-go-sdk/pkg/adminrestv1/adminrest_v1.go:2675.2,2676.8 2 2
github.com/IBM/eventstreams-go-sdk/pkg/adminrestv1/adminrest_v1.go:2672.16,2674.3 1 0
github.com/IBM/eventstreams-go-sdk/pkg/adminrestv1/adminrest_v1.go:2685.101,2688.16 3 4
github.com/IBM/eventstreams-go-sdk/pkg/adminrestv1/adminrest_v1.go:2691.2,2692.8 2 4
github.com/IBM/eventstreams-go-sdk/pkg/adminrestv1/adminrest_v1.go:2688.16,2690.3 1 0
github.com/IBM/eventstreams-go-sdk/pkg/adminrestv1/adminrest_v1.go:2705.89,2708.16 3 2
github.com/IBM/eventstreams-go-sdk/pkg/adminrestv1/adminrest_v1.go:2711.2,2712.16 2 2
github.com/IBM/eventstreams-go-sdk/pkg/adminrestv1/adminrest_v1.go:2715.2,2716.8 2 2
github.com/IBM/eventstreams-go-sdk/pkg/adminrestv1/adminrest_v1.go:2708.16,2710.3 1 0
github.com/IBM/eventstreams-go-sdk/pkg/adminrestv1/adminrest_v1.go:2712.16,2714.3 1 0
github.com/IBM/eventstreams-go-sdk/pkg/adminrestv1/adminrest_v1.go:2725.87,2728.16 3 2
github.com/IBM/eventstreams-go-sdk/pkg/adminrestv1/adminrest_v1.go:2731.2,2732.8 2 2
github.com/IBM/eventstreams-go-sdk/pkg/adminrestv1/adminrest_v1.go:2728.16,2730.3 1 0
github.com/IBM/eventstreams-go-sdk/pkg/adminrestv1/adminrest_v1.go:2751.90,2754.16 3 4
github.com/IBM/eventstreams-go-sdk/pkg/adminrestv1/adminrest_v1.go:2757.2,2758.16 2 4
github.com/IBM/eventstreams-go-sdk/pkg/adminrestv1/adminrest_v1.go:2761.2,2762.16 2 4
github.com/IBM/eventstreams-go-sdk/pkg/adminrestv1/adminrest_v1.go:2765.2,2766.16 2 4
github.com/IBM/eventstreams-go-sdk/pkg/adminrestv1/adminrest_v1.go:2769.2,2770.8 2 4
github.com/IBM/eventstreams-go-sdk/pkg/adminrestv1/adminrest_v1.go:2754.16,2756.3 1 0
github.com/IBM/eventstreams-go-sdk/pkg/adminrestv1/adminrest_v1.go:2758.16,2760.3 1 0
github.com/IBM/eventstreams-go-sdk/pkg/adminrestv1/adminrest_v1.go:2762.16,2764.3 1 0
github.com/IBM/eventstreams-go-sdk/pkg/adminrestv1/adminrest_v1.go:2766.16,2768.3 1 0
github.com/IBM/eventstreams-go-sdk/pkg/adminrestv1/adminrest_v1.go:2797.89,2800.16 3 4
github.com/IBM/eventstreams-go-sdk/pkg/adminrestv1/adminrest_v1.go:2803.2,2804.16 2 4
github.com/IBM/eventstreams-go-sdk/pkg/adminrestv1/adminrest_v1.go:2807.2,2808.16 2 4
github.com/IBM/eventstreams-go-sdk/pkg/adminrestv1/adminrest_v1.go:2811.2,2812.16 2 4
github.com/IBM/eventstreams-go-sdk/pkg/adminrestv1/adminrest_v1.go:2815.2,2816.16 2 4
github.com/IBM/eventstreams-go-sdk/pkg/adminrestv1/adminrest_v1.go:2819.2,2820.16 2 4
github.com/IBM/eventstreams-go-sdk/pkg/adminrestv1/adminrest_v1.go:2823.2,2824.16 2 4
github.com/IBM/eventstreams-go-sdk/pkg/adminrestv1/adminrest_v1.go:2827.2,2828.8 2 4
github.com/IBM/eventstreams-go-sdk/pkg/adminrestv1/adminrest_v1.go:2800.16,2802.3 1 0
github.com/IBM/eventstreams-go-sdk/pkg/adminrestv1/adminrest_v1.go:2804.16,2806.3 1 0
github.com/IBM/eventstreams-go-sdk/pkg/adminrestv1/adminrest_v1.go:2808.16,2810.3 1 0
github.com/IBM/eventstreams-go-sdk/pkg/adminrestv1/adminrest_v1.go:2812.16,2814.3 1 0
github.com/IBM/eventstreams-go-sdk/pkg/adminrestv1/adminrest_v1.go:2816.16,2818.3 1 0
github.com/IBM/eventstreams-go-sdk/pkg/adminrestv1/adminrest_v1.go:2820.16,2822.3 1 0
github.com/IBM/eventstreams-go-sdk/pkg/adminrestv1/adminrest_v1.go:2824.16,2826.3 1 0
github.com/IBM/eventstreams-go-sdk/pkg/adminrestv1/adminrest_v1.go:2847.98,2850.16 3 2
github.com/IBM/eventstreams-go-sdk/pkg/adminrestv1/adminrest_v1.go:2853.2,2854.16 2 2
github.com/IBM/eventstreams-go-sdk/pkg/adminrestv1/adminrest_v1.go:2857.2,2858.16 2 2
github.com/IBM/eventstreams-go-sdk/pkg/adminrestv1/adminrest_v1.go:2861.2,2862.16 2 2
github.com/IBM/eventstreams-go-sdk/pkg/adminrestv1/adminrest_v1.go:2865.2,2866.8 2 2
github.com/IBM/eventstreams-go-sdk/pkg/adminrestv1/adminrest_v1.go:2850.16,2852.3 1 0
github.com/IBM/eventstreams-go-sdk/pkg/adminrestv1/adminrest_v1.go:2854.16,2856.3 1 0
github.com/IBM/eventstreams-go-sdk/pkg/adminrestv1/adminrest_v1.go:2858.16,2860.3 1 0
github.com/IBM/eventstreams-go-sdk/pkg/adminrestv1/adminrest_v1.go:2862.16,2864.3 1 0
github.com/IBM/eventstreams-go-sdk/pkg/common/headers.go:63.101,69.2 3 105
github.com/IBM/eventstreams-go-sdk/pkg/common/headers.go:71.73,73.2 1 105
github.com/IBM/eventstreams-go-sdk/pkg/common/headers.go:77.29,79.2 1 105
